#
# There is insufficient memory for the Java Runtime Environment to continue.
# Native memory allocation (mmap) failed to map 536870912 bytes for G1 virtual space
# Possible reasons:
#   The system is out of physical RAM or swap space
#   The process is running with CompressedOops enabled, and the Java Heap may be blocking the growth of the native heap
# Possible solutions:
#   Reduce memory load on the system
#   Increase physical memory or swap space
#   Check if swap backing store is full
#   Decrease Java heap size (-Xmx/-Xms)
#   Decrease number of Java threads
#   Decrease Java thread stack sizes (-Xss)
#   Set larger code cache with -XX:ReservedCodeCacheSize=
#   JVM is running with Zero Based Compressed Oops mode in which the Java heap is
#     placed in the first 32GB address space. The Java Heap base address is the
#     maximum limit for the native heap growth. Please use -XX:HeapBaseMinAddress
#     to set the Java Heap base and to place the Java Heap above 32GB virtual address.
# This output file may be truncated or incomplete.
#
#  Out of Memory Error (os_windows.cpp:3769), pid=17832, tid=30084
#
# JRE version:  (17.0.6) (build )
# Java VM: OpenJDK 64-Bit Server VM (17.0.6+0-b2043.56-10027231, mixed mode, sharing, tiered, compressed oops, compressed class ptrs, g1 gc, windows-amd64)
# No core dump will be written. Minidumps are not enabled by default on client versions of Windows
#

---------------  S U M M A R Y ------------

Command Line: git4idea.http.GitAskPassApp Username for 'https://github.com': 

Host: AMD Ryzen 5 3600X 6-Core Processor             , 12 cores, 31G,  Windows 10 , 64 bit Build 19041 (10.0.19041.3636)
Time: Fri Feb 23 23:12:56 2024  Windows 10 , 64 bit Build 19041 (10.0.19041.3636) elapsed time: 0.007691 seconds (0d 0h 0m 0s)

---------------  T H R E A D  ---------------

Current thread (0x00000154fe6b34d0):  JavaThread "Unknown thread" [_thread_in_vm, id=30084, stack(0x00000034d1300000,0x00000034d1400000)]

Stack: [0x00000034d1300000,0x00000034d1400000]
Native frames: (J=compiled Java code, j=interpreted, Vv=VM code, C=native code)
V  [jvm.dll+0x683c9a]
V  [jvm.dll+0x8427a4]
V  [jvm.dll+0x843f9e]
V  [jvm.dll+0x844603]
V  [jvm.dll+0x249b75]
V  [jvm.dll+0x680b69]
V  [jvm.dll+0x67505a]
V  [jvm.dll+0x309acb]
V  [jvm.dll+0x310f86]
V  [jvm.dll+0x3608ee]
V  [jvm.dll+0x360b1f]
V  [jvm.dll+0x2dfbf8]
V  [jvm.dll+0x2e0b64]
V  [jvm.dll+0x814091]
V  [jvm.dll+0x36e6a1]
V  [jvm.dll+0x7f35cc]
V  [jvm.dll+0x3f0e8f]
V  [jvm.dll+0x3f29d1]
C  [jli.dll+0x526b]
C  [ucrtbase.dll+0x21bb2]
C  [KERNEL32.DLL+0x17344]
C  [ntdll.dll+0x526b1]


---------------  P R O C E S S  ---------------

Threads class SMR info:
_java_thread_list=0x00007ffd5cd7c058, length=0, elements={
}

Java Threads: ( => current thread )

Other Threads:
  0x00000154fe75ee30 GCTaskThread "GC Thread#0" [stack: 0x00000034d1400000,0x00000034d1500000] [id=21380]
  0x00000154fe76fcf0 ConcurrentGCThread "G1 Main Marker" [stack: 0x00000034d1500000,0x00000034d1600000] [id=11272]
  0x00000154fe770eb0 ConcurrentGCThread "G1 Conc#0" [stack: 0x00000034d1600000,0x00000034d1700000] [id=32]

[error occurred during error reporting (printing all threads), id 0xc0000005, EXCEPTION_ACCESS_VIOLATION (0xc0000005) at pc=0x00007ffd5c530797]

VM state: not at safepoint (not fully initialized)

VM Mutex/Monitor currently owned by a thread:  ([mutex/lock_event])
[0x00000154fe6aeaa0] Heap_lock - owner thread: 0x00000154fe6b34d0

Heap address: 0x0000000601000000, size: 8176 MB, Compressed Oops mode: Zero based, Oop shift amount: 3

CDS archive(s) mapped at: [0x0000000000000000-0x0000000000000000-0x0000000000000000), size 0, SharedBaseAddress: 0x0000000800000000, ArchiveRelocationMode: 0.
Narrow klass base: 0x0000000000000000, Narrow klass shift: 0, Narrow klass range: 0x0

GC Precious Log:
<Empty>

Heap:
 garbage-first heap   total 0K, used 0K [0x0000000601000000, 0x0000000800000000)
  region size 4096K, 0 young (0K), 0 survivors (0K)

[error occurred during error reporting (printing heap information), id 0xc0000005, EXCEPTION_ACCESS_VIOLATION (0xc0000005) at pc=0x00007ffd5c91da89]

GC Heap History (0 events):
No events

Dll operation events (1 events):
Event: 0.005 Loaded shared library A:\Program Files\Android\Android\jbr\bin\java.dll

Deoptimization events (0 events):
No events

Classes unloaded (0 events):
No events

Classes redefined (0 events):
No events

Internal exceptions (0 events):
No events

VM Operations (0 events):
No events

Events (0 events):
No events


Dynamic libraries:
0x00007ff63a510000 - 0x00007ff63a51a000 	A:\Program Files\Android\Android\jbr\bin\java.exe
0x00007ffdba6f0000 - 0x00007ffdba8e8000 	C:\WINDOWS\SYSTEM32\ntdll.dll
0x00007ffdb9d90000 - 0x00007ffdb9e4d000 	C:\WINDOWS\System32\KERNEL32.DLL
0x00007ffdb8270000 - 0x00007ffdb8566000 	C:\WINDOWS\System32\KERNELBASE.dll
0x00007ffdb7db0000 - 0x00007ffdb7eb0000 	C:\WINDOWS\System32\ucrtbase.dll
0x00007ffda12d0000 - 0x00007ffda12e7000 	A:\Program Files\Android\Android\jbr\bin\jli.dll
0x00007ffdb09d0000 - 0x00007ffdb09eb000 	A:\Program Files\Android\Android\jbr\bin\VCRUNTIME140.dll
0x00007ffd98140000 - 0x00007ffd983da000 	C:\WINDOWS\WinSxS\amd64_microsoft.windows.common-controls_6595b64144ccf1df_6.0.19041.3636_none_60b6a03d71f818d5\COMCTL32.dll
0x00007ffdb8820000 - 0x00007ffdb89be000 	C:\WINDOWS\System32\USER32.dll
0x00007ffdb8730000 - 0x00007ffdb87ce000 	C:\WINDOWS\System32\msvcrt.dll
0x00007ffdb86d0000 - 0x00007ffdb86f2000 	C:\WINDOWS\System32\win32u.dll
0x00007ffdb9090000 - 0x00007ffdb90bb000 	C:\WINDOWS\System32\GDI32.dll
0x00007ffdb80e0000 - 0x00007ffdb81f7000 	C:\WINDOWS\System32\gdi32full.dll
0x00007ffdb7f40000 - 0x00007ffdb7fdd000 	C:\WINDOWS\System32\msvcp_win.dll
0x00007ffdb87d0000 - 0x00007ffdb8802000 	C:\WINDOWS\System32\IMM32.DLL
0x00007ffdb0a90000 - 0x00007ffdb0a9c000 	A:\Program Files\Android\Android\jbr\bin\vcruntime140_1.dll
0x00007ffd9f5a0000 - 0x00007ffd9f62d000 	A:\Program Files\Android\Android\jbr\bin\msvcp140.dll
0x00007ffd5c240000 - 0x00007ffd5ceae000 	A:\Program Files\Android\Android\jbr\bin\server\jvm.dll
0x00007ffdb8af0000 - 0x00007ffdb8ba3000 	C:\WINDOWS\System32\ADVAPI32.dll
0x00007ffdb9c20000 - 0x00007ffdb9cbf000 	C:\WINDOWS\System32\sechost.dll
0x00007ffdb89c0000 - 0x00007ffdb8ae6000 	C:\WINDOWS\System32\RPCRT4.dll
0x00007ffdb8700000 - 0x00007ffdb8727000 	C:\WINDOWS\System32\bcrypt.dll
0x00007ffdb5560000 - 0x00007ffdb5569000 	C:\WINDOWS\SYSTEM32\WSOCK32.dll
0x00007ffdb1120000 - 0x00007ffdb112a000 	C:\WINDOWS\SYSTEM32\VERSION.dll
0x00007ffda4610000 - 0x00007ffda4637000 	C:\WINDOWS\SYSTEM32\WINMM.dll
0x00007ffdb9530000 - 0x00007ffdb959b000 	C:\WINDOWS\System32\WS2_32.dll
0x00007ffdb5ba0000 - 0x00007ffdb5bb2000 	C:\WINDOWS\SYSTEM32\kernel.appcore.dll
0x00007ffdb36a0000 - 0x00007ffdb36aa000 	A:\Program Files\Android\Android\jbr\bin\jimage.dll
0x00007ffdafa60000 - 0x00007ffdafc44000 	C:\WINDOWS\SYSTEM32\DBGHELP.DLL
0x00007ffdaf830000 - 0x00007ffdaf864000 	C:\WINDOWS\SYSTEM32\dbgcore.DLL
0x00007ffdb7eb0000 - 0x00007ffdb7f32000 	C:\WINDOWS\System32\bcryptPrimitives.dll
0x00007ffdae450000 - 0x00007ffdae475000 	A:\Program Files\Android\Android\jbr\bin\java.dll

dbghelp: loaded successfully - version: 4.0.5 - missing functions: none
symbol engine: initialized successfully - sym options: 0x614 - pdb path: .;A:\Program Files\Android\Android\jbr\bin;C:\WINDOWS\SYSTEM32;C:\WINDOWS\WinSxS\amd64_microsoft.windows.common-controls_6595b64144ccf1df_6.0.19041.3636_none_60b6a03d71f818d5;A:\Program Files\Android\Android\jbr\bin\server

VM Arguments:
java_command: git4idea.http.GitAskPassApp Username for 'https://github.com': 
java_class_path (initial): A:/Program Files/Android/Android/plugins/vcs-git/lib/git4idea-rt.jar;A:/Program Files/Android/Android/lib/externalProcess-rt.jar;A:/Program Files/Android/Android/lib/app.jar;A:/Program Files/Android/Android/lib/3rd-party-rt.jar
Launcher Type: SUN_STANDARD

[Global flags]
     intx CICompilerCount                          = 4                                         {product} {ergonomic}
     uint ConcGCThreads                            = 3                                         {product} {ergonomic}
     uint G1ConcRefinementThreads                  = 10                                        {product} {ergonomic}
   size_t G1HeapRegionSize                         = 4194304                                   {product} {ergonomic}
    uintx GCDrainStackTargetSize                   = 64                                        {product} {ergonomic}
   size_t InitialHeapSize                          = 536870912                                 {product} {ergonomic}
   size_t MarkStackSize                            = 4194304                                   {product} {ergonomic}
   size_t MaxHeapSize                              = 8573157376                                {product} {ergonomic}
   size_t MinHeapDeltaBytes                        = 4194304                                   {product} {ergonomic}
   size_t MinHeapSize                              = 8388608                                   {product} {ergonomic}
    uintx NonNMethodCodeHeapSize                   = 5839372                                {pd product} {ergonomic}
    uintx NonProfiledCodeHeapSize                  = 122909434                              {pd product} {ergonomic}
    uintx ProfiledCodeHeapSize                     = 122909434                              {pd product} {ergonomic}
    uintx ReservedCodeCacheSize                    = 251658240                              {pd product} {ergonomic}
     bool SegmentedCodeCache                       = true                                      {product} {ergonomic}
   size_t SoftMaxHeapSize                          = 8573157376                             {manageable} {ergonomic}
     bool UseCompressedClassPointers               = true                           {product lp64_product} {ergonomic}
     bool UseCompressedOops                        = true                           {product lp64_product} {ergonomic}
     bool UseG1GC                                  = true                                      {product} {ergonomic}
     bool UseLargePagesIndividualAllocation        = false                                  {pd product} {ergonomic}

Logging:
Log output configuration:
 #0: stdout all=warning uptime,level,tags
 #1: stderr all=off uptime,level,tags

Environment Variables:
JAVA_HOME=C:\Program Files\Java\jdk-19
PATH=C:/Program Files/Git/mingw64/libexec/git-core;C:/Program Files/Git/mingw64/libexec/git-core;C:\Program Files\Git\mingw64\bin;C:\Program Files\Git\usr\bin;C:\Users\zaq86\bin;C:\Program Files\Common Files\Oracle\Java\javapath;C:\WINDOWS\system32;C:\WINDOWS;C:\WINDOWS\System32\Wbem;C:\WINDOWS\System32\WindowsPowerShell\v1.0\;C:\WINDOWS\System32\OpenSSH\;C:\Program Files\Bandizip\;C:\Program Files (x86)\NVIDIA Corporation\PhysX\Common;C:\Program Files\NVIDIA Corporation\NVIDIA NvDLISR;C:\Program Files (x86)\GtkSharp\2.12\bin;C:\Program Files\nodejs\;C:\Program Files\dotnet\;C:\Program Files\gs\gs10.01.2\bin;C:\Program Files\Git\cmd;%JAVA_HOME%\bin;D:\kotlinc\bin;A:\Program Files\Java\jdk-15\bin;C:\Users\zaq86\AppData\Local\Programs\Python\Launcher\;C:\Users\zaq86\AppData\Local\Microsoft\WindowsApps;C:\Users\zaq86\AppData\Roaming\npm;C:\Users\zaq86\AppData\Local\Programs\Microsoft VS Code\bin;C:\Users\zaq86\.dotnet\tools;C:\Users\zaq86\AppData\Local\afreeca;C:\Users\zaq86\AppData\Local\GitHubDesktop\bin
USERNAME=zaq86
DISPLAY=:0.0
LC_ALL=en_US.UTF-8
TERM=xterm-256color
TMPDIR=C:\Users\zaq86\AppData\Local\Temp
OS=Windows_NT
PROCESSOR_IDENTIFIER=AMD64 Family 23 Model 113 Stepping 0, AuthenticAMD
TMP=C:\Users\zaq86\AppData\Local\Temp
TEMP=C:\Users\zaq86\AppData\Local\Temp


JNI global refs:

[error occurred during error reporting (JNI global references), id 0xc0000005, EXCEPTION_ACCESS_VIOLATION (0xc0000005) at pc=0x00007ffd5c2f7a10]


---------------  S Y S T E M  ---------------

OS:
 Windows 10 , 64 bit Build 19041 (10.0.19041.3636)
OS uptime: 6 days 22:45 hours

CPU: total 12 (initial active 12) (12 cores per cpu, 2 threads per core) family 23 model 113 stepping 0 microcode 0x0, cx8, cmov, fxsr, ht, mmx, 3dnowpref, sse, sse2, sse3, ssse3, sse4a, sse4.1, sse4.2, popcnt, lzcnt, tsc, tscinvbit, avx, avx2, aes, clmul, bmi1, bmi2, adx, sha, fma, vzeroupper, clflush, clflushopt

Memory: 4k page, system-wide physical 32693M (3695M free)
TotalPageFile size 49077M (AvailPageFile size 423M)
current process WorkingSet (physical memory assigned to process): 10M, peak: 10M
current process commit charge ("private bytes"): 64M, peak: 576M

vm_info: OpenJDK 64-Bit Server VM (17.0.6+0-b2043.56-10027231) for windows-amd64 JRE (17.0.6+0-b2043.56-10027231), built on Apr 28 2023 00:43:19 by "androidbuild" with MS VC++ 16.10 / 16.11 (VS2019)

END.
