#
# There is insufficient memory for the Java Runtime Environment to continue.
# Native memory allocation (malloc) failed to allocate 1239584 bytes for Chunk::new
# Possible reasons:
#   The system is out of physical RAM or swap space
#   The process is running with CompressedOops enabled, and the Java Heap may be blocking the growth of the native heap
# Possible solutions:
#   Reduce memory load on the system
#   Increase physical memory or swap space
#   Check if swap backing store is full
#   Decrease Java heap size (-Xmx/-Xms)
#   Decrease number of Java threads
#   Decrease Java thread stack sizes (-Xss)
#   Set larger code cache with -XX:ReservedCodeCacheSize=
#   JVM is running with Zero Based Compressed Oops mode in which the Java heap is
#     placed in the first 32GB address space. The Java Heap base address is the
#     maximum limit for the native heap growth. Please use -XX:HeapBaseMinAddress
#     to set the Java Heap base and to place the Java Heap above 32GB virtual address.
# This output file may be truncated or incomplete.
#
#  Out of Memory Error (arena.cpp:191), pid=10092, tid=24548
#
# JRE version: OpenJDK Runtime Environment (17.0.9) (build 17.0.9+0--11185874)
# Java VM: OpenJDK 64-Bit Server VM (17.0.9+0--11185874, mixed mode, tiered, compressed oops, compressed class ptrs, g1 gc, windows-amd64)
# No core dump will be written. Minidumps are not enabled by default on client versions of Windows
#

---------------  S U M M A R Y ------------

Command Line: org.jetbrains.kotlin.cli.jvm.K2JVMCompiler @A:\Android Project\CoLink\app\build\20240315_3260835735983979377.compiler.options

Host: AMD Ryzen 5 3600X 6-Core Processor             , 12 cores, 31G,  Windows 10 , 64 bit Build 19041 (10.0.19041.3636)
Time: Fri Mar 15 19:08:31 2024  Windows 10 , 64 bit Build 19041 (10.0.19041.3636) elapsed time: 11.216310 seconds (0d 0h 0m 11s)

---------------  T H R E A D  ---------------

Current thread (0x0000028ec6412660):  JavaThread "C2 CompilerThread0" daemon [_thread_in_native, id=24548, stack(0x000000df89900000,0x000000df89a00000)]


Current CompileTask:
C2:  11216 13029       4       org.jetbrains.kotlin.types.TypeSubstitutor::unsafeSubstitute (793 bytes)

Stack: [0x000000df89900000,0x000000df89a00000]
Native frames: (J=compiled Java code, j=interpreted, Vv=VM code, C=native code)
V  [jvm.dll+0x6886e9]
V  [jvm.dll+0x841e4a]
V  [jvm.dll+0x843a8e]
V  [jvm.dll+0x8440f3]
V  [jvm.dll+0x24c14f]
V  [jvm.dll+0xac44c]
V  [jvm.dll+0xaca9c]
V  [jvm.dll+0x36c1f7]
V  [jvm.dll+0x1be4b6]
V  [jvm.dll+0x21df09]
V  [jvm.dll+0x21d1d1]
V  [jvm.dll+0x1a674d]
V  [jvm.dll+0x22d088]
V  [jvm.dll+0x22b1c0]
V  [jvm.dll+0x7f62f7]
V  [jvm.dll+0x7f06aa]
V  [jvm.dll+0x687565]
C  [ucrtbase.dll+0x21bb2]
C  [KERNEL32.DLL+0x17344]
C  [ntdll.dll+0x526b1]


---------------  P R O C E S S  ---------------

Threads class SMR info:
_java_thread_list=0x0000028ecb82f110, length=14, elements={
0x0000028e9bcbee80, 0x0000028ec63bf260, 0x0000028ec63c00e0, 0x0000028ec63d01f0,
0x0000028ec63d1fd0, 0x0000028ec63d2a90, 0x0000028ec63d3450, 0x0000028ec6412660,
0x0000028ec6413020, 0x0000028ec6416040, 0x0000028ec65734f0, 0x0000028ec6586ab0,
0x0000028ec6674eb0, 0x0000028ecba6fd30
}

Java Threads: ( => current thread )
  0x0000028e9bcbee80 JavaThread "main" [_thread_in_Java, id=11636, stack(0x000000df88c00000,0x000000df88d00000)]
  0x0000028ec63bf260 JavaThread "Reference Handler" daemon [_thread_blocked, id=2992, stack(0x000000df89300000,0x000000df89400000)]
  0x0000028ec63c00e0 JavaThread "Finalizer" daemon [_thread_blocked, id=16032, stack(0x000000df89400000,0x000000df89500000)]
  0x0000028ec63d01f0 JavaThread "Signal Dispatcher" daemon [_thread_blocked, id=31200, stack(0x000000df89500000,0x000000df89600000)]
  0x0000028ec63d1fd0 JavaThread "Attach Listener" daemon [_thread_blocked, id=27652, stack(0x000000df89600000,0x000000df89700000)]
  0x0000028ec63d2a90 JavaThread "Service Thread" daemon [_thread_blocked, id=10504, stack(0x000000df89700000,0x000000df89800000)]
  0x0000028ec63d3450 JavaThread "Monitor Deflation Thread" daemon [_thread_blocked, id=22176, stack(0x000000df89800000,0x000000df89900000)]
=>0x0000028ec6412660 JavaThread "C2 CompilerThread0" daemon [_thread_in_native, id=24548, stack(0x000000df89900000,0x000000df89a00000)]
  0x0000028ec6413020 JavaThread "C1 CompilerThread0" daemon [_thread_in_native, id=1420, stack(0x000000df89a00000,0x000000df89b00000)]
  0x0000028ec6416040 JavaThread "Sweeper thread" daemon [_thread_blocked, id=15100, stack(0x000000df89b00000,0x000000df89c00000)]
  0x0000028ec65734f0 JavaThread "Notification Thread" daemon [_thread_blocked, id=26240, stack(0x000000df89c00000,0x000000df89d00000)]
  0x0000028ec6586ab0 JavaThread "Common-Cleaner" daemon [_thread_blocked, id=35456, stack(0x000000df89e00000,0x000000df89f00000)]
  0x0000028ec6674eb0 JavaThread "C2 CompilerThread1" daemon [_thread_in_native, id=15864, stack(0x000000df89f00000,0x000000df8a000000)]
  0x0000028ecba6fd30 JavaThread "C2 CompilerThread2" daemon [_thread_in_native, id=36924, stack(0x000000df8ab00000,0x000000df8ac00000)]

Other Threads:
  0x0000028ec6399630 VMThread "VM Thread" [stack: 0x000000df89200000,0x000000df89300000] [id=11116]
  0x0000028ec6573dd0 WatcherThread [stack: 0x000000df89d00000,0x000000df89e00000] [id=33444]
  0x0000028e9bd6d540 GCTaskThread "GC Thread#0" [stack: 0x000000df88d00000,0x000000df88e00000] [id=2800]
  0x0000028ecb44cd80 GCTaskThread "GC Thread#1" [stack: 0x000000df8a000000,0x000000df8a100000] [id=24140]
  0x0000028ecb44d040 GCTaskThread "GC Thread#2" [stack: 0x000000df8a100000,0x000000df8a200000] [id=21764]
  0x0000028ecb44d300 GCTaskThread "GC Thread#3" [stack: 0x000000df8a200000,0x000000df8a300000] [id=18300]
  0x0000028ecb3b4fc0 GCTaskThread "GC Thread#4" [stack: 0x000000df8a300000,0x000000df8a400000] [id=15708]
  0x0000028ecb3b5690 GCTaskThread "GC Thread#5" [stack: 0x000000df8a400000,0x000000df8a500000] [id=30076]
  0x0000028ecb3b5d60 GCTaskThread "GC Thread#6" [stack: 0x000000df8a500000,0x000000df8a600000] [id=8052]
  0x0000028ecb3b6020 GCTaskThread "GC Thread#7" [stack: 0x000000df8a600000,0x000000df8a700000] [id=332]
  0x0000028ecb4ab670 GCTaskThread "GC Thread#8" [stack: 0x000000df8a700000,0x000000df8a800000] [id=13304]
  0x0000028ecb4abb40 GCTaskThread "GC Thread#9" [stack: 0x000000df8a800000,0x000000df8a900000] [id=19020]
  0x0000028e9bd7e410 ConcurrentGCThread "G1 Main Marker" [stack: 0x000000df88e00000,0x000000df88f00000] [id=2076]
  0x0000028ec3630080 ConcurrentGCThread "G1 Conc#0" [stack: 0x000000df88f00000,0x000000df89000000] [id=15632]
  0x0000028ecb7236a0 ConcurrentGCThread "G1 Conc#1" [stack: 0x000000df8a900000,0x000000df8aa00000] [id=2484]
  0x0000028ecb93fda0 ConcurrentGCThread "G1 Conc#2" [stack: 0x000000df8aa00000,0x000000df8ab00000] [id=10788]
  0x0000028ec373d8d0 ConcurrentGCThread "G1 Refine#0" [stack: 0x000000df89000000,0x000000df89100000] [id=7464]
  0x0000028ecd142ee0 ConcurrentGCThread "G1 Refine#1" [stack: 0x000000df8ac00000,0x000000df8ad00000] [id=5456]
  0x0000028ece6fcf30 ConcurrentGCThread "G1 Refine#2" [stack: 0x000000df8ad00000,0x000000df8ae00000] [id=4748]
  0x0000028ecd7c3430 ConcurrentGCThread "G1 Refine#3" [stack: 0x000000df8ae00000,0x000000df8af00000] [id=37132]
  0x0000028ed0129900 ConcurrentGCThread "G1 Refine#4" [stack: 0x000000df8af00000,0x000000df8b000000] [id=25236]
  0x0000028ed0753810 ConcurrentGCThread "G1 Refine#5" [stack: 0x000000df8b000000,0x000000df8b100000] [id=30936]
  0x0000028ecf240e70 ConcurrentGCThread "G1 Refine#6" [stack: 0x000000df8b100000,0x000000df8b200000] [id=27568]
  0x0000028ecdfbbf20 ConcurrentGCThread "G1 Refine#7" [stack: 0x000000df8b200000,0x000000df8b300000] [id=33312]
  0x0000028ec373e300 ConcurrentGCThread "G1 Service" [stack: 0x000000df89100000,0x000000df89200000] [id=36076]

Threads with active compile tasks:
C2 CompilerThread0    11226 13029       4       org.jetbrains.kotlin.types.TypeSubstitutor::unsafeSubstitute (793 bytes)
C2 CompilerThread1    11226 13106       4       org.jetbrains.kotlin.types.AbstractTypeChecker::isSubtypeOf (46 bytes)
C2 CompilerThread2    11226 13115       4       org.jetbrains.kotlin.resolve.calls.tower.MemberScopeTowerLevel::recordLookup (57 bytes)

VM state: not at safepoint (normal execution)

VM Mutex/Monitor currently owned by a thread: None

Heap address: 0x0000000601000000, size: 8176 MB, Compressed Oops mode: Zero based, Oop shift amount: 3

CDS archive(s) not mapped
Compressed class space mapped at: 0x0000000800000000-0x0000000840000000, reserved size: 1073741824
Narrow klass base: 0x0000000800000000, Narrow klass shift: 0, Narrow klass range: 0x40000000

GC Precious Log:
 CPUs: 12 total, 12 available
 Memory: 32693M
 Large Page Support: Disabled
 NUMA Support: Disabled
 Compressed Oops: Enabled (Zero based)
 Heap Region Size: 4M
 Heap Min Capacity: 8M
 Heap Initial Capacity: 512M
 Heap Max Capacity: 8176M
 Pre-touch: Disabled
 Parallel Workers: 10
 Concurrent Workers: 3
 Concurrent Refinement Workers: 10
 Periodic GC: Disabled

Heap:
 garbage-first heap   total 245760K, used 148387K [0x0000000601000000, 0x0000000800000000)
  region size 4096K, 18 young (73728K), 3 survivors (12288K)
 Metaspace       used 71493K, committed 71808K, reserved 1114112K
  class space    used 8108K, committed 8256K, reserved 1048576K

Heap Regions: E=young(eden), S=young(survivor), O=old, HS=humongous(starts), HC=humongous(continues), CS=collection set, F=free, OA=open archive, CA=closed archive, TAMS=top-at-mark-start (previous, next)
|   0|0x0000000601000000, 0x0000000601400000, 0x0000000601400000|100%|HS|  |TAMS 0x0000000601400000, 0x0000000601000000| Complete 
|   1|0x0000000601400000, 0x0000000601800000, 0x0000000601800000|100%| O|  |TAMS 0x0000000601800000, 0x0000000601400000| Untracked 
|   2|0x0000000601800000, 0x0000000601c00000, 0x0000000601c00000|100%| O|  |TAMS 0x0000000601c00000, 0x0000000601800000| Untracked 
|   3|0x0000000601c00000, 0x0000000602000000, 0x0000000602000000|100%| O|  |TAMS 0x0000000602000000, 0x0000000601c00000| Untracked 
|   4|0x0000000602000000, 0x0000000602400000, 0x0000000602400000|100%| O|  |TAMS 0x0000000602400000, 0x0000000602000000| Untracked 
|   5|0x0000000602400000, 0x0000000602800000, 0x0000000602800000|100%| O|  |TAMS 0x0000000602800000, 0x0000000602400000| Untracked 
|   6|0x0000000602800000, 0x0000000602c00000, 0x0000000602c00000|100%| O|  |TAMS 0x0000000602c00000, 0x0000000602800000| Untracked 
|   7|0x0000000602c00000, 0x0000000602dfe600, 0x0000000603000000| 49%| O|  |TAMS 0x0000000602dfe600, 0x0000000602c00000| Untracked 
|   8|0x0000000603000000, 0x0000000603400000, 0x0000000603400000|100%| O|  |TAMS 0x0000000603400000, 0x0000000603000000| Untracked 
|   9|0x0000000603400000, 0x0000000603800000, 0x0000000603800000|100%| O|  |TAMS 0x00000006036ec608, 0x0000000603400000| Untracked 
|  10|0x0000000603800000, 0x000000060389d200, 0x0000000603c00000| 15%| O|  |TAMS 0x0000000603800000, 0x0000000603800000| Untracked 
|  11|0x0000000603c00000, 0x0000000604000000, 0x0000000604000000|100%| O|  |TAMS 0x0000000604000000, 0x0000000603c00000| Untracked 
|  12|0x0000000604000000, 0x0000000604400000, 0x0000000604400000|100%| O|  |TAMS 0x0000000604000000, 0x0000000604000000| Untracked 
|  13|0x0000000604400000, 0x0000000604800000, 0x0000000604800000|100%| O|  |TAMS 0x0000000604400000, 0x0000000604400000| Untracked 
|  14|0x0000000604800000, 0x0000000604c00000, 0x0000000604c00000|100%| O|  |TAMS 0x0000000604800000, 0x0000000604800000| Untracked 
|  15|0x0000000604c00000, 0x0000000605000000, 0x0000000605000000|100%| O|  |TAMS 0x0000000604c00000, 0x0000000604c00000| Untracked 
|  16|0x0000000605000000, 0x0000000605400000, 0x0000000605400000|100%| O|  |TAMS 0x0000000605000000, 0x0000000605000000| Untracked 
|  17|0x0000000605400000, 0x0000000605800000, 0x0000000605800000|100%| O|  |TAMS 0x0000000605400000, 0x0000000605400000| Untracked 
|  18|0x0000000605800000, 0x0000000605c00000, 0x0000000605c00000|100%| O|  |TAMS 0x0000000605800000, 0x0000000605800000| Untracked 
|  19|0x0000000605c00000, 0x0000000605c00000, 0x0000000606000000|  0%| F|  |TAMS 0x0000000605c00000, 0x0000000605c00000| Untracked 
|  20|0x0000000606000000, 0x0000000606000000, 0x0000000606400000|  0%| F|  |TAMS 0x0000000606000000, 0x0000000606000000| Untracked 
|  21|0x0000000606400000, 0x0000000606400000, 0x0000000606800000|  0%| F|  |TAMS 0x0000000606400000, 0x0000000606400000| Untracked 
|  22|0x0000000606800000, 0x0000000606800000, 0x0000000606c00000|  0%| F|  |TAMS 0x0000000606800000, 0x0000000606800000| Untracked 
|  23|0x0000000606c00000, 0x0000000606c00000, 0x0000000607000000|  0%| F|  |TAMS 0x0000000606c00000, 0x0000000606c00000| Untracked 
|  24|0x0000000607000000, 0x0000000607400000, 0x0000000607400000|100%| O|  |TAMS 0x0000000607000000, 0x0000000607000000| Untracked 
|  25|0x0000000607400000, 0x0000000607789200, 0x0000000607800000| 88%| O|  |TAMS 0x0000000607400000, 0x0000000607400000| Untracked 
|  26|0x0000000607800000, 0x0000000607800000, 0x0000000607c00000|  0%| F|  |TAMS 0x0000000607800000, 0x0000000607800000| Untracked 
|  27|0x0000000607c00000, 0x0000000607c00000, 0x0000000608000000|  0%| F|  |TAMS 0x0000000607c00000, 0x0000000607c00000| Untracked 
|  28|0x0000000608000000, 0x0000000608000000, 0x0000000608400000|  0%| F|  |TAMS 0x0000000608000000, 0x0000000608000000| Untracked 
|  29|0x0000000608400000, 0x0000000608400000, 0x0000000608800000|  0%| F|  |TAMS 0x0000000608400000, 0x0000000608400000| Untracked 
|  30|0x0000000608800000, 0x0000000608800000, 0x0000000608c00000|  0%| F|  |TAMS 0x0000000608800000, 0x0000000608800000| Untracked 
|  31|0x0000000608c00000, 0x0000000608c00000, 0x0000000609000000|  0%| F|  |TAMS 0x0000000608c00000, 0x0000000608c00000| Untracked 
|  32|0x0000000609000000, 0x0000000609000000, 0x0000000609400000|  0%| F|  |TAMS 0x0000000609000000, 0x0000000609000000| Untracked 
|  33|0x0000000609400000, 0x0000000609400000, 0x0000000609800000|  0%| F|  |TAMS 0x0000000609400000, 0x0000000609400000| Untracked 
|  34|0x0000000609800000, 0x0000000609800000, 0x0000000609c00000|  0%| F|  |TAMS 0x0000000609800000, 0x0000000609800000| Untracked 
|  35|0x0000000609c00000, 0x0000000609c00000, 0x000000060a000000|  0%| F|  |TAMS 0x0000000609c00000, 0x0000000609c00000| Untracked 
|  36|0x000000060a000000, 0x000000060a2c44d0, 0x000000060a400000| 69%| S|CS|TAMS 0x000000060a000000, 0x000000060a000000| Complete 
|  37|0x000000060a400000, 0x000000060a800000, 0x000000060a800000|100%| S|CS|TAMS 0x000000060a400000, 0x000000060a400000| Complete 
|  38|0x000000060a800000, 0x000000060ac00000, 0x000000060ac00000|100%| S|CS|TAMS 0x000000060a800000, 0x000000060a800000| Complete 
|  39|0x000000060ac00000, 0x000000060ac00000, 0x000000060b000000|  0%| F|  |TAMS 0x000000060ac00000, 0x000000060ac00000| Untracked 
|  40|0x000000060b000000, 0x000000060b000000, 0x000000060b400000|  0%| F|  |TAMS 0x000000060b000000, 0x000000060b000000| Untracked 
|  41|0x000000060b400000, 0x000000060b400000, 0x000000060b800000|  0%| F|  |TAMS 0x000000060b400000, 0x000000060b400000| Untracked 
|  42|0x000000060b800000, 0x000000060b800000, 0x000000060bc00000|  0%| F|  |TAMS 0x000000060b800000, 0x000000060b800000| Untracked 
|  43|0x000000060bc00000, 0x000000060bc00000, 0x000000060c000000|  0%| F|  |TAMS 0x000000060bc00000, 0x000000060bc00000| Untracked 
|  44|0x000000060c000000, 0x000000060c000000, 0x000000060c400000|  0%| F|  |TAMS 0x000000060c000000, 0x000000060c000000| Untracked 
|  45|0x000000060c400000, 0x000000060c752148, 0x000000060c800000| 83%| E|  |TAMS 0x000000060c400000, 0x000000060c400000| Complete 
|  46|0x000000060c800000, 0x000000060cc00000, 0x000000060cc00000|100%| E|CS|TAMS 0x000000060c800000, 0x000000060c800000| Complete 
|  47|0x000000060cc00000, 0x000000060d000000, 0x000000060d000000|100%| E|CS|TAMS 0x000000060cc00000, 0x000000060cc00000| Complete 
|  48|0x000000060d000000, 0x000000060d400000, 0x000000060d400000|100%| E|CS|TAMS 0x000000060d000000, 0x000000060d000000| Complete 
|  49|0x000000060d400000, 0x000000060d800000, 0x000000060d800000|100%| E|CS|TAMS 0x000000060d400000, 0x000000060d400000| Complete 
|  50|0x000000060d800000, 0x000000060dc00000, 0x000000060dc00000|100%| E|CS|TAMS 0x000000060d800000, 0x000000060d800000| Complete 
|  51|0x000000060dc00000, 0x000000060e000000, 0x000000060e000000|100%| E|CS|TAMS 0x000000060dc00000, 0x000000060dc00000| Complete 
|  52|0x000000060e000000, 0x000000060e400000, 0x000000060e400000|100%| E|CS|TAMS 0x000000060e000000, 0x000000060e000000| Complete 
|  53|0x000000060e400000, 0x000000060e800000, 0x000000060e800000|100%| E|CS|TAMS 0x000000060e400000, 0x000000060e400000| Complete 
|  54|0x000000060e800000, 0x000000060ec00000, 0x000000060ec00000|100%| E|CS|TAMS 0x000000060e800000, 0x000000060e800000| Complete 
|  55|0x000000060ec00000, 0x000000060f000000, 0x000000060f000000|100%| E|CS|TAMS 0x000000060ec00000, 0x000000060ec00000| Complete 
|  56|0x000000060f000000, 0x000000060f400000, 0x000000060f400000|100%| E|CS|TAMS 0x000000060f000000, 0x000000060f000000| Complete 
|  57|0x000000060f400000, 0x000000060f800000, 0x000000060f800000|100%| E|CS|TAMS 0x000000060f400000, 0x000000060f400000| Complete 
|  58|0x000000060f800000, 0x000000060fc00000, 0x000000060fc00000|100%| E|CS|TAMS 0x000000060f800000, 0x000000060f800000| Complete 
| 127|0x0000000620c00000, 0x0000000621000000, 0x0000000621000000|100%| E|CS|TAMS 0x0000000620c00000, 0x0000000620c00000| Complete 

Card table byte_map: [0x0000028eb1620000,0x0000028eb2620000] _byte_map_base: 0x0000028eae618000

Marking Bits (Prev, Next): (CMBitMap*) 0x0000028e9bd6dba0, (CMBitMap*) 0x0000028e9bd6db60
 Prev Bits: [0x0000028ebb5e0000, 0x0000028ec35a0000)
 Next Bits: [0x0000028eb3620000, 0x0000028ebb5e0000)

Polling page: 0x0000028e9bd80000

Metaspace:

Usage:
  Non-class:     61.90 MB used.
      Class:      7.92 MB used.
       Both:     69.82 MB used.

Virtual space:
  Non-class space:       64.00 MB reserved,      62.06 MB ( 97%) committed,  1 nodes.
      Class space:        1.00 GB reserved,       8.06 MB ( <1%) committed,  1 nodes.
             Both:        1.06 GB reserved,      70.12 MB (  6%) committed. 

Chunk freelists:
   Non-Class:  1.45 MB
       Class:  7.98 MB
        Both:  9.43 MB

MaxMetaspaceSize: unlimited
CompressedClassSpaceSize: 1.00 GB
Initial GC threshold: 21.00 MB
Current GC threshold: 98.06 MB
CDS: off
MetaspaceReclaimPolicy: balanced
 - commit_granule_bytes: 65536.
 - commit_granule_words: 8192.
 - virtual_space_node_default_size: 8388608.
 - enlarge_chunks_in_place: 1.
 - new_chunks_are_fully_committed: 0.
 - uncommit_free_chunks: 1.
 - use_allocation_guard: 0.
 - handle_deallocations: 1.


Internal statistics:

num_allocs_failed_limit: 9.
num_arena_births: 332.
num_arena_deaths: 0.
num_vsnodes_births: 2.
num_vsnodes_deaths: 0.
num_space_committed: 1120.
num_space_uncommitted: 0.
num_chunks_returned_to_freelist: 9.
num_chunks_taken_from_freelist: 2802.
num_chunk_merges: 9.
num_chunk_splits: 2123.
num_chunks_enlarged: 1725.
num_inconsistent_stats: 0.

CodeHeap 'non-profiled nmethods': size=120000Kb used=6550Kb max_used=6550Kb free=113449Kb
 bounds [0x0000028ea8460000, 0x0000028ea8ad0000, 0x0000028eaf990000]
CodeHeap 'profiled nmethods': size=120000Kb used=34689Kb max_used=34689Kb free=85310Kb
 bounds [0x0000028ea0990000, 0x0000028ea2b80000, 0x0000028ea7ec0000]
CodeHeap 'non-nmethods': size=5760Kb used=1320Kb max_used=1400Kb free=4439Kb
 bounds [0x0000028ea7ec0000, 0x0000028ea8130000, 0x0000028ea8460000]
 total_blobs=11552 nmethods=10920 adapters=542
 compilation: enabled
              stopped_count=0, restarted_count=0
 full_count=0

Compilation events (20 events):
Event: 11.201 Thread 0x0000028ec6674eb0 13044       4       org.jetbrains.kotlin.resolve.scopes.LexicalScopeStorage::recordLookup (7 bytes)
Event: 11.202 Thread 0x0000028ec6674eb0 nmethod 13044 0x0000028ea8ac1d10 code [0x0000028ea8ac1ea0, 0x0000028ea8ac1fb8]
Event: 11.202 Thread 0x0000028ec6674eb0 13042       4       org.jetbrains.kotlin.types.checker.ClassicTypeSystemContext$DefaultImpls::getVariance (87 bytes)
Event: 11.203 Thread 0x0000028ec6674eb0 nmethod 13042 0x0000028ea8ac2190 code [0x0000028ea8ac2320, 0x0000028ea8ac2438]
Event: 11.203 Thread 0x0000028ec6674eb0 13104       4       org.jetbrains.kotlin.resolve.calls.inference.components.NewTypeSubstitutorByConstructorMap::substituteNotNullTypeWithConstructor (20 bytes)
Event: 11.203 Thread 0x0000028ec6674eb0 nmethod 13104 0x0000028ea8ac2590 code [0x0000028ea8ac2720, 0x0000028ea8ac2818]
Event: 11.203 Thread 0x0000028ec6674eb0 13103       4       org.jetbrains.kotlin.types.checker.ClassicTypeSystemContext$DefaultImpls::isStarProjection (77 bytes)
Event: 11.204 Thread 0x0000028ec6413020 13105       3       org.jetbrains.kotlin.resolve.calls.util.CallUtilKt::getValueArgumentForExpression (108 bytes)
Event: 11.204 Thread 0x0000028ec6674eb0 nmethod 13103 0x0000028ea8ac2910 code [0x0000028ea8ac2aa0, 0x0000028ea8ac2bd8]
Event: 11.204 Thread 0x0000028ec6674eb0 13064       4       org.jetbrains.kotlin.resolve.calls.inference.components.ConstraintInjector$TypeCheckerStateForConstraintInjector::extractAllConstraints (16 bytes)
Event: 11.204 Thread 0x0000028ec6413020 nmethod 13105 0x0000028ea2b5d910 code [0x0000028ea2b5dc40, 0x0000028ea2b5f0e8]
Event: 11.205 Thread 0x0000028ec6674eb0 nmethod 13064 0x0000028ea8ac2d10 code [0x0000028ea8ac2e80, 0x0000028ea8ac2f58]
Event: 11.205 Thread 0x0000028ec6413020 13107       3       org.jetbrains.kotlin.resolve.calls.checkers.DslScopeViolationCallChecker$checkCallImplicitReceiver$receiversUntilOneFromTheCall$3::invoke (9 bytes)
Event: 11.205 Thread 0x0000028ec6674eb0 13106       4       org.jetbrains.kotlin.types.AbstractTypeChecker::isSubtypeOf (46 bytes)
Event: 11.205 Thread 0x0000028ec6413020 nmethod 13107 0x0000028ea2b5f690 code [0x0000028ea2b5f8e0, 0x0000028ea2b60348]
Event: 11.205 Thread 0x0000028ec6413020 13108       3       org.jetbrains.kotlin.resolve.calls.checkers.DslScopeViolationCallChecker$checkCallImplicitReceiver$receiversUntilOneFromTheCall$3::invoke (26 bytes)
Event: 11.205 Thread 0x0000028ec6413020 nmethod 13108 0x0000028ea2b60690 code [0x0000028ea2b608e0, 0x0000028ea2b611a8]
Event: 11.209 Thread 0x0000028ec6413020 13110       3       org.jetbrains.kotlin.psi.KtBinaryExpression::getRight (48 bytes)
Event: 11.210 Thread 0x0000028ec6413020 nmethod 13110 0x0000028ea2b61490 code [0x0000028ea2b616a0, 0x0000028ea2b61fc8]
Event: 11.214 Thread 0x0000028ec6413020 13111       3       org.jetbrains.kotlin.psi.KtNamedFunction::getReceiverTypeReference (58 bytes)

GC Heap History (20 events):
Event: 1.647 GC heap before
{Heap before GC invocations=5 (full 0):
 garbage-first heap   total 57344K, used 30725K [0x0000000601000000, 0x0000000800000000)
  region size 4096K, 4 young (16384K), 1 survivors (4096K)
 Metaspace       used 28014K, committed 28224K, reserved 1114112K
  class space    used 3520K, committed 3584K, reserved 1048576K
}
Event: 1.649 GC heap after
{Heap after GC invocations=6 (full 0):
 garbage-first heap   total 57344K, used 18583K [0x0000000601000000, 0x0000000800000000)
  region size 4096K, 1 young (4096K), 1 survivors (4096K)
 Metaspace       used 28014K, committed 28224K, reserved 1114112K
  class space    used 3520K, committed 3584K, reserved 1048576K
}
Event: 1.799 GC heap before
{Heap before GC invocations=6 (full 0):
 garbage-first heap   total 57344K, used 26775K [0x0000000601000000, 0x0000000800000000)
  region size 4096K, 4 young (16384K), 1 survivors (4096K)
 Metaspace       used 29710K, committed 29888K, reserved 1114112K
  class space    used 3711K, committed 3776K, reserved 1048576K
}
Event: 1.804 GC heap after
{Heap after GC invocations=7 (full 0):
 garbage-first heap   total 57344K, used 20452K [0x0000000601000000, 0x0000000800000000)
  region size 4096K, 1 young (4096K), 1 survivors (4096K)
 Metaspace       used 29710K, committed 29888K, reserved 1114112K
  class space    used 3711K, committed 3776K, reserved 1048576K
}
Event: 1.951 GC heap before
{Heap before GC invocations=7 (full 0):
 garbage-first heap   total 57344K, used 32740K [0x0000000601000000, 0x0000000800000000)
  region size 4096K, 4 young (16384K), 1 survivors (4096K)
 Metaspace       used 32160K, committed 32384K, reserved 1114112K
  class space    used 3968K, committed 4096K, reserved 1048576K
}
Event: 1.956 GC heap after
{Heap after GC invocations=8 (full 0):
 garbage-first heap   total 290816K, used 22010K [0x0000000601000000, 0x0000000800000000)
  region size 4096K, 1 young (4096K), 1 survivors (4096K)
 Metaspace       used 32160K, committed 32384K, reserved 1114112K
  class space    used 3968K, committed 4096K, reserved 1048576K
}
Event: 2.127 GC heap before
{Heap before GC invocations=8 (full 0):
 garbage-first heap   total 290816K, used 38394K [0x0000000601000000, 0x0000000800000000)
  region size 4096K, 6 young (24576K), 1 survivors (4096K)
 Metaspace       used 35744K, committed 35968K, reserved 1114112K
  class space    used 4286K, committed 4416K, reserved 1048576K
}
Event: 2.131 GC heap after
{Heap after GC invocations=9 (full 0):
 garbage-first heap   total 290816K, used 24051K [0x0000000601000000, 0x0000000800000000)
  region size 4096K, 2 young (8192K), 2 survivors (8192K)
 Metaspace       used 35744K, committed 35968K, reserved 1114112K
  class space    used 4286K, committed 4416K, reserved 1048576K
}
Event: 2.930 GC heap before
{Heap before GC invocations=10 (full 0):
 garbage-first heap   total 110592K, used 81395K [0x0000000601000000, 0x0000000800000000)
  region size 4096K, 16 young (65536K), 2 survivors (8192K)
 Metaspace       used 41865K, committed 42048K, reserved 1114112K
  class space    used 4934K, committed 4992K, reserved 1048576K
}
Event: 2.947 GC heap after
{Heap after GC invocations=11 (full 0):
 garbage-first heap   total 110592K, used 36192K [0x0000000601000000, 0x0000000800000000)
  region size 4096K, 2 young (8192K), 2 survivors (8192K)
 Metaspace       used 41865K, committed 42048K, reserved 1114112K
  class space    used 4934K, committed 4992K, reserved 1048576K
}
Event: 3.333 GC heap before
{Heap before GC invocations=11 (full 0):
 garbage-first heap   total 110592K, used 64864K [0x0000000601000000, 0x0000000800000000)
  region size 4096K, 10 young (40960K), 2 survivors (8192K)
 Metaspace       used 46026K, committed 46336K, reserved 1114112K
  class space    used 5475K, committed 5632K, reserved 1048576K
}
Event: 3.348 GC heap after
{Heap after GC invocations=12 (full 0):
 garbage-first heap   total 110592K, used 44633K [0x0000000601000000, 0x0000000800000000)
  region size 4096K, 2 young (8192K), 2 survivors (8192K)
 Metaspace       used 46026K, committed 46336K, reserved 1114112K
  class space    used 5475K, committed 5632K, reserved 1048576K
}
Event: 3.613 GC heap before
{Heap before GC invocations=12 (full 0):
 garbage-first heap   total 110592K, used 73305K [0x0000000601000000, 0x0000000800000000)
  region size 4096K, 9 young (36864K), 2 survivors (8192K)
 Metaspace       used 47219K, committed 47488K, reserved 1114112K
  class space    used 5605K, committed 5760K, reserved 1048576K
}
Event: 3.628 GC heap after
{Heap after GC invocations=13 (full 0):
 garbage-first heap   total 319488K, used 45437K [0x0000000601000000, 0x0000000800000000)
  region size 4096K, 1 young (4096K), 1 survivors (4096K)
 Metaspace       used 47219K, committed 47488K, reserved 1114112K
  class space    used 5605K, committed 5760K, reserved 1048576K
}
Event: 6.007 GC heap before
{Heap before GC invocations=13 (full 0):
 garbage-first heap   total 319488K, used 164221K [0x0000000601000000, 0x0000000800000000)
  region size 4096K, 31 young (126976K), 1 survivors (4096K)
 Metaspace       used 59910K, committed 60160K, reserved 1114112K
  class space    used 6999K, committed 7104K, reserved 1048576K
}
Event: 6.028 GC heap after
{Heap after GC invocations=14 (full 0):
 garbage-first heap   total 319488K, used 64110K [0x0000000601000000, 0x0000000800000000)
  region size 4096K, 5 young (20480K), 5 survivors (20480K)
 Metaspace       used 59910K, committed 60160K, reserved 1114112K
  class space    used 6999K, committed 7104K, reserved 1048576K
}
Event: 8.165 GC heap before
{Heap before GC invocations=15 (full 0):
 garbage-first heap   total 245760K, used 186990K [0x0000000601000000, 0x0000000800000000)
  region size 4096K, 36 young (147456K), 5 survivors (20480K)
 Metaspace       used 66008K, committed 66304K, reserved 1114112K
  class space    used 7573K, committed 7744K, reserved 1048576K
}
Event: 8.192 GC heap after
{Heap after GC invocations=16 (full 0):
 garbage-first heap   total 245760K, used 80546K [0x0000000601000000, 0x0000000800000000)
  region size 4096K, 5 young (20480K), 5 survivors (20480K)
 Metaspace       used 66008K, committed 66304K, reserved 1114112K
  class space    used 7573K, committed 7744K, reserved 1048576K
}
Event: 10.169 GC heap before
{Heap before GC invocations=16 (full 0):
 garbage-first heap   total 245760K, used 166562K [0x0000000601000000, 0x0000000800000000)
  region size 4096K, 26 young (106496K), 5 survivors (20480K)
 Metaspace       used 70949K, committed 71296K, reserved 1114112K
  class space    used 8093K, committed 8256K, reserved 1048576K
}
Event: 10.191 GC heap after
{Heap after GC invocations=17 (full 0):
 garbage-first heap   total 245760K, used 91043K [0x0000000601000000, 0x0000000800000000)
  region size 4096K, 3 young (12288K), 3 survivors (12288K)
 Metaspace       used 70949K, committed 71296K, reserved 1114112K
  class space    used 8093K, committed 8256K, reserved 1048576K
}

Dll operation events (2 events):
Event: 0.007 Loaded shared library A:\Android Studio\jbr\bin\java.dll
Event: 0.948 Loaded shared library A:\Android Studio\jbr\bin\verify.dll

Deoptimization events (20 events):
Event: 10.807 Thread 0x0000028e9bcbee80 Uncommon trap: trap_request=0xffffff45 fr.pc=0x0000028ea8a1e6b4 relative=0x0000000000000274
Event: 10.807 Thread 0x0000028e9bcbee80 Uncommon trap: reason=unstable_if action=reinterpret pc=0x0000028ea8a1e6b4 method=org.jetbrains.kotlin.descriptors.DescriptorVisibilities.findInvisibleMember(Lorg/jetbrains/kotlin/resolve/scopes/receivers/ReceiverValue;Lorg/jetbrains/kotlin/descriptors/De
Event: 10.807 Thread 0x0000028e9bcbee80 DEOPT PACKING pc=0x0000028ea8a1e6b4 sp=0x000000df88cef520
Event: 10.807 Thread 0x0000028e9bcbee80 DEOPT UNPACKING pc=0x0000028ea7f169a3 sp=0x000000df88cef4b0 mode 2
Event: 10.809 Thread 0x0000028e9bcbee80 Uncommon trap: trap_request=0xffffff45 fr.pc=0x0000028ea8a2b4a8 relative=0x0000000000004728
Event: 10.809 Thread 0x0000028e9bcbee80 Uncommon trap: reason=unstable_if action=reinterpret pc=0x0000028ea8a2b4a8 method=org.jetbrains.kotlin.types.TypeUtils.contains(Lorg/jetbrains/kotlin/types/KotlinType;Lkotlin/jvm/functions/Function1;Lorg/jetbrains/kotlin/utils/SmartSet;)Z @ 141 c2
Event: 10.809 Thread 0x0000028e9bcbee80 DEOPT PACKING pc=0x0000028ea8a2b4a8 sp=0x000000df88cf1c10
Event: 10.809 Thread 0x0000028e9bcbee80 DEOPT UNPACKING pc=0x0000028ea7f169a3 sp=0x000000df88cf1c08 mode 2
Event: 10.809 Thread 0x0000028e9bcbee80 Uncommon trap: trap_request=0xffffff45 fr.pc=0x0000028ea8619a28 relative=0x00000000000010a8
Event: 10.809 Thread 0x0000028e9bcbee80 Uncommon trap: reason=unstable_if action=reinterpret pc=0x0000028ea8619a28 method=org.jetbrains.kotlin.types.AbstractStrictEqualityTypeChecker.strictEqualSimpleTypes(Lorg/jetbrains/kotlin/types/model/TypeSystemContext;Lorg/jetbrains/kotlin/types/model/Sim
Event: 10.809 Thread 0x0000028e9bcbee80 DEOPT PACKING pc=0x0000028ea8619a28 sp=0x000000df88cf1a20
Event: 10.809 Thread 0x0000028e9bcbee80 DEOPT UNPACKING pc=0x0000028ea7f169a3 sp=0x000000df88cf17e0 mode 2
Event: 10.811 Thread 0x0000028e9bcbee80 Uncommon trap: trap_request=0xffffff45 fr.pc=0x0000028ea88757dc relative=0x00000000000000bc
Event: 10.811 Thread 0x0000028e9bcbee80 Uncommon trap: reason=unstable_if action=reinterpret pc=0x0000028ea88757dc method=org.jetbrains.kotlin.types.typeUtil.TypeUtilsKt.isStubType(Lorg/jetbrains/kotlin/types/KotlinType;)Z @ 21 c2
Event: 10.811 Thread 0x0000028e9bcbee80 DEOPT PACKING pc=0x0000028ea88757dc sp=0x000000df88cf1ce0
Event: 10.811 Thread 0x0000028e9bcbee80 DEOPT UNPACKING pc=0x0000028ea7f169a3 sp=0x000000df88cf1be8 mode 2
Event: 10.875 Thread 0x0000028e9bcbee80 Uncommon trap: trap_request=0xffffffc6 fr.pc=0x0000028ea8a81e48 relative=0x0000000000000c88
Event: 10.875 Thread 0x0000028e9bcbee80 Uncommon trap: reason=bimorphic_or_optimized_type_check action=maybe_recompile pc=0x0000028ea8a81e48 method=org.jetbrains.kotlin.types.KotlinTypeFactory.computeMemberScope(Lorg/jetbrains/kotlin/types/TypeConstructor;Ljava/util/List;Lorg/jetbrains/kotlin/t
Event: 10.875 Thread 0x0000028e9bcbee80 DEOPT PACKING pc=0x0000028ea8a81e48 sp=0x000000df88cf90f0
Event: 10.875 Thread 0x0000028e9bcbee80 DEOPT UNPACKING pc=0x0000028ea7f169a3 sp=0x000000df88cf8fe8 mode 2

Classes unloaded (0 events):
No events

Classes redefined (0 events):
No events

Internal exceptions (20 events):
Event: 4.671 Thread 0x0000028e9bcbee80 Exception <a 'java/lang/NoSuchMethodError'{0x0000000611b9c7c8}: 'java.lang.Object java.lang.invoke.DirectMethodHandle$Holder.newInvokeSpecial(java.lang.Object, java.lang.Object, java.lang.Object, java.lang.Object, int)'> (0x0000000611b9c7c8) 
thrown [s\src\hotspot\share\interpreter\linkResolver.cpp, line 771]
Event: 4.672 Thread 0x0000028e9bcbee80 Exception <a 'java/lang/NoSuchMethodError'{0x0000000611ba45f0}: 'java.lang.Object java.lang.invoke.Invokers$Holder.linkToTargetMethod(java.lang.Object, java.lang.Object, java.lang.Object, int, java.lang.Object)'> (0x0000000611ba45f0) 
thrown [s\src\hotspot\share\interpreter\linkResolver.cpp, line 771]
Event: 4.759 Thread 0x0000028e9bcbee80 Implicit null exception at 0x0000028ea85074d5 to 0x0000028ea85076c8
Event: 5.006 Thread 0x0000028e9bcbee80 Exception <a 'java/lang/IncompatibleClassChangeError'{0x0000000610bd3bf8}: Found class java.lang.Object, but interface was expected> (0x0000000610bd3bf8) 
thrown [s\src\hotspot\share\interpreter\linkResolver.cpp, line 838]
Event: 5.801 Thread 0x0000028e9bcbee80 Exception <a 'java/lang/NoSuchMethodError'{0x000000060e1281f8}: 'java.lang.Object java.lang.invoke.DirectMethodHandle$Holder.invokeVirtual(java.lang.Object, java.lang.Object, int)'> (0x000000060e1281f8) 
thrown [s\src\hotspot\share\interpreter\linkResolver.cpp, line 771]
Event: 5.802 Thread 0x0000028e9bcbee80 Exception <a 'java/lang/IncompatibleClassChangeError'{0x000000060e13b720}: Found class java.lang.Object, but interface was expected> (0x000000060e13b720) 
thrown [s\src\hotspot\share\interpreter\linkResolver.cpp, line 838]
Event: 5.915 Thread 0x0000028e9bcbee80 Exception <a 'java/lang/NoSuchMethodError'{0x000000060daa4758}: 'void java.lang.invoke.DirectMethodHandle$Holder.invokeStaticInit(java.lang.Object, java.lang.Object, java.lang.Object)'> (0x000000060daa4758) 
thrown [s\src\hotspot\share\interpreter\linkResolver.cpp, line 771]
Event: 6.262 Thread 0x0000028e9bcbee80 Implicit null exception at 0x0000028ea8822ffd to 0x0000028ea88246d0
Event: 6.419 Thread 0x0000028e9bcbee80 Implicit null exception at 0x0000028ea86bf833 to 0x0000028ea86bfa70
Event: 6.419 Thread 0x0000028e9bcbee80 Implicit null exception at 0x0000028ea86bee77 to 0x0000028ea86bf046
Event: 6.427 Thread 0x0000028e9bcbee80 Exception <a 'java/lang/NoSuchMethodError'{0x000000060dd60350}: 'java.lang.Object java.lang.invoke.DirectMethodHandle$Holder.invokeInterface(java.lang.Object, java.lang.Object, java.lang.Object)'> (0x000000060dd60350) 
thrown [s\src\hotspot\share\interpreter\linkResolver.cpp, line 771]
Event: 6.427 Thread 0x0000028e9bcbee80 Exception <a 'java/lang/IncompatibleClassChangeError'{0x000000060dd64f58}: Found class java.lang.Object, but interface was expected> (0x000000060dd64f58) 
thrown [s\src\hotspot\share\interpreter\linkResolver.cpp, line 838]
Event: 6.573 Thread 0x0000028e9bcbee80 Exception <a 'java/lang/NoSuchMethodError'{0x000000060da48fa8}: 'java.lang.Object java.lang.invoke.DirectMethodHandle$Holder.newInvokeSpecial(java.lang.Object, java.lang.Object, java.lang.Object, java.lang.Object, java.lang.Object, java.lang.Object, java.lang.Object)'> (0x000000060da48fa8) 
thrown [s\src\hotspot\share\interpreter\linkResolver.cpp, line 771]
Event: 6.573 Thread 0x0000028e9bcbee80 Exception <a 'java/lang/NoSuchMethodError'{0x000000060da4e8a8}: 'java.lang.Object java.lang.invoke.Invokers$Holder.linkToTargetMethod(java.lang.Object, java.lang.Object, java.lang.Object, java.lang.Object, java.lang.Object, java.lang.Object, java.lang.Object)'> (0x000000060da4e8a8) 
thrown [s\src\hotspot\share\interpreter\linkResolver.cpp, line 771]
Event: 6.923 Thread 0x0000028e9bcbee80 Exception <a 'java/lang/NoSuchMethodError'{0x000000060b803f70}: 'int java.lang.invoke.DirectMethodHandle$Holder.invokeStaticInit(java.lang.Object, int)'> (0x000000060b803f70) 
thrown [s\src\hotspot\share\interpreter\linkResolver.cpp, line 771]
Event: 8.926 Thread 0x0000028e9bcbee80 Exception <a 'java/lang/NoSuchMethodError'{0x000000060dc4ef10}: 'void java.lang.invoke.DirectMethodHandle$Holder.invokeSpecial(java.lang.Object, java.lang.Object, java.lang.Object, java.lang.Object, java.lang.Object)'> (0x000000060dc4ef10) 
thrown [s\src\hotspot\share\interpreter\linkResolver.cpp, line 771]
Event: 9.101 Thread 0x0000028e9bcbee80 Exception <a 'java/lang/IncompatibleClassChangeError'{0x000000060d59be58}: Found class java.lang.Object, but interface was expected> (0x000000060d59be58) 
thrown [s\src\hotspot\share\interpreter\linkResolver.cpp, line 838]
Event: 9.102 Thread 0x0000028e9bcbee80 Exception <a 'java/lang/IncompatibleClassChangeError'{0x000000060d59fa30}: Found class java.lang.Object, but interface was expected> (0x000000060d59fa30) 
thrown [s\src\hotspot\share\interpreter\linkResolver.cpp, line 838]
Event: 9.208 Thread 0x0000028e9bcbee80 Exception <a 'java/lang/NoSuchMethodError'{0x000000060ce93b00}: 'int java.lang.invoke.DirectMethodHandle$Holder.invokeSpecialIFC(java.lang.Object, java.lang.Object, java.lang.Object, java.lang.Object, java.lang.Object)'> (0x000000060ce93b00) 
thrown [s\src\hotspot\share\interpreter\linkResolver.cpp, line 771]
Event: 9.531 Thread 0x0000028e9bcbee80 Exception <a 'java/lang/NoSuchMethodError'{0x000000060c336c00}: 'void java.lang.invoke.DirectMethodHandle$Holder.invokeInterface(java.lang.Object, java.lang.Object)'> (0x000000060c336c00) 
thrown [s\src\hotspot\share\interpreter\linkResolver.cpp, line 771]

VM Operations (20 events):
Event: 9.989 Executing VM operation: ICBufferFull
Event: 9.989 Executing VM operation: ICBufferFull done
Event: 10.123 Executing VM operation: ICBufferFull
Event: 10.123 Executing VM operation: ICBufferFull done
Event: 10.169 Executing VM operation: G1CollectForAllocation
Event: 10.191 Executing VM operation: G1CollectForAllocation done
Event: 10.408 Executing VM operation: HandshakeAllThreads
Event: 10.409 Executing VM operation: HandshakeAllThreads done
Event: 10.416 Executing VM operation: ICBufferFull
Event: 10.416 Executing VM operation: ICBufferFull done
Event: 10.554 Executing VM operation: ICBufferFull
Event: 10.554 Executing VM operation: ICBufferFull done
Event: 10.559 Executing VM operation: HandshakeAllThreads
Event: 10.559 Executing VM operation: HandshakeAllThreads done
Event: 10.632 Executing VM operation: ICBufferFull
Event: 10.632 Executing VM operation: ICBufferFull done
Event: 10.806 Executing VM operation: ICBufferFull
Event: 10.806 Executing VM operation: ICBufferFull done
Event: 10.952 Executing VM operation: ICBufferFull
Event: 10.952 Executing VM operation: ICBufferFull done

Events (20 events):
Event: 9.850 loading class java/lang/constant/DirectMethodHandleDescImpl$1
Event: 9.850 loading class java/lang/constant/DirectMethodHandleDescImpl$1 done
Event: 9.850 loading class java/lang/constant/DirectMethodHandleDesc$1
Event: 9.850 loading class java/lang/constant/DirectMethodHandleDesc$1 done
Event: 9.851 loading class java/lang/constant/PrimitiveClassDescImpl
Event: 9.851 loading class java/lang/constant/DynamicConstantDesc
Event: 9.851 loading class java/lang/constant/DynamicConstantDesc done
Event: 9.851 loading class java/lang/constant/PrimitiveClassDescImpl done
Event: 9.851 loading class java/lang/constant/DynamicConstantDesc$AnonymousDynamicConstantDesc
Event: 9.851 loading class java/lang/constant/DynamicConstantDesc$AnonymousDynamicConstantDesc done
Event: 9.851 loading class java/util/Base64
Event: 9.852 loading class java/util/Base64 done
Event: 9.852 loading class java/util/Base64$Encoder
Event: 9.852 loading class java/util/Base64$Encoder done
Event: 10.563 Thread 0x0000028ec6416040 flushing nmethod 0x0000028ea0999b90
Event: 10.575 Thread 0x0000028ec6416040 flushing nmethod 0x0000028ea1392e10
Event: 10.576 Thread 0x0000028ec6416040 flushing nmethod 0x0000028ea1465910
Event: 10.576 Thread 0x0000028ec6416040 flushing nmethod 0x0000028ea1466d10
Event: 10.577 Thread 0x0000028ec6416040 flushing nmethod 0x0000028ea156d210
Event: 10.579 Thread 0x0000028ec6416040 flushing nmethod 0x0000028ea19c5e90


Dynamic libraries:
0x00007ff671710000 - 0x00007ff67171a000 	A:\Android Studio\jbr\bin\java.exe
0x00007ffdbe930000 - 0x00007ffdbeb28000 	C:\WINDOWS\SYSTEM32\ntdll.dll
0x00007ffdbe5a0000 - 0x00007ffdbe65d000 	C:\WINDOWS\System32\KERNEL32.DLL
0x00007ffdbc150000 - 0x00007ffdbc446000 	C:\WINDOWS\System32\KERNELBASE.dll
0x00007ffdbc620000 - 0x00007ffdbc720000 	C:\WINDOWS\System32\ucrtbase.dll
0x00007ffdaf4a0000 - 0x00007ffdaf4b7000 	A:\Android Studio\jbr\bin\jli.dll
0x00007ffdaedc0000 - 0x00007ffdaeddb000 	A:\Android Studio\jbr\bin\VCRUNTIME140.dll
0x00007ffdbcd60000 - 0x00007ffdbcefe000 	C:\WINDOWS\System32\USER32.dll
0x00007ffda7630000 - 0x00007ffda78ca000 	C:\WINDOWS\WinSxS\amd64_microsoft.windows.common-controls_6595b64144ccf1df_6.0.19041.3636_none_60b6a03d71f818d5\COMCTL32.dll
0x00007ffdbc940000 - 0x00007ffdbc962000 	C:\WINDOWS\System32\win32u.dll
0x00007ffdbc9f0000 - 0x00007ffdbca8e000 	C:\WINDOWS\System32\msvcrt.dll
0x00007ffdbe730000 - 0x00007ffdbe75b000 	C:\WINDOWS\System32\GDI32.dll
0x00007ffdbc790000 - 0x00007ffdbc8a7000 	C:\WINDOWS\System32\gdi32full.dll
0x00007ffdbc550000 - 0x00007ffdbc5ed000 	C:\WINDOWS\System32\msvcp_win.dll
0x00007ffdbe8a0000 - 0x00007ffdbe8d2000 	C:\WINDOWS\System32\IMM32.DLL
0x00007ffdb0ae0000 - 0x00007ffdb0aec000 	A:\Android Studio\jbr\bin\vcruntime140_1.dll
0x00007ffd96df0000 - 0x00007ffd96e7d000 	A:\Android Studio\jbr\bin\msvcp140.dll
0x00007ffd46400000 - 0x00007ffd47083000 	A:\Android Studio\jbr\bin\server\jvm.dll
0x00007ffdbd000000 - 0x00007ffdbd0b3000 	C:\WINDOWS\System32\ADVAPI32.dll
0x00007ffdbe770000 - 0x00007ffdbe80f000 	C:\WINDOWS\System32\sechost.dll
0x00007ffdbd7f0000 - 0x00007ffdbd916000 	C:\WINDOWS\System32\RPCRT4.dll
0x00007ffdbc5f0000 - 0x00007ffdbc617000 	C:\WINDOWS\System32\bcrypt.dll
0x00007ffdbb9b0000 - 0x00007ffdbb9fb000 	C:\WINDOWS\SYSTEM32\POWRPROF.dll
0x00007ffdb9fa0000 - 0x00007ffdb9faa000 	C:\WINDOWS\SYSTEM32\VERSION.dll
0x00007ffdb77a0000 - 0x00007ffdb77a9000 	C:\WINDOWS\SYSTEM32\WSOCK32.dll
0x00007ffdb9d30000 - 0x00007ffdb9d57000 	C:\WINDOWS\SYSTEM32\WINMM.dll
0x00007ffdbd780000 - 0x00007ffdbd7eb000 	C:\WINDOWS\System32\WS2_32.dll
0x00007ffdbb960000 - 0x00007ffdbb972000 	C:\WINDOWS\SYSTEM32\UMPDC.dll
0x00007ffdba880000 - 0x00007ffdba892000 	C:\WINDOWS\SYSTEM32\kernel.appcore.dll
0x00007ffdb9410000 - 0x00007ffdb941a000 	A:\Android Studio\jbr\bin\jimage.dll
0x00007ffdae940000 - 0x00007ffdaeb24000 	C:\WINDOWS\SYSTEM32\DBGHELP.DLL
0x00007ffda2240000 - 0x00007ffda2274000 	C:\WINDOWS\SYSTEM32\dbgcore.DLL
0x00007ffdbc8b0000 - 0x00007ffdbc932000 	C:\WINDOWS\System32\bcryptPrimitives.dll
0x00007ffdb51e0000 - 0x00007ffdb5205000 	A:\Android Studio\jbr\bin\java.dll
0x00007ffdb51c0000 - 0x00007ffdb51d8000 	A:\Android Studio\jbr\bin\zip.dll
0x00007ffdbdd90000 - 0x00007ffdbe4d5000 	C:\WINDOWS\System32\SHELL32.dll
0x00007ffdba0a0000 - 0x00007ffdba83c000 	C:\WINDOWS\SYSTEM32\windows.storage.dll
0x00007ffdbd9d0000 - 0x00007ffdbdd24000 	C:\WINDOWS\System32\combase.dll
0x00007ffdbba20000 - 0x00007ffdbba4e000 	C:\WINDOWS\SYSTEM32\Wldp.dll
0x00007ffdbe660000 - 0x00007ffdbe72d000 	C:\WINDOWS\System32\OLEAUT32.dll
0x00007ffdbd920000 - 0x00007ffdbd9cd000 	C:\WINDOWS\System32\SHCORE.dll
0x00007ffdbdd30000 - 0x00007ffdbdd85000 	C:\WINDOWS\System32\shlwapi.dll
0x00007ffdbbf20000 - 0x00007ffdbbf45000 	C:\WINDOWS\SYSTEM32\profapi.dll
0x00007ffdb37b0000 - 0x00007ffdb37c9000 	A:\Android Studio\jbr\bin\net.dll
0x00007ffdb6cb0000 - 0x00007ffdb6dba000 	C:\WINDOWS\SYSTEM32\WINHTTP.dll
0x00007ffdbb6b0000 - 0x00007ffdbb71a000 	C:\WINDOWS\system32\mswsock.dll
0x00007ffdb0a60000 - 0x00007ffdb0a76000 	A:\Android Studio\jbr\bin\nio.dll
0x00007ffdb51b0000 - 0x00007ffdb51c0000 	A:\Android Studio\jbr\bin\verify.dll

dbghelp: loaded successfully - version: 4.0.5 - missing functions: none
symbol engine: initialized successfully - sym options: 0x614 - pdb path: .;A:\Android Studio\jbr\bin;C:\WINDOWS\SYSTEM32;C:\WINDOWS\WinSxS\amd64_microsoft.windows.common-controls_6595b64144ccf1df_6.0.19041.3636_none_60b6a03d71f818d5;A:\Android Studio\jbr\bin\server

VM Arguments:
java_command: org.jetbrains.kotlin.cli.jvm.K2JVMCompiler @A:\Android Project\CoLink\app\build\20240315_3260835735983979377.compiler.options
java_class_path (initial): C:\Users\zaq86\.gradle\caches\modules-2\files-2.1\org.jetbrains.kotlin\kotlin-compiler-embeddable\1.9.22\9cd4dc7773cf2a99ecd961a88fbbc9a2da3fb5e1\kotlin-compiler-embeddable-1.9.22.jar;C:\Users\zaq86\.gradle\caches\modules-2\files-2.1\org.jetbrains.kotlin\kotlin-stdlib\1.9.22\d6c44cd08d8f3f9bece8101216dbe6553365c6e3\kotlin-stdlib-1.9.22.jar;C:\Users\zaq86\.gradle\caches\modules-2\files-2.1\org.jetbrains.kotlin\kotlin-script-runtime\1.9.22\f8139a46fc677ec9badc49ae954392f4f5e7e7c7\kotlin-script-runtime-1.9.22.jar;C:\Users\zaq86\.gradle\caches\modules-2\files-2.1\org.jetbrains.kotlin\kotlin-reflect\1.6.10\1cbe9c92c12a94eea200d23c2bbaedaf3daf5132\kotlin-reflect-1.6.10.jar;C:\Users\zaq86\.gradle\caches\modules-2\files-2.1\org.jetbrains.kotlin\kotlin-daemon-embeddable\1.9.22\20e2c5df715f3240c765cfc222530e2796542021\kotlin-daemon-embeddable-1.9.22.jar;C:\Users\zaq86\.gradle\caches\modules-2\files-2.1\org.jetbrains.intellij.deps\trove4j\1.0.20200330\3afb14d5f9ceb459d724e907a21145e8ff394f02\trove4j-1.0.20200330.jar;C:\Users\zaq86\.gradle\caches\modules-2\files-2.1\org.jetbrains\annotations\13.0\919f0dfe192fb4e063e7dacadee7f8bb9a2672a9\annotations-13.0.jar
Launcher Type: SUN_STANDARD

[Global flags]
     intx CICompilerCount                          = 4                                         {product} {ergonomic}
     uint ConcGCThreads                            = 3                                         {product} {ergonomic}
     uint G1ConcRefinementThreads                  = 10                                        {product} {ergonomic}
   size_t G1HeapRegionSize                         = 4194304                                   {product} {ergonomic}
    uintx GCDrainStackTargetSize                   = 64                                        {product} {ergonomic}
   size_t InitialHeapSize                          = 536870912                                 {product} {ergonomic}
   size_t MarkStackSize                            = 4194304                                   {product} {ergonomic}
   size_t MaxHeapSize                              = 8573157376                                {product} {ergonomic}
   size_t MaxNewSize                               = 5142216704                                {product} {ergonomic}
   size_t MinHeapDeltaBytes                        = 4194304                                   {product} {ergonomic}
   size_t MinHeapSize                              = 8388608                                   {product} {ergonomic}
    uintx NonNMethodCodeHeapSize                   = 5839372                                {pd product} {ergonomic}
    uintx NonProfiledCodeHeapSize                  = 122909434                              {pd product} {ergonomic}
    uintx ProfiledCodeHeapSize                     = 122909434                              {pd product} {ergonomic}
    uintx ReservedCodeCacheSize                    = 251658240                              {pd product} {ergonomic}
     bool SegmentedCodeCache                       = true                                      {product} {ergonomic}
   size_t SoftMaxHeapSize                          = 8573157376                             {manageable} {ergonomic}
     bool UseCompressedClassPointers               = true                           {product lp64_product} {ergonomic}
     bool UseCompressedOops                        = true                           {product lp64_product} {ergonomic}
     bool UseG1GC                                  = true                                      {product} {ergonomic}
     bool UseLargePagesIndividualAllocation        = false                                  {pd product} {ergonomic}

Logging:
Log output configuration:
 #0: stdout all=warning uptime,level,tags
 #1: stderr all=off uptime,level,tags

Environment Variables:
JAVA_HOME=C:\Program Files\Java\jdk-19
PATH=C:\Program Files\Google\Chrome\Application;C:\Program Files\Common Files\Oracle\Java\javapath;C:\WINDOWS\system32;C:\WINDOWS;C:\WINDOWS\System32\Wbem;C:\WINDOWS\System32\WindowsPowerShell\v1.0\;C:\WINDOWS\System32\OpenSSH\;C:\Program Files\Bandizip\;C:\Program Files (x86)\NVIDIA Corporation\PhysX\Common;C:\Program Files\NVIDIA Corporation\NVIDIA NvDLISR;C:\Program Files (x86)\GtkSharp\2.12\bin;C:\Program Files\dotnet\;C:\Program Files\gs\gs10.01.2\bin;C:\Program Files\Git\cmd;%JAVA_HOME%\bin;D:\kotlinc\bin;A:\Program Files\Java\jdk-15\bin;C:\Program Files\nodejs\;C:\Users\zaq86\AppData\Local\Programs\Python\Launcher\;C:\Users\zaq86\AppData\Local\Microsoft\WindowsApps;C:\Users\zaq86\AppData\Local\Programs\Microsoft VS Code\bin;C:\Users\zaq86\.dotnet\tools;C:\Users\zaq86\AppData\Local\afreeca;C:\Users\zaq86\AppData\Local\GitHubDesktop\bin;C:\Users\zaq86\AppData\Roaming\npm
USERNAME=zaq86
OS=Windows_NT
PROCESSOR_IDENTIFIER=AMD64 Family 23 Model 113 Stepping 0, AuthenticAMD
TMP=C:\Users\zaq86\AppData\Local\Temp
TEMP=C:\Users\zaq86\AppData\Local\Temp



Periodic native trim disabled

JNI global refs:
JNI global refs: 13, weak refs: 7

JNI global refs memory usage: 843, weak refs: 841

OOME stack traces (most recent first):
Classloader memory used:
Loader jdk.internal.loader.ClassLoaders$AppClassLoader                                 : 6350K
Loader bootstrap                                                                       : 1507K
Loader java.net.URLClassLoader                                                         : 1048K
Loader jdk.internal.reflect.DelegatingClassLoader                                      : 23799B
Loader jdk.internal.loader.ClassLoaders$PlatformClassLoader                            : 8104B


---------------  S Y S T E M  ---------------

OS:
 Windows 10 , 64 bit Build 19041 (10.0.19041.3636)
OS uptime: 8 days 18:57 hours

CPU: total 12 (initial active 12) (12 cores per cpu, 2 threads per core) family 23 model 113 stepping 0 microcode 0x0, cx8, cmov, fxsr, ht, mmx, 3dnowpref, sse, sse2, sse3, ssse3, sse4a, sse4.1, sse4.2, popcnt, lzcnt, tsc, tscinvbit, avx, avx2, aes, clmul, bmi1, bmi2, adx, sha, fma, vzeroupper, clflush, clflushopt
Processor Information for all 12 processors :
  Max Mhz: 3801, Current Mhz: 3801, Mhz Limit: 3801

Memory: 4k page, system-wide physical 32693M (4972M free)
TotalPageFile size 49077M (AvailPageFile size 2M)
current process WorkingSet (physical memory assigned to process): 460M, peak: 475M
current process commit charge ("private bytes"): 504M, peak: 635M

vm_info: OpenJDK 64-Bit Server VM (17.0.9+0--11185874) for windows-amd64 JRE (17.0.9+0--11185874), built on Dec  6 2023 18:57:44 by "androidbuild" with MS VC++ 16.10 / 16.11 (VS2019)

END.
