#
# There is insufficient memory for the Java Runtime Environment to continue.
# Native memory allocation (mmap) failed to map 213909504 bytes for G1 virtual space
# Possible reasons:
#   The system is out of physical RAM or swap space
#   The process is running with CompressedOops enabled, and the Java Heap may be blocking the growth of the native heap
# Possible solutions:
#   Reduce memory load on the system
#   Increase physical memory or swap space
#   Check if swap backing store is full
#   Decrease Java heap size (-Xmx/-Xms)
#   Decrease number of Java threads
#   Decrease Java thread stack sizes (-Xss)
#   Set larger code cache with -XX:ReservedCodeCacheSize=
#   JVM is running with Zero Based Compressed Oops mode in which the Java heap is
#     placed in the first 32GB address space. The Java Heap base address is the
#     maximum limit for the native heap growth. Please use -XX:HeapBaseMinAddress
#     to set the Java Heap base and to place the Java Heap above 32GB virtual address.
# This output file may be truncated or incomplete.
#
#  Out of Memory Error (os_windows.cpp:3825), pid=37516, tid=6216
#
# JRE version: OpenJDK Runtime Environment (17.0.9) (build 17.0.9+0--11185874)
# Java VM: OpenJDK 64-Bit Server VM (17.0.9+0--11185874, mixed mode, tiered, compressed oops, compressed class ptrs, g1 gc, windows-amd64)
# No core dump will be written. Minidumps are not enabled by default on client versions of Windows
#

---------------  S U M M A R Y ------------

Command Line: org.jetbrains.kotlin.cli.jvm.K2JVMCompiler @A:\Android Project\CoLink\app\build\20240314_2844078473813108239.compiler.options

Host: AMD Ryzen 5 3600X 6-Core Processor             , 12 cores, 31G,  Windows 10 , 64 bit Build 19041 (10.0.19041.3636)
Time: Thu Mar 14 23:18:46 2024  Windows 10 , 64 bit Build 19041 (10.0.19041.3636) elapsed time: 9.877627 seconds (0d 0h 0m 9s)

---------------  T H R E A D  ---------------

Current thread (0x000001dfceb5c4e0):  VMThread "VM Thread" [stack: 0x000000bd24600000,0x000000bd24700000] [id=6216]

Stack: [0x000000bd24600000,0x000000bd24700000]
Native frames: (J=compiled Java code, j=interpreted, Vv=VM code, C=native code)
V  [jvm.dll+0x6886e9]
V  [jvm.dll+0x841e4a]
V  [jvm.dll+0x843a8e]
V  [jvm.dll+0x8440f3]
V  [jvm.dll+0x24c14f]
V  [jvm.dll+0x685499]
V  [jvm.dll+0x679c2a]
V  [jvm.dll+0x30cf9b]
V  [jvm.dll+0x314446]
V  [jvm.dll+0x36425e]
V  [jvm.dll+0x36448f]
V  [jvm.dll+0x2e2d68]
V  [jvm.dll+0x2e0f44]
V  [jvm.dll+0x2e054c]
V  [jvm.dll+0x3253fb]
V  [jvm.dll+0x8487eb]
V  [jvm.dll+0x849531]
V  [jvm.dll+0x849a4d]
V  [jvm.dll+0x849e24]
V  [jvm.dll+0x849ef0]
V  [jvm.dll+0x7f06aa]
V  [jvm.dll+0x687565]
C  [ucrtbase.dll+0x21bb2]
C  [KERNEL32.DLL+0x17344]
C  [ntdll.dll+0x526b1]

VM_Operation (0x000000bd240fc510): G1CollectForAllocation, mode: safepoint, requested by thread 0x000001dfa423cf80


---------------  P R O C E S S  ---------------

Threads class SMR info:
_java_thread_list=0x000001dfd3b19f90, length=14, elements={
0x000001dfa423cf80, 0x000001dfceb7e250, 0x000001dfceb7f870, 0x000001dfcebb0d20,
0x000001dfcebb2700, 0x000001dfcebcd360, 0x000001dfcebcdc30, 0x000001dfcebce920,
0x000001dfcebcf3d0, 0x000001dfcebd1de0, 0x000001dfced3a190, 0x000001dfced4cb00,
0x000001dfcedcae90, 0x000001dfd3c48ef0
}

Java Threads: ( => current thread )
  0x000001dfa423cf80 JavaThread "main" [_thread_blocked, id=21912, stack(0x000000bd24000000,0x000000bd24100000)]
  0x000001dfceb7e250 JavaThread "Reference Handler" daemon [_thread_blocked, id=15348, stack(0x000000bd24700000,0x000000bd24800000)]
  0x000001dfceb7f870 JavaThread "Finalizer" daemon [_thread_blocked, id=2656, stack(0x000000bd24800000,0x000000bd24900000)]
  0x000001dfcebb0d20 JavaThread "Signal Dispatcher" daemon [_thread_blocked, id=11024, stack(0x000000bd24900000,0x000000bd24a00000)]
  0x000001dfcebb2700 JavaThread "Attach Listener" daemon [_thread_blocked, id=11328, stack(0x000000bd24a00000,0x000000bd24b00000)]
  0x000001dfcebcd360 JavaThread "Service Thread" daemon [_thread_blocked, id=15272, stack(0x000000bd24b00000,0x000000bd24c00000)]
  0x000001dfcebcdc30 JavaThread "Monitor Deflation Thread" daemon [_thread_blocked, id=6940, stack(0x000000bd24c00000,0x000000bd24d00000)]
  0x000001dfcebce920 JavaThread "C2 CompilerThread0" daemon [_thread_blocked, id=37756, stack(0x000000bd24d00000,0x000000bd24e00000)]
  0x000001dfcebcf3d0 JavaThread "C1 CompilerThread0" daemon [_thread_blocked, id=31292, stack(0x000000bd24e00000,0x000000bd24f00000)]
  0x000001dfcebd1de0 JavaThread "Sweeper thread" daemon [_thread_blocked, id=34620, stack(0x000000bd24f00000,0x000000bd25000000)]
  0x000001dfced3a190 JavaThread "Notification Thread" daemon [_thread_blocked, id=25772, stack(0x000000bd25000000,0x000000bd25100000)]
  0x000001dfced4cb00 JavaThread "Common-Cleaner" daemon [_thread_blocked, id=31368, stack(0x000000bd25200000,0x000000bd25300000)]
  0x000001dfcedcae90 JavaThread "C2 CompilerThread1" daemon [_thread_blocked, id=33548, stack(0x000000bd25300000,0x000000bd25400000)]
  0x000001dfd3c48ef0 JavaThread "C2 CompilerThread2" daemon [_thread_blocked, id=29472, stack(0x000000bd25f00000,0x000000bd26000000)]

Other Threads:
=>0x000001dfceb5c4e0 VMThread "VM Thread" [stack: 0x000000bd24600000,0x000000bd24700000] [id=6216]
  0x000001dfced3a670 WatcherThread [stack: 0x000000bd25100000,0x000000bd25200000] [id=35128]
  0x000001dfa650d800 GCTaskThread "GC Thread#0" [stack: 0x000000bd24100000,0x000000bd24200000] [id=29700]
  0x000001dfd3599e10 GCTaskThread "GC Thread#1" [stack: 0x000000bd25400000,0x000000bd25500000] [id=664]
  0x000001dfd359a0d0 GCTaskThread "GC Thread#2" [stack: 0x000000bd25500000,0x000000bd25600000] [id=10972]
  0x000001dfd354e9c0 GCTaskThread "GC Thread#3" [stack: 0x000000bd25600000,0x000000bd25700000] [id=34996]
  0x000001dfd354ec80 GCTaskThread "GC Thread#4" [stack: 0x000000bd25700000,0x000000bd25800000] [id=21016]
  0x000001dfd354ef40 GCTaskThread "GC Thread#5" [stack: 0x000000bd25800000,0x000000bd25900000] [id=24172]
  0x000001dfd354f200 GCTaskThread "GC Thread#6" [stack: 0x000000bd25900000,0x000000bd25a00000] [id=37048]
  0x000001dfd354f4c0 GCTaskThread "GC Thread#7" [stack: 0x000000bd25a00000,0x000000bd25b00000] [id=17400]
  0x000001dfd35e0040 GCTaskThread "GC Thread#8" [stack: 0x000000bd25b00000,0x000000bd25c00000] [id=2484]
  0x000001dfd35e0300 GCTaskThread "GC Thread#9" [stack: 0x000000bd25c00000,0x000000bd25d00000] [id=29192]
  0x000001dfa651e6d0 ConcurrentGCThread "G1 Main Marker" [stack: 0x000000bd24200000,0x000000bd24300000] [id=3964]
  0x000001dfcbe10980 ConcurrentGCThread "G1 Conc#0" [stack: 0x000000bd24300000,0x000000bd24400000] [id=30924]
  0x000001dfd3a1b190 ConcurrentGCThread "G1 Conc#1" [stack: 0x000000bd25d00000,0x000000bd25e00000] [id=21780]
  0x000001dfd3b57c20 ConcurrentGCThread "G1 Conc#2" [stack: 0x000000bd25e00000,0x000000bd25f00000] [id=35628]
  0x000001dfcbf0eb70 ConcurrentGCThread "G1 Refine#0" [stack: 0x000000bd24400000,0x000000bd24500000] [id=26504]
  0x000001dfd631a820 ConcurrentGCThread "G1 Refine#1" [stack: 0x000000bd26000000,0x000000bd26100000] [id=10376]
  0x000001dfd631b0f0 ConcurrentGCThread "G1 Refine#2" [stack: 0x000000bd26100000,0x000000bd26200000] [id=37368]
  0x000001dfd66dee00 ConcurrentGCThread "G1 Refine#3" [stack: 0x000000bd26200000,0x000000bd26300000] [id=31904]
  0x000001dfd66e0580 ConcurrentGCThread "G1 Refine#4" [stack: 0x000000bd26300000,0x000000bd26400000] [id=34780]
  0x000001dfd66df9c0 ConcurrentGCThread "G1 Refine#5" [stack: 0x000000bd26400000,0x000000bd26500000] [id=12600]
  0x000001dfd66dffa0 ConcurrentGCThread "G1 Refine#6" [stack: 0x000000bd26500000,0x000000bd26600000] [id=3804]
  0x000001dfd66e0870 ConcurrentGCThread "G1 Refine#7" [stack: 0x000000bd26600000,0x000000bd26700000] [id=11728]
  0x000001dfd66df6d0 ConcurrentGCThread "G1 Refine#8" [stack: 0x000000bd26700000,0x000000bd26800000] [id=19628]
  0x000001dfd7d1aa40 ConcurrentGCThread "G1 Refine#9" [stack: 0x000000bd26800000,0x000000bd26900000] [id=29712]
  0x000001dfcbf0f5a0 ConcurrentGCThread "G1 Service" [stack: 0x000000bd24500000,0x000000bd24600000] [id=1316]

Threads with active compile tasks:
C2 CompilerThread0     9887 14199       4       org.jetbrains.kotlin.com.intellij.lang.impl.PsiBuilderImpl::bind (300 bytes)
C2 CompilerThread1     9887 14204       4       org.jetbrains.kotlin.parsing.SemanticWhitespaceAwarePsiBuilderImpl::restoreJoiningComplexTokensState (9 bytes)
C2 CompilerThread2     9887 14005       4       org.jetbrains.kotlin.types.TypeSubstitutor::substituteCompoundType (146 bytes)

VM state: at safepoint (normal execution)

VM Mutex/Monitor currently owned by a thread:  ([mutex/lock_event])
[0x000001dfa645ff90] Threads_lock - owner thread: 0x000001dfceb5c4e0
[0x000001dfa64600b0] Heap_lock - owner thread: 0x000001dfa423cf80

Heap address: 0x0000000601000000, size: 8176 MB, Compressed Oops mode: Zero based, Oop shift amount: 3

CDS archive(s) not mapped
Compressed class space mapped at: 0x0000000800000000-0x0000000840000000, reserved size: 1073741824
Narrow klass base: 0x0000000800000000, Narrow klass shift: 0, Narrow klass range: 0x40000000

GC Precious Log:
 CPUs: 12 total, 12 available
 Memory: 32693M
 Large Page Support: Disabled
 NUMA Support: Disabled
 Compressed Oops: Enabled (Zero based)
 Heap Region Size: 4M
 Heap Min Capacity: 8M
 Heap Initial Capacity: 512M
 Heap Max Capacity: 8176M
 Pre-touch: Disabled
 Parallel Workers: 10
 Concurrent Workers: 3
 Concurrent Refinement Workers: 10
 Periodic GC: Disabled

Heap:
 garbage-first heap   total 315392K, used 107576K [0x0000000601000000, 0x0000000800000000)
  region size 4096K, 3 young (12288K), 3 survivors (12288K)
 Metaspace       used 66278K, committed 66752K, reserved 1114112K
  class space    used 7314K, committed 7552K, reserved 1048576K

Heap Regions: E=young(eden), S=young(survivor), O=old, HS=humongous(starts), HC=humongous(continues), CS=collection set, F=free, OA=open archive, CA=closed archive, TAMS=top-at-mark-start (previous, next)
|   0|0x0000000601000000, 0x0000000601400000, 0x0000000601400000|100%|HS|  |TAMS 0x0000000601400000, 0x0000000601000000| Complete 
|   1|0x0000000601400000, 0x0000000601800000, 0x0000000601800000|100%| O|  |TAMS 0x0000000601800000, 0x0000000601400000| Untracked 
|   2|0x0000000601800000, 0x0000000601800000, 0x0000000601c00000|  0%| F|  |TAMS 0x0000000601800000, 0x0000000601800000| Untracked 
|   3|0x0000000601c00000, 0x0000000602000000, 0x0000000602000000|100%| O|  |TAMS 0x0000000602000000, 0x0000000601c00000| Untracked 
|   4|0x0000000602000000, 0x0000000602400000, 0x0000000602400000|100%| O|  |TAMS 0x0000000602400000, 0x0000000602000000| Untracked 
|   5|0x0000000602400000, 0x0000000602800000, 0x0000000602800000|100%| O|  |TAMS 0x0000000602800000, 0x0000000602400000| Untracked 
|   6|0x0000000602800000, 0x0000000602c00000, 0x0000000602c00000|100%| O|  |TAMS 0x0000000602c00000, 0x0000000602800000| Untracked 
|   7|0x0000000602c00000, 0x0000000603000000, 0x0000000603000000|100%| O|  |TAMS 0x0000000603000000, 0x0000000602c00000| Untracked 
|   8|0x0000000603000000, 0x0000000603400000, 0x0000000603400000|100%| O|  |TAMS 0x0000000603400000, 0x0000000603000000| Untracked 
|   9|0x0000000603400000, 0x0000000603800000, 0x0000000603800000|100%| O|  |TAMS 0x0000000603800000, 0x0000000603400000| Untracked 
|  10|0x0000000603800000, 0x0000000603c00000, 0x0000000603c00000|100%| O|  |TAMS 0x0000000603adac00, 0x0000000603800000| Untracked 
|  11|0x0000000603c00000, 0x0000000604000000, 0x0000000604000000|100%| O|  |TAMS 0x0000000604000000, 0x0000000603c00000| Untracked 
|  12|0x0000000604000000, 0x0000000604400000, 0x0000000604400000|100%| O|  |TAMS 0x0000000604000000, 0x0000000604000000| Untracked 
|  13|0x0000000604400000, 0x0000000604800000, 0x0000000604800000|100%| O|  |TAMS 0x0000000604400000, 0x0000000604400000| Untracked 
|  14|0x0000000604800000, 0x0000000604c00000, 0x0000000604c00000|100%| O|  |TAMS 0x0000000604800000, 0x0000000604800000| Untracked 
|  15|0x0000000604c00000, 0x0000000605000000, 0x0000000605000000|100%| O|  |TAMS 0x0000000604c00000, 0x0000000604c00000| Untracked 
|  16|0x0000000605000000, 0x0000000605400000, 0x0000000605400000|100%| O|  |TAMS 0x0000000605000000, 0x0000000605000000| Untracked 
|  17|0x0000000605400000, 0x0000000605800000, 0x0000000605800000|100%| O|  |TAMS 0x0000000605400000, 0x0000000605400000| Untracked 
|  18|0x0000000605800000, 0x0000000605c00000, 0x0000000605c00000|100%| O|  |TAMS 0x0000000605800000, 0x0000000605800000| Untracked 
|  19|0x0000000605c00000, 0x0000000606000000, 0x0000000606000000|100%| O|  |TAMS 0x0000000605c00000, 0x0000000605c00000| Untracked 
|  20|0x0000000606000000, 0x0000000606400000, 0x0000000606400000|100%| O|  |TAMS 0x0000000606000000, 0x0000000606000000| Untracked 
|  21|0x0000000606400000, 0x0000000606800000, 0x0000000606800000|100%| O|  |TAMS 0x0000000606400000, 0x0000000606400000| Untracked 
|  22|0x0000000606800000, 0x0000000606c00000, 0x0000000606c00000|100%| O|  |TAMS 0x0000000606800000, 0x0000000606800000| Untracked 
|  23|0x0000000606c00000, 0x0000000607000000, 0x0000000607000000|100%| O|  |TAMS 0x0000000606c00000, 0x0000000606c00000| Untracked 
|  24|0x0000000607000000, 0x0000000607301a00, 0x0000000607400000| 75%| O|  |TAMS 0x0000000607000000, 0x0000000607000000| Untracked 
|  25|0x0000000607400000, 0x0000000607400000, 0x0000000607800000|  0%| F|  |TAMS 0x0000000607400000, 0x0000000607400000| Untracked 
|  26|0x0000000607800000, 0x0000000607800000, 0x0000000607c00000|  0%| F|  |TAMS 0x0000000607800000, 0x0000000607800000| Untracked 
|  27|0x0000000607c00000, 0x0000000607c00000, 0x0000000608000000|  0%| F|  |TAMS 0x0000000607c00000, 0x0000000607c00000| Untracked 
|  28|0x0000000608000000, 0x0000000608000000, 0x0000000608400000|  0%| F|  |TAMS 0x0000000608000000, 0x0000000608000000| Untracked 
|  29|0x0000000608400000, 0x0000000608400000, 0x0000000608800000|  0%| F|  |TAMS 0x0000000608400000, 0x0000000608400000| Untracked 
|  30|0x0000000608800000, 0x0000000608800000, 0x0000000608c00000|  0%| F|  |TAMS 0x0000000608800000, 0x0000000608800000| Untracked 
|  31|0x0000000608c00000, 0x0000000608c00000, 0x0000000609000000|  0%| F|  |TAMS 0x0000000608c00000, 0x0000000608c00000| Untracked 
|  32|0x0000000609000000, 0x0000000609000000, 0x0000000609400000|  0%| F|  |TAMS 0x0000000609000000, 0x0000000609000000| Untracked 
|  33|0x0000000609400000, 0x0000000609400000, 0x0000000609800000|  0%| F|  |TAMS 0x0000000609400000, 0x0000000609400000| Untracked 
|  34|0x0000000609800000, 0x0000000609800000, 0x0000000609c00000|  0%| F|  |TAMS 0x0000000609800000, 0x0000000609800000| Untracked 
|  35|0x0000000609c00000, 0x0000000609c00000, 0x000000060a000000|  0%| F|  |TAMS 0x0000000609c00000, 0x0000000609c00000| Untracked 
|  36|0x000000060a000000, 0x000000060a000000, 0x000000060a400000|  0%| F|  |TAMS 0x000000060a000000, 0x000000060a000000| Untracked 
|  37|0x000000060a400000, 0x000000060a400000, 0x000000060a800000|  0%| F|  |TAMS 0x000000060a400000, 0x000000060a400000| Untracked 
|  38|0x000000060a800000, 0x000000060a800000, 0x000000060ac00000|  0%| F|  |TAMS 0x000000060a800000, 0x000000060a800000| Untracked 
|  39|0x000000060ac00000, 0x000000060ac00000, 0x000000060b000000|  0%| F|  |TAMS 0x000000060ac00000, 0x000000060ac00000| Untracked 
|  40|0x000000060b000000, 0x000000060b000000, 0x000000060b400000|  0%| F|  |TAMS 0x000000060b000000, 0x000000060b000000| Untracked 
|  41|0x000000060b400000, 0x000000060b400000, 0x000000060b800000|  0%| F|  |TAMS 0x000000060b400000, 0x000000060b400000| Untracked 
|  42|0x000000060b800000, 0x000000060b800000, 0x000000060bc00000|  0%| F|  |TAMS 0x000000060b800000, 0x000000060b800000| Untracked 
|  43|0x000000060bc00000, 0x000000060be0c8d8, 0x000000060c000000| 51%| S|CS|TAMS 0x000000060bc00000, 0x000000060bc00000| Complete 
|  44|0x000000060c000000, 0x000000060c400000, 0x000000060c400000|100%| S|CS|TAMS 0x000000060c000000, 0x000000060c000000| Complete 
|  45|0x000000060c400000, 0x000000060c800000, 0x000000060c800000|100%| S|CS|TAMS 0x000000060c400000, 0x000000060c400000| Complete 
|  46|0x000000060c800000, 0x000000060c800000, 0x000000060cc00000|  0%| F|  |TAMS 0x000000060c800000, 0x000000060c800000| Untracked 
|  47|0x000000060cc00000, 0x000000060cc00000, 0x000000060d000000|  0%| F|  |TAMS 0x000000060cc00000, 0x000000060cc00000| Untracked 
|  48|0x000000060d000000, 0x000000060d000000, 0x000000060d400000|  0%| F|  |TAMS 0x000000060d000000, 0x000000060d000000| Untracked 
|  49|0x000000060d400000, 0x000000060d400000, 0x000000060d800000|  0%| F|  |TAMS 0x000000060d400000, 0x000000060d400000| Untracked 
|  50|0x000000060d800000, 0x000000060d800000, 0x000000060dc00000|  0%| F|  |TAMS 0x000000060d800000, 0x000000060d800000| Untracked 
|  51|0x000000060dc00000, 0x000000060dc00000, 0x000000060e000000|  0%| F|  |TAMS 0x000000060dc00000, 0x000000060dc00000| Untracked 
|  52|0x000000060e000000, 0x000000060e000000, 0x000000060e400000|  0%| F|  |TAMS 0x000000060e000000, 0x000000060e000000| Untracked 
|  53|0x000000060e400000, 0x000000060e400000, 0x000000060e800000|  0%| F|  |TAMS 0x000000060e400000, 0x000000060e400000| Untracked 
|  54|0x000000060e800000, 0x000000060e800000, 0x000000060ec00000|  0%| F|  |TAMS 0x000000060e800000, 0x000000060e800000| Untracked 
|  55|0x000000060ec00000, 0x000000060ec00000, 0x000000060f000000|  0%| F|  |TAMS 0x000000060ec00000, 0x000000060ec00000| Untracked 
|  56|0x000000060f000000, 0x000000060f000000, 0x000000060f400000|  0%| F|  |TAMS 0x000000060f000000, 0x000000060f000000| Untracked 
|  57|0x000000060f400000, 0x000000060f400000, 0x000000060f800000|  0%| F|  |TAMS 0x000000060f400000, 0x000000060f400000| Untracked 
|  58|0x000000060f800000, 0x000000060f800000, 0x000000060fc00000|  0%| F|  |TAMS 0x000000060f800000, 0x000000060f800000| Untracked 
|  59|0x000000060fc00000, 0x000000060fc00000, 0x0000000610000000|  0%| F|  |TAMS 0x000000060fc00000, 0x000000060fc00000| Untracked 
|  60|0x0000000610000000, 0x0000000610000000, 0x0000000610400000|  0%| F|  |TAMS 0x0000000610000000, 0x0000000610000000| Untracked 
|  61|0x0000000610400000, 0x0000000610400000, 0x0000000610800000|  0%| F|  |TAMS 0x0000000610400000, 0x0000000610400000| Untracked 
|  62|0x0000000610800000, 0x0000000610800000, 0x0000000610c00000|  0%| F|  |TAMS 0x0000000610800000, 0x0000000610800000| Untracked 
|  63|0x0000000610c00000, 0x0000000610c00000, 0x0000000611000000|  0%| F|  |TAMS 0x0000000610c00000, 0x0000000610c00000| Untracked 
|  64|0x0000000611000000, 0x0000000611000000, 0x0000000611400000|  0%| F|  |TAMS 0x0000000611000000, 0x0000000611000000| Untracked 
|  65|0x0000000611400000, 0x0000000611400000, 0x0000000611800000|  0%| F|  |TAMS 0x0000000611400000, 0x0000000611400000| Untracked 
|  66|0x0000000611800000, 0x0000000611800000, 0x0000000611c00000|  0%| F|  |TAMS 0x0000000611800000, 0x0000000611800000| Untracked 
|  67|0x0000000611c00000, 0x0000000611c00000, 0x0000000612000000|  0%| F|  |TAMS 0x0000000611c00000, 0x0000000611c00000| Untracked 
|  68|0x0000000612000000, 0x0000000612000000, 0x0000000612400000|  0%| F|  |TAMS 0x0000000612000000, 0x0000000612000000| Untracked 
|  69|0x0000000612400000, 0x0000000612400000, 0x0000000612800000|  0%| F|  |TAMS 0x0000000612400000, 0x0000000612400000| Untracked 
|  70|0x0000000612800000, 0x0000000612800000, 0x0000000612c00000|  0%| F|  |TAMS 0x0000000612800000, 0x0000000612800000| Untracked 
|  71|0x0000000612c00000, 0x0000000612c00000, 0x0000000613000000|  0%| F|  |TAMS 0x0000000612c00000, 0x0000000612c00000| Untracked 
|  72|0x0000000613000000, 0x0000000613000000, 0x0000000613400000|  0%| F|  |TAMS 0x0000000613000000, 0x0000000613000000| Untracked 
|  73|0x0000000613400000, 0x0000000613400000, 0x0000000613800000|  0%| F|  |TAMS 0x0000000613400000, 0x0000000613400000| Untracked 
|  74|0x0000000613800000, 0x0000000613800000, 0x0000000613c00000|  0%| F|  |TAMS 0x0000000613800000, 0x0000000613800000| Untracked 
|  75|0x0000000613c00000, 0x0000000613c00000, 0x0000000614000000|  0%| F|  |TAMS 0x0000000613c00000, 0x0000000613c00000| Untracked 
| 127|0x0000000620c00000, 0x0000000620c00000, 0x0000000621000000|  0%| F|  |TAMS 0x0000000620c00000, 0x0000000620c00000| Untracked 

Card table byte_map: [0x000001dfb9e90000,0x000001dfbae90000] _byte_map_base: 0x000001dfb6e88000

Marking Bits (Prev, Next): (CMBitMap*) 0x000001dfa650de60, (CMBitMap*) 0x000001dfa650de20
 Prev Bits: [0x000001dfc3e50000, 0x000001dfcbe10000)
 Next Bits: [0x000001dfbbe90000, 0x000001dfc3e50000)

Polling page: 0x000001dfa4420000

Metaspace:

Usage:
  Non-class:     57.58 MB used.
      Class:      7.14 MB used.
       Both:     64.72 MB used.

Virtual space:
  Non-class space:       64.00 MB reserved,      57.81 MB ( 90%) committed,  1 nodes.
      Class space:        1.00 GB reserved,       7.38 MB ( <1%) committed,  1 nodes.
             Both:        1.06 GB reserved,      65.19 MB (  6%) committed. 

Chunk freelists:
   Non-Class:  6.24 MB
       Class:  8.66 MB
        Both:  14.89 MB

MaxMetaspaceSize: unlimited
CompressedClassSpaceSize: 1.00 GB
Initial GC threshold: 21.00 MB
Current GC threshold: 98.38 MB
CDS: off
MetaspaceReclaimPolicy: balanced
 - commit_granule_bytes: 65536.
 - commit_granule_words: 8192.
 - virtual_space_node_default_size: 8388608.
 - enlarge_chunks_in_place: 1.
 - new_chunks_are_fully_committed: 0.
 - uncommit_free_chunks: 1.
 - use_allocation_guard: 0.
 - handle_deallocations: 1.


Internal statistics:

num_allocs_failed_limit: 9.
num_arena_births: 676.
num_arena_deaths: 0.
num_vsnodes_births: 2.
num_vsnodes_deaths: 0.
num_space_committed: 1041.
num_space_uncommitted: 0.
num_chunks_returned_to_freelist: 9.
num_chunks_taken_from_freelist: 3088.
num_chunk_merges: 9.
num_chunk_splits: 2213.
num_chunks_enlarged: 1678.
num_inconsistent_stats: 0.

CodeHeap 'non-profiled nmethods': size=120000Kb used=6750Kb max_used=6750Kb free=113249Kb
 bounds [0x000001dfb1410000, 0x000001dfb1ab0000, 0x000001dfb8940000]
CodeHeap 'profiled nmethods': size=120000Kb used=32694Kb max_used=32694Kb free=87305Kb
 bounds [0x000001dfa9940000, 0x000001dfab940000, 0x000001dfb0e70000]
CodeHeap 'non-nmethods': size=5760Kb used=1303Kb max_used=1364Kb free=4456Kb
 bounds [0x000001dfb0e70000, 0x000001dfb10e0000, 0x000001dfb1410000]
 total_blobs=12279 nmethods=11668 adapters=520
 compilation: enabled
              stopped_count=0, restarted_count=0
 full_count=0

Compilation events (20 events):
Event: 9.858 Thread 0x000001dfcebcf3d0 14227       3       org.jetbrains.kotlin.serialization.deserialization.ProtoContainer$Package::<init> (33 bytes)
Event: 9.859 Thread 0x000001dfcedcae90 nmethod 14186 0x000001dfb1aa6010 code [0x000001dfb1aa61a0, 0x000001dfb1aa62d8]
Event: 9.859 Thread 0x000001dfcedcae90 14178       4       org.jetbrains.kotlin.load.java.lazy.descriptors.LazyJavaScope::getClassNamesLazy (17 bytes)
Event: 9.859 Thread 0x000001dfcebcf3d0 nmethod 14227 0x000001dfab92a610 code [0x000001dfab92a940, 0x000001dfab92bb38]
Event: 9.859 Thread 0x000001dfcebcf3d0 14226       3       org.jetbrains.kotlin.serialization.deserialization.MemberDeserializer::getDispatchReceiverParameter (38 bytes)
Event: 9.859 Thread 0x000001dfcebcf3d0 nmethod 14226 0x000001dfab92c110 code [0x000001dfab92c2e0, 0x000001dfab92c7e8]
Event: 9.859 Thread 0x000001dfcebcf3d0 14228       3       org.jetbrains.kotlin.types.expressions.typeInfoFactory.TypeInfoFactoryKt::createTypeInfo (21 bytes)
Event: 9.859 Thread 0x000001dfcedcae90 nmethod 14178 0x000001dfb1aa6410 code [0x000001dfb1aa65a0, 0x000001dfb1aa66c8]
Event: 9.859 Thread 0x000001dfcedcae90 14203       4       org.jetbrains.kotlin.parsing.SemanticWhitespaceAwarePsiBuilderImpl::disableJoiningComplexTokens (12 bytes)
Event: 9.860 Thread 0x000001dfcebcf3d0 nmethod 14228 0x000001dfab92c910 code [0x000001dfab92cb40, 0x000001dfab92d178]
Event: 9.862 Thread 0x000001dfcebcf3d0 14229       3       org.jetbrains.kotlin.resolve.calls.inference.components.TrivialConstraintTypeInferenceOracle::isSuitableResultedType (40 bytes)
Event: 9.863 Thread 0x000001dfcebcf3d0 nmethod 14229 0x000001dfab92d410 code [0x000001dfab92d800, 0x000001dfab92f158]
Event: 9.863 Thread 0x000001dfcebcf3d0 14230       3       org.jetbrains.kotlin.types.checker.ClassicTypeSystemContextKt::convertVariance (67 bytes)
Event: 9.863 Thread 0x000001dfcebcf3d0 nmethod 14230 0x000001dfab92f990 code [0x000001dfab92fbe0, 0x000001dfab9303a8]
Event: 9.863 Thread 0x000001dfcebcf3d0 14231       3       org.jetbrains.kotlin.resolve.calls.inference.components.ConstraintInjector$TypeCheckerStateForConstraintInjector::getTypeVariable (58 bytes)
Event: 9.864 Thread 0x000001dfcebcf3d0 nmethod 14231 0x000001dfab930690 code [0x000001dfab930940, 0x000001dfab931508]
Event: 9.865 Thread 0x000001dfcedcae90 nmethod 14203 0x000001dfb1aa6790 code [0x000001dfb1aa6920, 0x000001dfb1aa70d8]
Event: 9.865 Thread 0x000001dfcedcae90 14194       4       org.jetbrains.kotlin.resolve.calls.inference.model.NewConstraintSystemImpl::isError (18 bytes)
Event: 9.866 Thread 0x000001dfcedcae90 nmethod 14194 0x000001dfb1aa7410 code [0x000001dfb1aa75c0, 0x000001dfb1aa7798]
Event: 9.866 Thread 0x000001dfcedcae90 14204       4       org.jetbrains.kotlin.parsing.SemanticWhitespaceAwarePsiBuilderImpl::restoreJoiningComplexTokensState (9 bytes)

GC Heap History (20 events):
Event: 1.185 GC heap after
{Heap after GC invocations=5 (full 0):
 garbage-first heap   total 57344K, used 17983K [0x0000000601000000, 0x0000000800000000)
  region size 4096K, 1 young (4096K), 1 survivors (4096K)
 Metaspace       used 24846K, committed 25088K, reserved 1114112K
  class space    used 3146K, committed 3264K, reserved 1048576K
}
Event: 1.322 GC heap before
{Heap before GC invocations=5 (full 0):
 garbage-first heap   total 57344K, used 26175K [0x0000000601000000, 0x0000000800000000)
  region size 4096K, 4 young (16384K), 1 survivors (4096K)
 Metaspace       used 28223K, committed 28352K, reserved 1114112K
  class space    used 3542K, committed 3584K, reserved 1048576K
}
Event: 1.325 GC heap after
{Heap after GC invocations=6 (full 0):
 garbage-first heap   total 290816K, used 18573K [0x0000000601000000, 0x0000000800000000)
  region size 4096K, 1 young (4096K), 1 survivors (4096K)
 Metaspace       used 28223K, committed 28352K, reserved 1114112K
  class space    used 3542K, committed 3584K, reserved 1048576K
}
Event: 1.693 GC heap before
{Heap before GC invocations=6 (full 0):
 garbage-first heap   total 290816K, used 55437K [0x0000000601000000, 0x0000000800000000)
  region size 4096K, 11 young (45056K), 1 survivors (4096K)
 Metaspace       used 35762K, committed 35968K, reserved 1114112K
  class space    used 4290K, committed 4416K, reserved 1048576K
}
Event: 1.697 GC heap after
{Heap after GC invocations=7 (full 0):
 garbage-first heap   total 290816K, used 22276K [0x0000000601000000, 0x0000000800000000)
  region size 4096K, 2 young (8192K), 2 survivors (8192K)
 Metaspace       used 35762K, committed 35968K, reserved 1114112K
  class space    used 4290K, committed 4416K, reserved 1048576K
}
Event: 2.505 GC heap before
{Heap before GC invocations=8 (full 0):
 garbage-first heap   total 110592K, used 75524K [0x0000000601000000, 0x0000000800000000)
  region size 4096K, 16 young (65536K), 2 survivors (8192K)
 Metaspace       used 43375K, committed 43584K, reserved 1114112K
  class space    used 5151K, committed 5248K, reserved 1048576K
}
Event: 2.515 GC heap after
{Heap after GC invocations=9 (full 0):
 garbage-first heap   total 110592K, used 33573K [0x0000000601000000, 0x0000000800000000)
  region size 4096K, 2 young (8192K), 2 survivors (8192K)
 Metaspace       used 43375K, committed 43584K, reserved 1114112K
  class space    used 5151K, committed 5248K, reserved 1048576K
}
Event: 2.530 GC heap before
{Heap before GC invocations=9 (full 0):
 garbage-first heap   total 110592K, used 37669K [0x0000000601000000, 0x0000000800000000)
  region size 4096K, 3 young (12288K), 2 survivors (8192K)
 Metaspace       used 43384K, committed 43584K, reserved 1114112K
  class space    used 5151K, committed 5248K, reserved 1048576K
}
Event: 2.537 GC heap after
{Heap after GC invocations=10 (full 0):
 garbage-first heap   total 110592K, used 35272K [0x0000000601000000, 0x0000000800000000)
  region size 4096K, 1 young (4096K), 1 survivors (4096K)
 Metaspace       used 43384K, committed 43584K, reserved 1114112K
  class space    used 5151K, committed 5248K, reserved 1048576K
}
Event: 2.889 GC heap before
{Heap before GC invocations=10 (full 0):
 garbage-first heap   total 110592K, used 72136K [0x0000000601000000, 0x0000000800000000)
  region size 4096K, 10 young (40960K), 1 survivors (4096K)
 Metaspace       used 46352K, committed 46592K, reserved 1114112K
  class space    used 5450K, committed 5568K, reserved 1048576K
}
Event: 2.899 GC heap after
{Heap after GC invocations=11 (full 0):
 garbage-first heap   total 319488K, used 38480K [0x0000000601000000, 0x0000000800000000)
  region size 4096K, 2 young (8192K), 2 survivors (8192K)
 Metaspace       used 46352K, committed 46592K, reserved 1114112K
  class space    used 5450K, committed 5568K, reserved 1048576K
}
Event: 4.938 GC heap before
{Heap before GC invocations=11 (full 0):
 garbage-first heap   total 319488K, used 218704K [0x0000000601000000, 0x0000000800000000)
  region size 4096K, 46 young (188416K), 2 survivors (8192K)
 Metaspace       used 54962K, committed 55232K, reserved 1114112K
  class space    used 6276K, committed 6400K, reserved 1048576K
}
Event: 4.971 GC heap after
{Heap after GC invocations=12 (full 0):
 garbage-first heap   total 319488K, used 72555K [0x0000000601000000, 0x0000000800000000)
  region size 4096K, 6 young (24576K), 6 survivors (24576K)
 Metaspace       used 54962K, committed 55232K, reserved 1114112K
  class space    used 6276K, committed 6400K, reserved 1048576K
}
Event: 6.507 GC heap before
{Heap before GC invocations=12 (full 0):
 garbage-first heap   total 319488K, used 158571K [0x0000000601000000, 0x0000000800000000)
  region size 4096K, 28 young (114688K), 6 survivors (24576K)
 Metaspace       used 60089K, committed 60288K, reserved 1114112K
  class space    used 6767K, committed 6848K, reserved 1048576K
}
Event: 6.533 GC heap after
{Heap after GC invocations=13 (full 0):
 garbage-first heap   total 319488K, used 87053K [0x0000000601000000, 0x0000000800000000)
  region size 4096K, 4 young (16384K), 4 survivors (16384K)
 Metaspace       used 60089K, committed 60288K, reserved 1114112K
  class space    used 6767K, committed 6848K, reserved 1048576K
}
Event: 8.076 GC heap before
{Heap before GC invocations=14 (full 0):
 garbage-first heap   total 315392K, used 209933K [0x0000000601000000, 0x0000000800000000)
  region size 4096K, 34 young (139264K), 4 survivors (16384K)
 Metaspace       used 63979K, committed 64256K, reserved 1114112K
  class space    used 7157K, committed 7296K, reserved 1048576K
}
Event: 8.093 GC heap after
{Heap after GC invocations=15 (full 0):
 garbage-first heap   total 315392K, used 98349K [0x0000000601000000, 0x0000000800000000)
  region size 4096K, 3 young (12288K), 3 survivors (12288K)
 Metaspace       used 63979K, committed 64256K, reserved 1114112K
  class space    used 7157K, committed 7296K, reserved 1048576K
}
Event: 8.178 GC heap before
{Heap before GC invocations=15 (full 0):
 garbage-first heap   total 315392K, used 102445K [0x0000000601000000, 0x0000000800000000)
  region size 4096K, 4 young (16384K), 3 survivors (12288K)
 Metaspace       used 64058K, committed 64320K, reserved 1114112K
  class space    used 7157K, committed 7296K, reserved 1048576K
}
Event: 8.214 GC heap after
{Heap after GC invocations=16 (full 0):
 garbage-first heap   total 315392K, used 99450K [0x0000000601000000, 0x0000000800000000)
  region size 4096K, 1 young (4096K), 1 survivors (4096K)
 Metaspace       used 64058K, committed 64320K, reserved 1114112K
  class space    used 7157K, committed 7296K, reserved 1048576K
}
Event: 9.867 GC heap before
{Heap before GC invocations=16 (full 0):
 garbage-first heap   total 315392K, used 222330K [0x0000000601000000, 0x0000000800000000)
  region size 4096K, 31 young (126976K), 1 survivors (4096K)
 Metaspace       used 66278K, committed 66752K, reserved 1114112K
  class space    used 7314K, committed 7552K, reserved 1048576K
}

Dll operation events (2 events):
Event: 0.005 Loaded shared library A:\Android Studio\jbr\bin\java.dll
Event: 0.758 Loaded shared library A:\Android Studio\jbr\bin\verify.dll

Deoptimization events (20 events):
Event: 9.791 Thread 0x000001dfa423cf80 Uncommon trap: trap_request=0xffffffbe fr.pc=0x000001dfb1a8254c relative=0x00000000000002ac
Event: 9.791 Thread 0x000001dfa423cf80 Uncommon trap: reason=profile_predicate action=maybe_recompile pc=0x000001dfb1a8254c method=java.util.regex.Pattern$Slice.match(Ljava/util/regex/Matcher;ILjava/lang/CharSequence;)Z @ 18 c2
Event: 9.791 Thread 0x000001dfa423cf80 DEOPT PACKING pc=0x000001dfb1a8254c sp=0x000000bd240f8020
Event: 9.791 Thread 0x000001dfa423cf80 DEOPT UNPACKING pc=0x000001dfb0ec69a3 sp=0x000000bd240f7fa0 mode 2
Event: 9.791 Thread 0x000001dfa423cf80 Uncommon trap: trap_request=0xffffffbe fr.pc=0x000001dfb1a8254c relative=0x00000000000002ac
Event: 9.792 Thread 0x000001dfa423cf80 Uncommon trap: reason=profile_predicate action=maybe_recompile pc=0x000001dfb1a8254c method=java.util.regex.Pattern$Slice.match(Ljava/util/regex/Matcher;ILjava/lang/CharSequence;)Z @ 18 c2
Event: 9.792 Thread 0x000001dfa423cf80 DEOPT PACKING pc=0x000001dfb1a8254c sp=0x000000bd240f8020
Event: 9.792 Thread 0x000001dfa423cf80 DEOPT UNPACKING pc=0x000001dfb0ec69a3 sp=0x000000bd240f7fa0 mode 2
Event: 9.792 Thread 0x000001dfa423cf80 Uncommon trap: trap_request=0xffffffbe fr.pc=0x000001dfb1a8254c relative=0x00000000000002ac
Event: 9.792 Thread 0x000001dfa423cf80 Uncommon trap: reason=profile_predicate action=maybe_recompile pc=0x000001dfb1a8254c method=java.util.regex.Pattern$Slice.match(Ljava/util/regex/Matcher;ILjava/lang/CharSequence;)Z @ 18 c2
Event: 9.792 Thread 0x000001dfa423cf80 DEOPT PACKING pc=0x000001dfb1a8254c sp=0x000000bd240f7c50
Event: 9.792 Thread 0x000001dfa423cf80 DEOPT UNPACKING pc=0x000001dfb0ec69a3 sp=0x000000bd240f7bd0 mode 2
Event: 9.792 Thread 0x000001dfa423cf80 Uncommon trap: trap_request=0xffffffbe fr.pc=0x000001dfb1a8254c relative=0x00000000000002ac
Event: 9.793 Thread 0x000001dfa423cf80 Uncommon trap: reason=profile_predicate action=maybe_recompile pc=0x000001dfb1a8254c method=java.util.regex.Pattern$Slice.match(Ljava/util/regex/Matcher;ILjava/lang/CharSequence;)Z @ 18 c2
Event: 9.793 Thread 0x000001dfa423cf80 DEOPT PACKING pc=0x000001dfb1a8254c sp=0x000000bd240f7c50
Event: 9.793 Thread 0x000001dfa423cf80 DEOPT UNPACKING pc=0x000001dfb0ec69a3 sp=0x000000bd240f7bd0 mode 2
Event: 9.824 Thread 0x000001dfa423cf80 DEOPT PACKING pc=0x000001dfaadb3037 sp=0x000000bd240fd530
Event: 9.824 Thread 0x000001dfa423cf80 DEOPT UNPACKING pc=0x000001dfb0ec7143 sp=0x000000bd240fca50 mode 0
Event: 9.826 Thread 0x000001dfa423cf80 DEOPT PACKING pc=0x000001dfaa3c643c sp=0x000000bd240fd1b0
Event: 9.826 Thread 0x000001dfa423cf80 DEOPT UNPACKING pc=0x000001dfb0ec7143 sp=0x000000bd240fc700 mode 0

Classes unloaded (0 events):
No events

Classes redefined (0 events):
No events

Internal exceptions (20 events):
Event: 4.298 Thread 0x000001dfa423cf80 Implicit null exception at 0x000001dfb144650f to 0x000001dfb1446589
Event: 4.307 Thread 0x000001dfa423cf80 Exception <a 'java/lang/NoSuchMethodError'{0x000000060dcb5600}: 'java.lang.Object java.lang.invoke.DirectMethodHandle$Holder.invokeStatic(java.lang.Object, int, java.lang.Object)'> (0x000000060dcb5600) 
thrown [s\src\hotspot\share\interpreter\linkResolver.cpp, line 771]
Event: 4.331 Thread 0x000001dfa423cf80 Implicit null exception at 0x000001dfb171ae5a to 0x000001dfb171b7a0
Event: 4.331 Thread 0x000001dfa423cf80 Implicit null exception at 0x000001dfb155b9bc to 0x000001dfb1562784
Event: 4.380 Thread 0x000001dfa423cf80 Implicit null exception at 0x000001dfb1682955 to 0x000001dfb1682b54
Event: 5.173 Thread 0x000001dfa423cf80 Implicit null exception at 0x000001dfb17d0679 to 0x000001dfb17d0a11
Event: 5.271 Thread 0x000001dfa423cf80 Exception <a 'java/lang/NoSuchMethodError'{0x00000006121672c0}: 'java.lang.Object java.lang.invoke.DirectMethodHandle$Holder.invokeInterface(java.lang.Object, java.lang.Object, java.lang.Object)'> (0x00000006121672c0) 
thrown [s\src\hotspot\share\interpreter\linkResolver.cpp, line 771]
Event: 5.271 Thread 0x000001dfa423cf80 Exception <a 'java/lang/IncompatibleClassChangeError'{0x000000061216b428}: Found class java.lang.Object, but interface was expected> (0x000000061216b428) 
thrown [s\src\hotspot\share\interpreter\linkResolver.cpp, line 838]
Event: 5.282 Thread 0x000001dfa423cf80 Exception <a 'java/lang/NoSuchMethodError'{0x00000006121f9998}: 'java.lang.Object java.lang.invoke.DirectMethodHandle$Holder.newInvokeSpecial(java.lang.Object, java.lang.Object, java.lang.Object, java.lang.Object, java.lang.Object, java.lang.Object, java.lang.Object)'> (0x00000006121f9998) 
thrown [s\src\hotspot\share\interpreter\linkResolver.cpp, line 771]
Event: 5.282 Thread 0x000001dfa423cf80 Exception <a 'java/lang/NoSuchMethodError'{0x00000006121fed48}: 'java.lang.Object java.lang.invoke.Invokers$Holder.linkToTargetMethod(java.lang.Object, java.lang.Object, java.lang.Object, java.lang.Object, java.lang.Object, java.lang.Object, java.lang.Object)'> (0x00000006121fed48) 
thrown [s\src\hotspot\share\interpreter\linkResolver.cpp, line 771]
Event: 5.363 Thread 0x000001dfa423cf80 Implicit null exception at 0x000001dfb15d1420 to 0x000001dfb15d159c
Event: 5.363 Thread 0x000001dfa423cf80 Implicit null exception at 0x000001dfb15ce4d8 to 0x000001dfb15ce56e
Event: 5.896 Thread 0x000001dfa423cf80 Implicit null exception at 0x000001dfb17d7388 to 0x000001dfb17dd2e8
Event: 6.336 Thread 0x000001dfa423cf80 Implicit null exception at 0x000001dfb1876b93 to 0x000001dfb187df60
Event: 7.192 Thread 0x000001dfa423cf80 Implicit null exception at 0x000001dfb1910f77 to 0x000001dfb19121c8
Event: 7.414 Thread 0x000001dfa423cf80 Exception <a 'java/lang/NoSuchMethodError'{0x00000006111274c0}: 'void java.lang.invoke.DirectMethodHandle$Holder.invokeInterface(java.lang.Object, java.lang.Object)'> (0x00000006111274c0) 
thrown [s\src\hotspot\share\interpreter\linkResolver.cpp, line 771]
Event: 7.445 Thread 0x000001dfa423cf80 Exception <a 'java/lang/IncompatibleClassChangeError'{0x000000061121c268}: Found class java.lang.Object, but interface was expected> (0x000000061121c268) 
thrown [s\src\hotspot\share\interpreter\linkResolver.cpp, line 838]
Event: 7.462 Thread 0x000001dfa423cf80 Implicit null exception at 0x000001dfb18fc670 to 0x000001dfb18fca64
Event: 7.533 Thread 0x000001dfa423cf80 Exception <a 'java/lang/NoSuchMethodError'{0x000000061085f6f0}: 'int java.lang.invoke.DirectMethodHandle$Holder.invokeStaticInit(java.lang.Object, int)'> (0x000000061085f6f0) 
thrown [s\src\hotspot\share\interpreter\linkResolver.cpp, line 771]
Event: 7.997 Thread 0x000001dfa423cf80 Exception <a 'java/lang/NoSuchMethodError'{0x000000060c0fb9d0}: 'java.lang.Object java.lang.invoke.DirectMethodHandle$Holder.newInvokeSpecial(java.lang.Object, int, java.lang.Object, java.lang.Object)'> (0x000000060c0fb9d0) 
thrown [s\src\hotspot\share\interpreter\linkResolver.cpp, line 771]

VM Operations (20 events):
Event: 9.278 Executing VM operation: ICBufferFull done
Event: 9.413 Executing VM operation: ICBufferFull
Event: 9.413 Executing VM operation: ICBufferFull done
Event: 9.454 Executing VM operation: HandshakeAllThreads
Event: 9.454 Executing VM operation: HandshakeAllThreads done
Event: 9.483 Executing VM operation: ICBufferFull
Event: 9.483 Executing VM operation: ICBufferFull done
Event: 9.485 Executing VM operation: HandshakeAllThreads
Event: 9.485 Executing VM operation: HandshakeAllThreads done
Event: 9.496 Executing VM operation: HandshakeAllThreads
Event: 9.496 Executing VM operation: HandshakeAllThreads done
Event: 9.544 Executing VM operation: ICBufferFull
Event: 9.545 Executing VM operation: ICBufferFull done
Event: 9.611 Executing VM operation: ICBufferFull
Event: 9.611 Executing VM operation: ICBufferFull done
Event: 9.700 Executing VM operation: HandshakeAllThreads
Event: 9.700 Executing VM operation: HandshakeAllThreads done
Event: 9.836 Executing VM operation: ICBufferFull
Event: 9.836 Executing VM operation: ICBufferFull done
Event: 9.867 Executing VM operation: G1CollectForAllocation

Events (20 events):
Event: 9.715 Thread 0x000001dfcebd1de0 flushing nmethod 0x000001dfaa800490
Event: 9.715 Thread 0x000001dfcebd1de0 flushing nmethod 0x000001dfaa817410
Event: 9.716 Thread 0x000001dfcebd1de0 flushing nmethod 0x000001dfaa957110
Event: 9.716 Thread 0x000001dfcebd1de0 flushing nmethod 0x000001dfaa99f510
Event: 9.717 Thread 0x000001dfcebd1de0 flushing nmethod 0x000001dfaaa36f10
Event: 9.717 Thread 0x000001dfcebd1de0 flushing nmethod 0x000001dfaaad6f10
Event: 9.717 Thread 0x000001dfcebd1de0 flushing nmethod 0x000001dfaaaf5a10
Event: 9.717 Thread 0x000001dfcebd1de0 flushing nmethod 0x000001dfaab0d890
Event: 9.718 Thread 0x000001dfcebd1de0 flushing nmethod 0x000001dfaaba6d10
Event: 9.718 Thread 0x000001dfcebd1de0 flushing nmethod 0x000001dfaac81690
Event: 9.719 Thread 0x000001dfcebd1de0 flushing nmethod 0x000001dfaaca0b10
Event: 9.719 Thread 0x000001dfcebd1de0 flushing nmethod 0x000001dfaacf2690
Event: 9.719 Thread 0x000001dfcebd1de0 flushing nmethod 0x000001dfaad36190
Event: 9.719 Thread 0x000001dfcebd1de0 flushing nmethod 0x000001dfaad38390
Event: 9.719 Thread 0x000001dfcebd1de0 flushing nmethod 0x000001dfaad44490
Event: 9.720 Thread 0x000001dfcebd1de0 flushing nmethod 0x000001dfaae71e10
Event: 9.721 Thread 0x000001dfcebd1de0 flushing nmethod 0x000001dfab048990
Event: 9.723 Thread 0x000001dfcebd1de0 flushing nmethod 0x000001dfab1a7110
Event: 9.723 Thread 0x000001dfcebd1de0 flushing nmethod 0x000001dfab1b5e90
Event: 9.728 Thread 0x000001dfcebd1de0 flushing nmethod 0x000001dfab755d90


Dynamic libraries:
0x00007ff671710000 - 0x00007ff67171a000 	A:\Android Studio\jbr\bin\java.exe
0x00007ffdbe930000 - 0x00007ffdbeb28000 	C:\WINDOWS\SYSTEM32\ntdll.dll
0x00007ffdbe5a0000 - 0x00007ffdbe65d000 	C:\WINDOWS\System32\KERNEL32.DLL
0x00007ffdbc150000 - 0x00007ffdbc446000 	C:\WINDOWS\System32\KERNELBASE.dll
0x00007ffdbc620000 - 0x00007ffdbc720000 	C:\WINDOWS\System32\ucrtbase.dll
0x00007ffdaf4a0000 - 0x00007ffdaf4b7000 	A:\Android Studio\jbr\bin\jli.dll
0x00007ffd87a20000 - 0x00007ffd87a3b000 	A:\Android Studio\jbr\bin\VCRUNTIME140.dll
0x00007ffdbcd60000 - 0x00007ffdbcefe000 	C:\WINDOWS\System32\USER32.dll
0x00007ffdbc940000 - 0x00007ffdbc962000 	C:\WINDOWS\System32\win32u.dll
0x00007ffda7630000 - 0x00007ffda78ca000 	C:\WINDOWS\WinSxS\amd64_microsoft.windows.common-controls_6595b64144ccf1df_6.0.19041.3636_none_60b6a03d71f818d5\COMCTL32.dll
0x00007ffdbe730000 - 0x00007ffdbe75b000 	C:\WINDOWS\System32\GDI32.dll
0x00007ffdbc9f0000 - 0x00007ffdbca8e000 	C:\WINDOWS\System32\msvcrt.dll
0x00007ffdbc790000 - 0x00007ffdbc8a7000 	C:\WINDOWS\System32\gdi32full.dll
0x00007ffdbc550000 - 0x00007ffdbc5ed000 	C:\WINDOWS\System32\msvcp_win.dll
0x00007ffdbe8a0000 - 0x00007ffdbe8d2000 	C:\WINDOWS\System32\IMM32.DLL
0x00007ffdae5c0000 - 0x00007ffdae5cc000 	A:\Android Studio\jbr\bin\vcruntime140_1.dll
0x00007ffd49690000 - 0x00007ffd4971d000 	A:\Android Studio\jbr\bin\msvcp140.dll
0x00007ffd46400000 - 0x00007ffd47083000 	A:\Android Studio\jbr\bin\server\jvm.dll
0x00007ffdbd000000 - 0x00007ffdbd0b3000 	C:\WINDOWS\System32\ADVAPI32.dll
0x00007ffdbe770000 - 0x00007ffdbe80f000 	C:\WINDOWS\System32\sechost.dll
0x00007ffdbd7f0000 - 0x00007ffdbd916000 	C:\WINDOWS\System32\RPCRT4.dll
0x00007ffdbc5f0000 - 0x00007ffdbc617000 	C:\WINDOWS\System32\bcrypt.dll
0x00007ffdbb9b0000 - 0x00007ffdbb9fb000 	C:\WINDOWS\SYSTEM32\POWRPROF.dll
0x00007ffdb77a0000 - 0x00007ffdb77a9000 	C:\WINDOWS\SYSTEM32\WSOCK32.dll
0x00007ffdb9d30000 - 0x00007ffdb9d57000 	C:\WINDOWS\SYSTEM32\WINMM.dll
0x00007ffdb9fa0000 - 0x00007ffdb9faa000 	C:\WINDOWS\SYSTEM32\VERSION.dll
0x00007ffdbd780000 - 0x00007ffdbd7eb000 	C:\WINDOWS\System32\WS2_32.dll
0x00007ffdbb960000 - 0x00007ffdbb972000 	C:\WINDOWS\SYSTEM32\UMPDC.dll
0x00007ffdba880000 - 0x00007ffdba892000 	C:\WINDOWS\SYSTEM32\kernel.appcore.dll
0x00007ffdb9410000 - 0x00007ffdb941a000 	A:\Android Studio\jbr\bin\jimage.dll
0x00007ffdae940000 - 0x00007ffdaeb24000 	C:\WINDOWS\SYSTEM32\DBGHELP.DLL
0x00007ffda2240000 - 0x00007ffda2274000 	C:\WINDOWS\SYSTEM32\dbgcore.DLL
0x00007ffdbc8b0000 - 0x00007ffdbc932000 	C:\WINDOWS\System32\bcryptPrimitives.dll
0x00007ffdb51e0000 - 0x00007ffdb5205000 	A:\Android Studio\jbr\bin\java.dll
0x00007ffdb51c0000 - 0x00007ffdb51d8000 	A:\Android Studio\jbr\bin\zip.dll
0x00007ffdbdd90000 - 0x00007ffdbe4d5000 	C:\WINDOWS\System32\SHELL32.dll
0x00007ffdba0a0000 - 0x00007ffdba83c000 	C:\WINDOWS\SYSTEM32\windows.storage.dll
0x00007ffdbd9d0000 - 0x00007ffdbdd24000 	C:\WINDOWS\System32\combase.dll
0x00007ffdbba20000 - 0x00007ffdbba4e000 	C:\WINDOWS\SYSTEM32\Wldp.dll
0x00007ffdbe660000 - 0x00007ffdbe72d000 	C:\WINDOWS\System32\OLEAUT32.dll
0x00007ffdbd920000 - 0x00007ffdbd9cd000 	C:\WINDOWS\System32\SHCORE.dll
0x00007ffdbdd30000 - 0x00007ffdbdd85000 	C:\WINDOWS\System32\shlwapi.dll
0x00007ffdbbf20000 - 0x00007ffdbbf45000 	C:\WINDOWS\SYSTEM32\profapi.dll
0x00007ffdb37b0000 - 0x00007ffdb37c9000 	A:\Android Studio\jbr\bin\net.dll
0x00007ffdb6cb0000 - 0x00007ffdb6dba000 	C:\WINDOWS\SYSTEM32\WINHTTP.dll
0x00007ffdbb6b0000 - 0x00007ffdbb71a000 	C:\WINDOWS\system32\mswsock.dll
0x00007ffdb0a60000 - 0x00007ffdb0a76000 	A:\Android Studio\jbr\bin\nio.dll
0x00007ffdb51b0000 - 0x00007ffdb51c0000 	A:\Android Studio\jbr\bin\verify.dll

dbghelp: loaded successfully - version: 4.0.5 - missing functions: none
symbol engine: initialized successfully - sym options: 0x614 - pdb path: .;A:\Android Studio\jbr\bin;C:\WINDOWS\SYSTEM32;C:\WINDOWS\WinSxS\amd64_microsoft.windows.common-controls_6595b64144ccf1df_6.0.19041.3636_none_60b6a03d71f818d5;A:\Android Studio\jbr\bin\server

VM Arguments:
java_command: org.jetbrains.kotlin.cli.jvm.K2JVMCompiler @A:\Android Project\CoLink\app\build\20240314_2844078473813108239.compiler.options
java_class_path (initial): C:\Users\zaq86\.gradle\caches\modules-2\files-2.1\org.jetbrains.kotlin\kotlin-compiler-embeddable\1.9.22\9cd4dc7773cf2a99ecd961a88fbbc9a2da3fb5e1\kotlin-compiler-embeddable-1.9.22.jar;C:\Users\zaq86\.gradle\caches\modules-2\files-2.1\org.jetbrains.kotlin\kotlin-stdlib\1.9.22\d6c44cd08d8f3f9bece8101216dbe6553365c6e3\kotlin-stdlib-1.9.22.jar;C:\Users\zaq86\.gradle\caches\modules-2\files-2.1\org.jetbrains.kotlin\kotlin-script-runtime\1.9.22\f8139a46fc677ec9badc49ae954392f4f5e7e7c7\kotlin-script-runtime-1.9.22.jar;C:\Users\zaq86\.gradle\caches\modules-2\files-2.1\org.jetbrains.kotlin\kotlin-reflect\1.6.10\1cbe9c92c12a94eea200d23c2bbaedaf3daf5132\kotlin-reflect-1.6.10.jar;C:\Users\zaq86\.gradle\caches\modules-2\files-2.1\org.jetbrains.kotlin\kotlin-daemon-embeddable\1.9.22\20e2c5df715f3240c765cfc222530e2796542021\kotlin-daemon-embeddable-1.9.22.jar;C:\Users\zaq86\.gradle\caches\modules-2\files-2.1\org.jetbrains.intellij.deps\trove4j\1.0.20200330\3afb14d5f9ceb459d724e907a21145e8ff394f02\trove4j-1.0.20200330.jar;C:\Users\zaq86\.gradle\caches\modules-2\files-2.1\org.jetbrains\annotations\13.0\919f0dfe192fb4e063e7dacadee7f8bb9a2672a9\annotations-13.0.jar
Launcher Type: SUN_STANDARD

[Global flags]
     intx CICompilerCount                          = 4                                         {product} {ergonomic}
     uint ConcGCThreads                            = 3                                         {product} {ergonomic}
     uint G1ConcRefinementThreads                  = 10                                        {product} {ergonomic}
   size_t G1HeapRegionSize                         = 4194304                                   {product} {ergonomic}
    uintx GCDrainStackTargetSize                   = 64                                        {product} {ergonomic}
   size_t InitialHeapSize                          = 536870912                                 {product} {ergonomic}
   size_t MarkStackSize                            = 4194304                                   {product} {ergonomic}
   size_t MaxHeapSize                              = 8573157376                                {product} {ergonomic}
   size_t MaxNewSize                               = 5142216704                                {product} {ergonomic}
   size_t MinHeapDeltaBytes                        = 4194304                                   {product} {ergonomic}
   size_t MinHeapSize                              = 8388608                                   {product} {ergonomic}
    uintx NonNMethodCodeHeapSize                   = 5839372                                {pd product} {ergonomic}
    uintx NonProfiledCodeHeapSize                  = 122909434                              {pd product} {ergonomic}
    uintx ProfiledCodeHeapSize                     = 122909434                              {pd product} {ergonomic}
    uintx ReservedCodeCacheSize                    = 251658240                              {pd product} {ergonomic}
     bool SegmentedCodeCache                       = true                                      {product} {ergonomic}
   size_t SoftMaxHeapSize                          = 8573157376                             {manageable} {ergonomic}
     bool UseCompressedClassPointers               = true                           {product lp64_product} {ergonomic}
     bool UseCompressedOops                        = true                           {product lp64_product} {ergonomic}
     bool UseG1GC                                  = true                                      {product} {ergonomic}
     bool UseLargePagesIndividualAllocation        = false                                  {pd product} {ergonomic}

Logging:
Log output configuration:
 #0: stdout all=warning uptime,level,tags
 #1: stderr all=off uptime,level,tags

Environment Variables:
JAVA_HOME=C:\Program Files\Java\jdk-19
PATH=C:\Program Files\Google\Chrome\Application;C:\Program Files\Common Files\Oracle\Java\javapath;C:\WINDOWS\system32;C:\WINDOWS;C:\WINDOWS\System32\Wbem;C:\WINDOWS\System32\WindowsPowerShell\v1.0\;C:\WINDOWS\System32\OpenSSH\;C:\Program Files\Bandizip\;C:\Program Files (x86)\NVIDIA Corporation\PhysX\Common;C:\Program Files\NVIDIA Corporation\NVIDIA NvDLISR;C:\Program Files (x86)\GtkSharp\2.12\bin;C:\Program Files\dotnet\;C:\Program Files\gs\gs10.01.2\bin;C:\Program Files\Git\cmd;%JAVA_HOME%\bin;D:\kotlinc\bin;A:\Program Files\Java\jdk-15\bin;C:\Program Files\nodejs\;C:\Users\zaq86\AppData\Local\Programs\Python\Launcher\;C:\Users\zaq86\AppData\Local\Microsoft\WindowsApps;C:\Users\zaq86\AppData\Local\Programs\Microsoft VS Code\bin;C:\Users\zaq86\.dotnet\tools;C:\Users\zaq86\AppData\Local\afreeca;C:\Users\zaq86\AppData\Local\GitHubDesktop\bin;C:\Users\zaq86\AppData\Roaming\npm
USERNAME=zaq86
OS=Windows_NT
PROCESSOR_IDENTIFIER=AMD64 Family 23 Model 113 Stepping 0, AuthenticAMD
TMP=C:\Users\zaq86\AppData\Local\Temp
TEMP=C:\Users\zaq86\AppData\Local\Temp



Periodic native trim disabled

JNI global refs:
JNI global refs: 13, weak refs: 4

JNI global refs memory usage: 843, weak refs: 841

OOME stack traces (most recent first):
Classloader memory used:
Loader jdk.internal.loader.ClassLoaders$AppClassLoader                                 : 6773K
Loader bootstrap                                                                       : 1391K
Loader jdk.internal.reflect.DelegatingClassLoader                                      : 101849B
Loader java.net.URLClassLoader                                                         : 20796B


---------------  S Y S T E M  ---------------

OS:
 Windows 10 , 64 bit Build 19041 (10.0.19041.3636)
OS uptime: 7 days 23:07 hours

CPU: total 12 (initial active 12) (12 cores per cpu, 2 threads per core) family 23 model 113 stepping 0 microcode 0x0, cx8, cmov, fxsr, ht, mmx, 3dnowpref, sse, sse2, sse3, ssse3, sse4a, sse4.1, sse4.2, popcnt, lzcnt, tsc, tscinvbit, avx, avx2, aes, clmul, bmi1, bmi2, adx, sha, fma, vzeroupper, clflush, clflushopt
Processor Information for all 12 processors :
  Max Mhz: 3801, Current Mhz: 3801, Mhz Limit: 3801

Memory: 4k page, system-wide physical 32693M (7248M free)
TotalPageFile size 49077M (AvailPageFile size 159M)
current process WorkingSet (physical memory assigned to process): 523M, peak: 528M
current process commit charge ("private bytes"): 580M, peak: 785M

vm_info: OpenJDK 64-Bit Server VM (17.0.9+0--11185874) for windows-amd64 JRE (17.0.9+0--11185874), built on Dec  6 2023 18:57:44 by "androidbuild" with MS VC++ 16.10 / 16.11 (VS2019)

END.
