#
# There is insufficient memory for the Java Runtime Environment to continue.
# Native memory allocation (malloc) failed to allocate 1546576 bytes for Chunk::new
# Possible reasons:
#   The system is out of physical RAM or swap space
#   The process is running with CompressedOops enabled, and the Java Heap may be blocking the growth of the native heap
# Possible solutions:
#   Reduce memory load on the system
#   Increase physical memory or swap space
#   Check if swap backing store is full
#   Decrease Java heap size (-Xmx/-Xms)
#   Decrease number of Java threads
#   Decrease Java thread stack sizes (-Xss)
#   Set larger code cache with -XX:ReservedCodeCacheSize=
#   JVM is running with Zero Based Compressed Oops mode in which the Java heap is
#     placed in the first 32GB address space. The Java Heap base address is the
#     maximum limit for the native heap growth. Please use -XX:HeapBaseMinAddress
#     to set the Java Heap base and to place the Java Heap above 32GB virtual address.
# This output file may be truncated or incomplete.
#
#  Out of Memory Error (arena.cpp:191), pid=24860, tid=30376
#
# JRE version: OpenJDK Runtime Environment (17.0.9) (build 17.0.9+0--11185874)
# Java VM: OpenJDK 64-Bit Server VM (17.0.9+0--11185874, mixed mode, tiered, compressed oops, compressed class ptrs, g1 gc, windows-amd64)
# No core dump will be written. Minidumps are not enabled by default on client versions of Windows
#

---------------  S U M M A R Y ------------

Command Line: org.jetbrains.kotlin.cli.jvm.K2JVMCompiler @A:\Android Project\CoLink\app\build\20240314_10983126969365157295.compiler.options

Host: AMD Ryzen 5 3600X 6-Core Processor             , 12 cores, 31G,  Windows 10 , 64 bit Build 19041 (10.0.19041.3636)
Time: Thu Mar 14 23:19:44 2024  Windows 10 , 64 bit Build 19041 (10.0.19041.3636) elapsed time: 22.163458 seconds (0d 0h 0m 22s)

---------------  T H R E A D  ---------------

Current thread (0x000001fe7b322e40):  JavaThread "C2 CompilerThread1" daemon [_thread_in_native, id=30376, stack(0x00000069ec400000,0x00000069ec500000)]


Current CompileTask:
C2:  22163 23345       4       org.jetbrains.kotlin.ir.visitors.IrElementTransformerVoid::visitCall (16 bytes)

Stack: [0x00000069ec400000,0x00000069ec500000]
Native frames: (J=compiled Java code, j=interpreted, Vv=VM code, C=native code)
V  [jvm.dll+0x6886e9]
V  [jvm.dll+0x841e4a]
V  [jvm.dll+0x843a8e]
V  [jvm.dll+0x8440f3]
V  [jvm.dll+0x24c14f]
V  [jvm.dll+0xac44c]
V  [jvm.dll+0xaca9c]
V  [jvm.dll+0x36c1a2]
V  [jvm.dll+0x1be4b6]
V  [jvm.dll+0x21df09]
V  [jvm.dll+0x21d1d1]
V  [jvm.dll+0x1a674d]
V  [jvm.dll+0x22d088]
V  [jvm.dll+0x22b1c0]
V  [jvm.dll+0x7f62f7]
V  [jvm.dll+0x7f06aa]
V  [jvm.dll+0x687565]
C  [ucrtbase.dll+0x21bb2]
C  [KERNEL32.DLL+0x17344]
C  [ntdll.dll+0x526b1]


---------------  P R O C E S S  ---------------

Threads class SMR info:
_java_thread_list=0x000001fe0cc24590, length=14, elements={
0x000001fe5a9cde30, 0x000001fe785bb200, 0x000001fe785bc080, 0x000001fe7b189bc0,
0x000001fe7b1ae410, 0x000001fe7b1b0ee0, 0x000001fe7b1b18a0, 0x000001fe7b1b2e60,
0x000001fe7b1b3910, 0x000001fe7b1b9820, 0x000001fe7b3159f0, 0x000001fe7b320340,
0x000001fe7b322e40, 0x000001fe0cbcc140
}

Java Threads: ( => current thread )
  0x000001fe5a9cde30 JavaThread "main" [_thread_in_vm, id=37612, stack(0x00000069eb100000,0x00000069eb200000)]
  0x000001fe785bb200 JavaThread "Reference Handler" daemon [_thread_blocked, id=25220, stack(0x00000069eb800000,0x00000069eb900000)]
  0x000001fe785bc080 JavaThread "Finalizer" daemon [_thread_blocked, id=36460, stack(0x00000069eb900000,0x00000069eba00000)]
  0x000001fe7b189bc0 JavaThread "Signal Dispatcher" daemon [_thread_blocked, id=20808, stack(0x00000069eba00000,0x00000069ebb00000)]
  0x000001fe7b1ae410 JavaThread "Attach Listener" daemon [_thread_blocked, id=24468, stack(0x00000069ebb00000,0x00000069ebc00000)]
  0x000001fe7b1b0ee0 JavaThread "Service Thread" daemon [_thread_blocked, id=3468, stack(0x00000069ebc00000,0x00000069ebd00000)]
  0x000001fe7b1b18a0 JavaThread "Monitor Deflation Thread" daemon [_thread_blocked, id=528, stack(0x00000069ebd00000,0x00000069ebe00000)]
  0x000001fe7b1b2e60 JavaThread "C2 CompilerThread0" daemon [_thread_in_native, id=32400, stack(0x00000069ebe00000,0x00000069ebf00000)]
  0x000001fe7b1b3910 JavaThread "C1 CompilerThread0" daemon [_thread_blocked, id=25804, stack(0x00000069ebf00000,0x00000069ec000000)]
  0x000001fe7b1b9820 JavaThread "Sweeper thread" daemon [_thread_blocked, id=29024, stack(0x00000069ec000000,0x00000069ec100000)]
  0x000001fe7b3159f0 JavaThread "Notification Thread" daemon [_thread_blocked, id=37652, stack(0x00000069ec100000,0x00000069ec200000)]
  0x000001fe7b320340 JavaThread "Common-Cleaner" daemon [_thread_blocked, id=1524, stack(0x00000069ec300000,0x00000069ec400000)]
=>0x000001fe7b322e40 JavaThread "C2 CompilerThread1" daemon [_thread_in_native, id=30376, stack(0x00000069ec400000,0x00000069ec500000)]
  0x000001fe0cbcc140 JavaThread "C2 CompilerThread2" daemon [_thread_in_native, id=10084, stack(0x00000069ed000000,0x00000069ed100000)]

Other Threads:
  0x000001fe785a79f0 VMThread "VM Thread" [stack: 0x00000069eb700000,0x00000069eb800000] [id=29112]
  0x000001fe7b315ed0 WatcherThread [stack: 0x00000069ec200000,0x00000069ec300000] [id=18504]
  0x000001fe5aa7cb10 GCTaskThread "GC Thread#0" [stack: 0x00000069eb200000,0x00000069eb300000] [id=31696]
  0x000001fe0c511f30 GCTaskThread "GC Thread#1" [stack: 0x00000069ec500000,0x00000069ec600000] [id=34204]
  0x000001fe0c50dbb0 GCTaskThread "GC Thread#2" [stack: 0x00000069ec600000,0x00000069ec700000] [id=34860]
  0x000001fe0c50de70 GCTaskThread "GC Thread#3" [stack: 0x00000069ec700000,0x00000069ec800000] [id=11908]
  0x000001fe0c50e130 GCTaskThread "GC Thread#4" [stack: 0x00000069ec800000,0x00000069ec900000] [id=7572]
  0x000001fe0c50e3f0 GCTaskThread "GC Thread#5" [stack: 0x00000069ec900000,0x00000069eca00000] [id=11116]
  0x000001fe0c50e6b0 GCTaskThread "GC Thread#6" [stack: 0x00000069eca00000,0x00000069ecb00000] [id=27312]
  0x000001fe0c4e0450 GCTaskThread "GC Thread#7" [stack: 0x00000069ecb00000,0x00000069ecc00000] [id=32484]
  0x000001fe0c4e0710 GCTaskThread "GC Thread#8" [stack: 0x00000069ecc00000,0x00000069ecd00000] [id=33204]
  0x000001fe0c4e09d0 GCTaskThread "GC Thread#9" [stack: 0x00000069ecd00000,0x00000069ece00000] [id=19668]
  0x000001fe5aa8d9e0 ConcurrentGCThread "G1 Main Marker" [stack: 0x00000069eb300000,0x00000069eb400000] [id=5136]
  0x000001fe5aa8eba0 ConcurrentGCThread "G1 Conc#0" [stack: 0x00000069eb400000,0x00000069eb500000] [id=32008]
  0x000001fe0ca3e720 ConcurrentGCThread "G1 Conc#1" [stack: 0x00000069ece00000,0x00000069ecf00000] [id=6704]
  0x000001fe0ca7d240 ConcurrentGCThread "G1 Conc#2" [stack: 0x00000069ecf00000,0x00000069ed000000] [id=17856]
  0x000001fe784c1df0 ConcurrentGCThread "G1 Refine#0" [stack: 0x00000069eb500000,0x00000069eb600000] [id=18992]
  0x000001fe0db79130 ConcurrentGCThread "G1 Refine#1" [stack: 0x00000069ed100000,0x00000069ed200000] [id=21580]
  0x000001fe0db79420 ConcurrentGCThread "G1 Refine#2" [stack: 0x00000069ed200000,0x00000069ed300000] [id=2140]
  0x000001fe0db79cf0 ConcurrentGCThread "G1 Refine#3" [stack: 0x00000069ed300000,0x00000069ed400000] [id=36116]
  0x000001fe0db773d0 ConcurrentGCThread "G1 Refine#4" [stack: 0x00000069ed400000,0x00000069ed500000] [id=20696]
  0x000001fe0db77f90 ConcurrentGCThread "G1 Refine#5" [stack: 0x00000069ed500000,0x00000069ed600000] [id=22104]
  0x000001fe0db7a8b0 ConcurrentGCThread "G1 Refine#6" [stack: 0x00000069ed600000,0x00000069ed700000] [id=31760]
  0x000001fe0db7aba0 ConcurrentGCThread "G1 Refine#7" [stack: 0x00000069ed700000,0x00000069ed800000] [id=33016]
  0x000001fe0f2f63a0 ConcurrentGCThread "G1 Refine#8" [stack: 0x00000069ed800000,0x00000069ed900000] [id=36260]
  0x000001fe784c2820 ConcurrentGCThread "G1 Service" [stack: 0x00000069eb600000,0x00000069eb700000] [id=34932]

Threads with active compile tasks:
C2 CompilerThread0    22172 22838       4       org.jetbrains.kotlin.load.java.typeEnhancement.AbstractSignatureParts::computeIndexedQualifiers (528 bytes)
C1 CompilerThread0    22172 24146       2       org.jetbrains.kotlin.backend.jvm.lower.UniqueLoopLabelsLowering$lower$1::visitSimpleFunction (13 bytes)
C2 CompilerThread1    22172 23345       4       org.jetbrains.kotlin.ir.visitors.IrElementTransformerVoid::visitCall (16 bytes)
C2 CompilerThread2    22172 23461       4       org.jetbrains.kotlin.ir.visitors.IrElementTransformerVoid::visitCall (10 bytes)

VM state: not at safepoint (normal execution)

VM Mutex/Monitor currently owned by a thread:  ([mutex/lock_event])
[0x000001fe5a9c5ea0] CodeCache_lock - owner thread: 0x000001fe5a9cde30
[0x000001fe5a9c9400] Compile_lock - owner thread: 0x000001fe5a9cde30

Heap address: 0x0000000601000000, size: 8176 MB, Compressed Oops mode: Zero based, Oop shift amount: 3

CDS archive(s) not mapped
Compressed class space mapped at: 0x0000000800000000-0x0000000840000000, reserved size: 1073741824
Narrow klass base: 0x0000000800000000, Narrow klass shift: 0, Narrow klass range: 0x40000000

GC Precious Log:
 CPUs: 12 total, 12 available
 Memory: 32693M
 Large Page Support: Disabled
 NUMA Support: Disabled
 Compressed Oops: Enabled (Zero based)
 Heap Region Size: 4M
 Heap Min Capacity: 8M
 Heap Initial Capacity: 512M
 Heap Max Capacity: 8176M
 Pre-touch: Disabled
 Parallel Workers: 10
 Concurrent Workers: 3
 Concurrent Refinement Workers: 10
 Periodic GC: Disabled

Heap:
 garbage-first heap   total 385024K, used 234522K [0x0000000601000000, 0x0000000800000000)
  region size 4096K, 13 young (53248K), 4 survivors (16384K)
 Metaspace       used 89392K, committed 89856K, reserved 1179648K
  class space    used 9236K, committed 9472K, reserved 1048576K

Heap Regions: E=young(eden), S=young(survivor), O=old, HS=humongous(starts), HC=humongous(continues), CS=collection set, F=free, OA=open archive, CA=closed archive, TAMS=top-at-mark-start (previous, next)
|   0|0x0000000601000000, 0x0000000601400000, 0x0000000601400000|100%|HS|  |TAMS 0x0000000601400000, 0x0000000601000000| Complete 
|   1|0x0000000601400000, 0x0000000601500400, 0x0000000601800000| 25%| O|  |TAMS 0x0000000601500400, 0x0000000601400000| Untracked 
|   2|0x0000000601800000, 0x0000000601c00000, 0x0000000601c00000|100%| O|  |TAMS 0x0000000601c00000, 0x0000000601800000| Untracked 
|   3|0x0000000601c00000, 0x0000000602000000, 0x0000000602000000|100%| O|  |TAMS 0x0000000602000000, 0x0000000601c00000| Untracked 
|   4|0x0000000602000000, 0x0000000602400000, 0x0000000602400000|100%| O|  |TAMS 0x0000000602400000, 0x0000000602000000| Untracked 
|   5|0x0000000602400000, 0x0000000602800000, 0x0000000602800000|100%| O|  |TAMS 0x0000000602800000, 0x0000000602400000| Untracked 
|   6|0x0000000602800000, 0x0000000602c00000, 0x0000000602c00000|100%| O|  |TAMS 0x0000000602c00000, 0x0000000602800000| Untracked 
|   7|0x0000000602c00000, 0x0000000603000000, 0x0000000603000000|100%| O|  |TAMS 0x0000000603000000, 0x0000000602c00000| Untracked 
|   8|0x0000000603000000, 0x0000000603400000, 0x0000000603400000|100%| O|  |TAMS 0x0000000603400000, 0x0000000603000000| Untracked 
|   9|0x0000000603400000, 0x0000000603800000, 0x0000000603800000|100%| O|  |TAMS 0x0000000603800000, 0x0000000603400000| Untracked 
|  10|0x0000000603800000, 0x0000000603c00000, 0x0000000603c00000|100%| O|  |TAMS 0x0000000603c00000, 0x0000000603800000| Untracked 
|  11|0x0000000603c00000, 0x0000000604000000, 0x0000000604000000|100%| O|  |TAMS 0x0000000604000000, 0x0000000603c00000| Untracked 
|  12|0x0000000604000000, 0x0000000604400000, 0x0000000604400000|100%| O|  |TAMS 0x0000000604400000, 0x0000000604000000| Untracked 
|  13|0x0000000604400000, 0x0000000604800000, 0x0000000604800000|100%| O|  |TAMS 0x0000000604800000, 0x0000000604400000| Untracked 
|  14|0x0000000604800000, 0x0000000604c00000, 0x0000000604c00000|100%| O|  |TAMS 0x0000000604c00000, 0x0000000604800000| Untracked 
|  15|0x0000000604c00000, 0x0000000605000000, 0x0000000605000000|100%| O|  |TAMS 0x0000000605000000, 0x0000000604c00000| Untracked 
|  16|0x0000000605000000, 0x0000000605400000, 0x0000000605400000|100%| O|  |TAMS 0x0000000605400000, 0x0000000605000000| Untracked 
|  17|0x0000000605400000, 0x0000000605800000, 0x0000000605800000|100%| O|  |TAMS 0x0000000605800000, 0x0000000605400000| Untracked 
|  18|0x0000000605800000, 0x0000000605c00000, 0x0000000605c00000|100%| O|  |TAMS 0x0000000605c00000, 0x0000000605800000| Untracked 
|  19|0x0000000605c00000, 0x0000000606000000, 0x0000000606000000|100%| O|  |TAMS 0x0000000606000000, 0x0000000605c00000| Untracked 
|  20|0x0000000606000000, 0x0000000606400000, 0x0000000606400000|100%| O|  |TAMS 0x0000000606400000, 0x0000000606000000| Untracked 
|  21|0x0000000606400000, 0x0000000606800000, 0x0000000606800000|100%| O|  |TAMS 0x0000000606800000, 0x0000000606400000| Untracked 
|  22|0x0000000606800000, 0x0000000606c00000, 0x0000000606c00000|100%| O|  |TAMS 0x0000000606c00000, 0x0000000606800000| Untracked 
|  23|0x0000000606c00000, 0x0000000607000000, 0x0000000607000000|100%| O|  |TAMS 0x0000000607000000, 0x0000000606c00000| Untracked 
|  24|0x0000000607000000, 0x0000000607400000, 0x0000000607400000|100%| O|  |TAMS 0x0000000607400000, 0x0000000607000000| Untracked 
|  25|0x0000000607400000, 0x0000000607800000, 0x0000000607800000|100%| O|  |TAMS 0x0000000607800000, 0x0000000607400000| Untracked 
|  26|0x0000000607800000, 0x0000000607c00000, 0x0000000607c00000|100%| O|  |TAMS 0x0000000607c00000, 0x0000000607800000| Untracked 
|  27|0x0000000607c00000, 0x0000000608000000, 0x0000000608000000|100%| O|  |TAMS 0x0000000608000000, 0x0000000607c00000| Untracked 
|  28|0x0000000608000000, 0x0000000608400000, 0x0000000608400000|100%| O|  |TAMS 0x0000000608400000, 0x0000000608000000| Untracked 
|  29|0x0000000608400000, 0x0000000608800000, 0x0000000608800000|100%| O|  |TAMS 0x0000000608800000, 0x0000000608400000| Untracked 
|  30|0x0000000608800000, 0x0000000608c00000, 0x0000000608c00000|100%| O|  |TAMS 0x0000000608c00000, 0x0000000608800000| Untracked 
|  31|0x0000000608c00000, 0x0000000609000000, 0x0000000609000000|100%| O|  |TAMS 0x0000000609000000, 0x0000000608c00000| Untracked 
|  32|0x0000000609000000, 0x0000000609400000, 0x0000000609400000|100%| O|  |TAMS 0x0000000609400000, 0x0000000609000000| Untracked 
|  33|0x0000000609400000, 0x0000000609800000, 0x0000000609800000|100%|HS|  |TAMS 0x0000000609800000, 0x0000000609400000| Complete 
|  34|0x0000000609800000, 0x0000000609c00000, 0x0000000609c00000|100%|HC|  |TAMS 0x0000000609c00000, 0x0000000609800000| Complete 
|  35|0x0000000609c00000, 0x000000060a000000, 0x000000060a000000|100%|HC|  |TAMS 0x000000060a000000, 0x0000000609c00000| Complete 
|  36|0x000000060a000000, 0x000000060a400000, 0x000000060a400000|100%| O|  |TAMS 0x000000060a400000, 0x000000060a000000| Untracked 
|  37|0x000000060a400000, 0x000000060a800000, 0x000000060a800000|100%| O|  |TAMS 0x000000060a800000, 0x000000060a400000| Untracked 
|  38|0x000000060a800000, 0x000000060ac00000, 0x000000060ac00000|100%| O|  |TAMS 0x000000060ac00000, 0x000000060a800000| Untracked 
|  39|0x000000060ac00000, 0x000000060b000000, 0x000000060b000000|100%| O|  |TAMS 0x000000060b000000, 0x000000060ac00000| Untracked 
|  40|0x000000060b000000, 0x000000060b400000, 0x000000060b400000|100%| O|  |TAMS 0x000000060b400000, 0x000000060b000000| Untracked 
|  41|0x000000060b400000, 0x000000060b800000, 0x000000060b800000|100%| O|  |TAMS 0x000000060b800000, 0x000000060b400000| Untracked 
|  42|0x000000060b800000, 0x000000060bc00000, 0x000000060bc00000|100%| O|  |TAMS 0x000000060bb04000, 0x000000060b800000| Untracked 
|  43|0x000000060bc00000, 0x000000060c000000, 0x000000060c000000|100%| O|  |TAMS 0x000000060bc00000, 0x000000060bc00000| Untracked 
|  44|0x000000060c000000, 0x000000060c400000, 0x000000060c400000|100%| O|  |TAMS 0x000000060c000000, 0x000000060c000000| Untracked 
|  45|0x000000060c400000, 0x000000060c800000, 0x000000060c800000|100%| O|  |TAMS 0x000000060c400000, 0x000000060c400000| Untracked 
|  46|0x000000060c800000, 0x000000060cc00000, 0x000000060cc00000|100%| O|  |TAMS 0x000000060c800000, 0x000000060c800000| Untracked 
|  47|0x000000060cc00000, 0x000000060cc17200, 0x000000060d000000|  2%| O|  |TAMS 0x000000060cc00000, 0x000000060cc00000| Untracked 
|  48|0x000000060d000000, 0x000000060d000000, 0x000000060d400000|  0%| F|  |TAMS 0x000000060d000000, 0x000000060d000000| Untracked 
|  49|0x000000060d400000, 0x000000060d400000, 0x000000060d800000|  0%| F|  |TAMS 0x000000060d400000, 0x000000060d400000| Untracked 
|  50|0x000000060d800000, 0x000000060d800000, 0x000000060dc00000|  0%| F|  |TAMS 0x000000060d800000, 0x000000060d800000| Untracked 
|  51|0x000000060dc00000, 0x000000060dc00000, 0x000000060e000000|  0%| F|  |TAMS 0x000000060dc00000, 0x000000060dc00000| Untracked 
|  52|0x000000060e000000, 0x000000060e000000, 0x000000060e400000|  0%| F|  |TAMS 0x000000060e000000, 0x000000060e000000| Untracked 
|  53|0x000000060e400000, 0x000000060e400000, 0x000000060e800000|  0%| F|  |TAMS 0x000000060e400000, 0x000000060e400000| Untracked 
|  54|0x000000060e800000, 0x000000060e800000, 0x000000060ec00000|  0%| F|  |TAMS 0x000000060e800000, 0x000000060e800000| Untracked 
|  55|0x000000060ec00000, 0x000000060ec00000, 0x000000060f000000|  0%| F|  |TAMS 0x000000060ec00000, 0x000000060ec00000| Untracked 
|  56|0x000000060f000000, 0x000000060f000000, 0x000000060f400000|  0%| F|  |TAMS 0x000000060f000000, 0x000000060f000000| Untracked 
|  57|0x000000060f400000, 0x000000060f400000, 0x000000060f800000|  0%| F|  |TAMS 0x000000060f400000, 0x000000060f400000| Untracked 
|  58|0x000000060f800000, 0x000000060f800000, 0x000000060fc00000|  0%| F|  |TAMS 0x000000060f800000, 0x000000060f800000| Untracked 
|  59|0x000000060fc00000, 0x000000060fc00000, 0x0000000610000000|  0%| F|  |TAMS 0x000000060fc00000, 0x000000060fc00000| Untracked 
|  60|0x0000000610000000, 0x00000006103ef340, 0x0000000610400000| 98%| S|CS|TAMS 0x0000000610000000, 0x0000000610000000| Complete 
|  61|0x0000000610400000, 0x0000000610400000, 0x0000000610800000|  0%| F|  |TAMS 0x0000000610400000, 0x0000000610400000| Untracked 
|  62|0x0000000610800000, 0x0000000610c00000, 0x0000000610c00000|100%| S|CS|TAMS 0x0000000610800000, 0x0000000610800000| Complete 
|  63|0x0000000610c00000, 0x0000000611000000, 0x0000000611000000|100%| S|CS|TAMS 0x0000000610c00000, 0x0000000610c00000| Complete 
|  64|0x0000000611000000, 0x0000000611400000, 0x0000000611400000|100%| S|CS|TAMS 0x0000000611000000, 0x0000000611000000| Complete 
|  65|0x0000000611400000, 0x0000000611400000, 0x0000000611800000|  0%| F|  |TAMS 0x0000000611400000, 0x0000000611400000| Untracked 
|  66|0x0000000611800000, 0x0000000611800000, 0x0000000611c00000|  0%| F|  |TAMS 0x0000000611800000, 0x0000000611800000| Untracked 
|  67|0x0000000611c00000, 0x0000000611c00000, 0x0000000612000000|  0%| F|  |TAMS 0x0000000611c00000, 0x0000000611c00000| Untracked 
|  68|0x0000000612000000, 0x0000000612000000, 0x0000000612400000|  0%| F|  |TAMS 0x0000000612000000, 0x0000000612000000| Untracked 
|  69|0x0000000612400000, 0x0000000612400000, 0x0000000612800000|  0%| F|  |TAMS 0x0000000612400000, 0x0000000612400000| Untracked 
|  70|0x0000000612800000, 0x0000000612800000, 0x0000000612c00000|  0%| F|  |TAMS 0x0000000612800000, 0x0000000612800000| Untracked 
|  71|0x0000000612c00000, 0x0000000612c00000, 0x0000000613000000|  0%| F|  |TAMS 0x0000000612c00000, 0x0000000612c00000| Untracked 
|  72|0x0000000613000000, 0x0000000613000000, 0x0000000613400000|  0%| F|  |TAMS 0x0000000613000000, 0x0000000613000000| Untracked 
|  73|0x0000000613400000, 0x0000000613400000, 0x0000000613800000|  0%| F|  |TAMS 0x0000000613400000, 0x0000000613400000| Untracked 
|  74|0x0000000613800000, 0x0000000613800000, 0x0000000613c00000|  0%| F|  |TAMS 0x0000000613800000, 0x0000000613800000| Untracked 
|  75|0x0000000613c00000, 0x0000000613c00000, 0x0000000614000000|  0%| F|  |TAMS 0x0000000613c00000, 0x0000000613c00000| Untracked 
|  76|0x0000000614000000, 0x0000000614000000, 0x0000000614400000|  0%| F|  |TAMS 0x0000000614000000, 0x0000000614000000| Untracked 
|  77|0x0000000614400000, 0x0000000614400000, 0x0000000614800000|  0%| F|  |TAMS 0x0000000614400000, 0x0000000614400000| Untracked 
|  78|0x0000000614800000, 0x0000000614800000, 0x0000000614c00000|  0%| F|  |TAMS 0x0000000614800000, 0x0000000614800000| Untracked 
|  79|0x0000000614c00000, 0x0000000614c00000, 0x0000000615000000|  0%| F|  |TAMS 0x0000000614c00000, 0x0000000614c00000| Untracked 
|  80|0x0000000615000000, 0x0000000615000000, 0x0000000615400000|  0%| F|  |TAMS 0x0000000615000000, 0x0000000615000000| Untracked 
|  81|0x0000000615400000, 0x0000000615400000, 0x0000000615800000|  0%| F|  |TAMS 0x0000000615400000, 0x0000000615400000| Untracked 
|  82|0x0000000615800000, 0x0000000615800000, 0x0000000615c00000|  0%| F|  |TAMS 0x0000000615800000, 0x0000000615800000| Untracked 
|  83|0x0000000615c00000, 0x0000000615c00000, 0x0000000616000000|  0%| F|  |TAMS 0x0000000615c00000, 0x0000000615c00000| Untracked 
|  84|0x0000000616000000, 0x0000000616000000, 0x0000000616400000|  0%| F|  |TAMS 0x0000000616000000, 0x0000000616000000| Untracked 
|  85|0x0000000616400000, 0x00000006167fe378, 0x0000000616800000| 99%| E|  |TAMS 0x0000000616400000, 0x0000000616400000| Complete 
|  86|0x0000000616800000, 0x0000000616c00000, 0x0000000616c00000|100%| E|CS|TAMS 0x0000000616800000, 0x0000000616800000| Complete 
|  87|0x0000000616c00000, 0x0000000617000000, 0x0000000617000000|100%| E|CS|TAMS 0x0000000616c00000, 0x0000000616c00000| Complete 
|  88|0x0000000617000000, 0x0000000617400000, 0x0000000617400000|100%| E|CS|TAMS 0x0000000617000000, 0x0000000617000000| Complete 
|  89|0x0000000617400000, 0x0000000617800000, 0x0000000617800000|100%| E|CS|TAMS 0x0000000617400000, 0x0000000617400000| Complete 
|  90|0x0000000617800000, 0x0000000617c00000, 0x0000000617c00000|100%| E|CS|TAMS 0x0000000617800000, 0x0000000617800000| Complete 
|  91|0x0000000617c00000, 0x0000000618000000, 0x0000000618000000|100%| E|CS|TAMS 0x0000000617c00000, 0x0000000617c00000| Complete 
|  92|0x0000000618000000, 0x0000000618400000, 0x0000000618400000|100%| E|  |TAMS 0x0000000618000000, 0x0000000618000000| Complete 
| 127|0x0000000620c00000, 0x0000000621000000, 0x0000000621000000|100%| E|CS|TAMS 0x0000000620c00000, 0x0000000620c00000| Complete 

Card table byte_map: [0x000001fe6e400000,0x000001fe6f400000] _byte_map_base: 0x000001fe6b3f8000

Marking Bits (Prev, Next): (CMBitMap*) 0x000001fe5aa7d130, (CMBitMap*) 0x000001fe5aa7d170
 Prev Bits: [0x000001fe70400000, 0x000001fe783c0000)
 Next Bits: [0x000001fe00000000, 0x000001fe07fc0000)

Polling page: 0x000001fe58650000

Metaspace:

Usage:
  Non-class:     78.28 MB used.
      Class:      9.02 MB used.
       Both:     87.30 MB used.

Virtual space:
  Non-class space:      128.00 MB reserved,      78.50 MB ( 61%) committed,  2 nodes.
      Class space:        1.00 GB reserved,       9.25 MB ( <1%) committed,  1 nodes.
             Both:        1.12 GB reserved,      87.75 MB (  8%) committed. 

Chunk freelists:
   Non-Class:  1.09 MB
       Class:  6.57 MB
        Both:  7.66 MB

MaxMetaspaceSize: unlimited
CompressedClassSpaceSize: 1.00 GB
Initial GC threshold: 21.00 MB
Current GC threshold: 126.19 MB
CDS: off
MetaspaceReclaimPolicy: balanced
 - commit_granule_bytes: 65536.
 - commit_granule_words: 8192.
 - virtual_space_node_default_size: 8388608.
 - enlarge_chunks_in_place: 1.
 - new_chunks_are_fully_committed: 0.
 - uncommit_free_chunks: 1.
 - use_allocation_guard: 0.
 - handle_deallocations: 1.


Internal statistics:

num_allocs_failed_limit: 9.
num_arena_births: 750.
num_arena_deaths: 0.
num_vsnodes_births: 3.
num_vsnodes_deaths: 0.
num_space_committed: 1400.
num_space_uncommitted: 0.
num_chunks_returned_to_freelist: 9.
num_chunks_taken_from_freelist: 3970.
num_chunk_merges: 9.
num_chunk_splits: 2975.
num_chunks_enlarged: 2351.
num_inconsistent_stats: 0.

CodeHeap 'non-profiled nmethods': size=120000Kb used=14464Kb max_used=14464Kb free=105535Kb
 bounds [0x000001fe65980000, 0x000001fe667b0000, 0x000001fe6ceb0000]
CodeHeap 'profiled nmethods': size=120000Kb used=52326Kb max_used=52326Kb free=67673Kb
 bounds [0x000001fe5deb0000, 0x000001fe611d0000, 0x000001fe653e0000]
CodeHeap 'non-nmethods': size=5760Kb used=1416Kb max_used=1495Kb free=4343Kb
 bounds [0x000001fe653e0000, 0x000001fe65650000, 0x000001fe65980000]
 total_blobs=19285 nmethods=18549 adapters=644
 compilation: enabled
              stopped_count=0, restarted_count=0
 full_count=0

Compilation events (20 events):
Event: 22.160 Thread 0x000001fe7b1b3910 24133       2       org.jetbrains.kotlin.ir.visitors.IrElementTransformerVoid::visitEnumConstructorCall (13 bytes)
Event: 22.160 Thread 0x000001fe7b1b3910 nmethod 24133 0x000001fe611c6790 code [0x000001fe611c6980, 0x000001fe611c6c68]
Event: 22.160 Thread 0x000001fe7b1b3910 24136       2       org.jetbrains.kotlin.ir.visitors.IrElementTransformerVoid::visitEnumEntry (15 bytes)
Event: 22.160 Thread 0x000001fe7b1b3910 nmethod 24136 0x000001fe611c6e90 code [0x000001fe611c7080, 0x000001fe611c7368]
Event: 22.160 Thread 0x000001fe7b1b3910 24137       2       org.jetbrains.kotlin.backend.common.lower.loops.handlers.IndexedGetIterationHandler::<init> (21 bytes)
Event: 22.160 Thread 0x000001fe7b1b3910 nmethod 24137 0x000001fe611c7590 code [0x000001fe611c7760, 0x000001fe611c7a98]
Event: 22.160 Thread 0x000001fe7b1b3910 24119       1       org.jetbrains.kotlin.backend.jvm.lower.BridgeLowering$Bridge::getOverridden (5 bytes)
Event: 22.160 Thread 0x000001fe7b1b3910 nmethod 24119 0x000001fe6679ee90 code [0x000001fe6679f020, 0x000001fe6679f0f8]
Event: 22.160 Thread 0x000001fe7b1b3910 24103       1       org.jetbrains.kotlin.ir.builders.declarations.IrFunctionBuilder::setPrimary (6 bytes)
Event: 22.160 Thread 0x000001fe7b1b3910 nmethod 24103 0x000001fe6679f190 code [0x000001fe6679f320, 0x000001fe6679f3f8]
Event: 22.160 Thread 0x000001fe7b1b3910 24108       1       org.jetbrains.kotlin.ir.expressions.impl.IrGetValueImpl::getOrigin (5 bytes)
Event: 22.160 Thread 0x000001fe7b1b3910 nmethod 24108 0x000001fe6679f490 code [0x000001fe6679f620, 0x000001fe6679f6f8]
Event: 22.160 Thread 0x000001fe7b1b3910 24138       2       org.jetbrains.kotlin.backend.common.BodyLoweringVisitor::visitExpressionBody (13 bytes)
Event: 22.161 Thread 0x000001fe7b1b3910 nmethod 24138 0x000001fe611c7c90 code [0x000001fe611c7e80, 0x000001fe611c8228]
Event: 22.161 Thread 0x000001fe7b1b3910 24139       2       org.jetbrains.kotlin.ir.visitors.IrElementVisitor$DefaultImpls::visitExpressionBody (18 bytes)
Event: 22.161 Thread 0x000001fe7b1b3910 nmethod 24139 0x000001fe611c8490 code [0x000001fe611c8680, 0x000001fe611c8948]
Event: 22.161 Thread 0x000001fe7b1b3910 24140       2       org.jetbrains.kotlin.ir.visitors.IrElementTransformerVoid::visitEnumConstructorCall (16 bytes)
Event: 22.161 Thread 0x000001fe7b1b3910 nmethod 24140 0x000001fe611c8b10 code [0x000001fe611c8d00, 0x000001fe611c8fe8]
Event: 22.161 Thread 0x000001fe7b1b3910 24083       1       org.jetbrains.kotlin.ir.expressions.impl.IrGetObjectValueImpl::getSymbol (5 bytes)
Event: 22.161 Thread 0x000001fe7b1b3910 nmethod 24083 0x000001fe6679f790 code [0x000001fe6679f920, 0x000001fe6679f9f8]

GC Heap History (20 events):
Event: 7.660 GC heap before
{Heap before GC invocations=15 (full 0):
 garbage-first heap   total 319488K, used 210323K [0x0000000601000000, 0x0000000800000000)
  region size 4096K, 33 young (135168K), 3 survivors (12288K)
 Metaspace       used 64001K, committed 64320K, reserved 1114112K
  class space    used 7158K, committed 7296K, reserved 1048576K
}
Event: 7.672 GC heap after
{Heap after GC invocations=16 (full 0):
 garbage-first heap   total 319488K, used 96268K [0x0000000601000000, 0x0000000800000000)
  region size 4096K, 5 young (20480K), 5 survivors (20480K)
 Metaspace       used 64001K, committed 64320K, reserved 1114112K
  class space    used 7158K, committed 7296K, reserved 1048576K
}
Event: 9.438 GC heap before
{Heap before GC invocations=16 (full 0):
 garbage-first heap   total 319488K, used 223244K [0x0000000601000000, 0x0000000800000000)
  region size 4096K, 36 young (147456K), 5 survivors (20480K)
 Metaspace       used 66301K, committed 66752K, reserved 1114112K
  class space    used 7315K, committed 7552K, reserved 1048576K
}
Event: 9.458 GC heap after
{Heap after GC invocations=17 (full 0):
 garbage-first heap   total 319488K, used 107570K [0x0000000601000000, 0x0000000800000000)
  region size 4096K, 3 young (12288K), 3 survivors (12288K)
 Metaspace       used 66301K, committed 66752K, reserved 1114112K
  class space    used 7315K, committed 7552K, reserved 1048576K
}
Event: 11.336 GC heap before
{Heap before GC invocations=17 (full 0):
 garbage-first heap   total 319488K, used 234546K [0x0000000601000000, 0x0000000800000000)
  region size 4096K, 34 young (139264K), 3 survivors (12288K)
 Metaspace       used 67575K, committed 67968K, reserved 1114112K
  class space    used 7406K, committed 7616K, reserved 1048576K
}
Event: 11.353 GC heap after
{Heap after GC invocations=18 (full 0):
 garbage-first heap   total 319488K, used 118702K [0x0000000601000000, 0x0000000800000000)
  region size 4096K, 5 young (20480K), 5 survivors (20480K)
 Metaspace       used 67575K, committed 67968K, reserved 1114112K
  class space    used 7406K, committed 7616K, reserved 1048576K
}
Event: 12.998 GC heap before
{Heap before GC invocations=18 (full 0):
 garbage-first heap   total 319488K, used 241582K [0x0000000601000000, 0x0000000800000000)
  region size 4096K, 35 young (143360K), 5 survivors (20480K)
 Metaspace       used 68086K, committed 68608K, reserved 1114112K
  class space    used 7415K, committed 7680K, reserved 1048576K
}
Event: 13.019 GC heap after
{Heap after GC invocations=19 (full 0):
 garbage-first heap   total 319488K, used 130756K [0x0000000601000000, 0x0000000800000000)
  region size 4096K, 3 young (12288K), 3 survivors (12288K)
 Metaspace       used 68086K, committed 68608K, reserved 1114112K
  class space    used 7415K, committed 7680K, reserved 1048576K
}
Event: 14.381 GC heap before
{Heap before GC invocations=19 (full 0):
 garbage-first heap   total 319488K, used 245444K [0x0000000601000000, 0x0000000800000000)
  region size 4096K, 31 young (126976K), 3 survivors (12288K)
 Metaspace       used 68394K, committed 68864K, reserved 1114112K
  class space    used 7426K, committed 7680K, reserved 1048576K
}
Event: 14.397 GC heap after
{Heap after GC invocations=20 (full 0):
 garbage-first heap   total 385024K, used 140542K [0x0000000601000000, 0x0000000800000000)
  region size 4096K, 3 young (12288K), 3 survivors (12288K)
 Metaspace       used 68394K, committed 68864K, reserved 1114112K
  class space    used 7426K, committed 7680K, reserved 1048576K
}
Event: 16.041 GC heap before
{Heap before GC invocations=20 (full 0):
 garbage-first heap   total 385024K, used 304382K [0x0000000601000000, 0x0000000800000000)
  region size 4096K, 40 young (163840K), 3 survivors (12288K)
 Metaspace       used 68661K, committed 69120K, reserved 1114112K
  class space    used 7429K, committed 7680K, reserved 1048576K
}
Event: 16.056 GC heap after
{Heap after GC invocations=21 (full 0):
 garbage-first heap   total 385024K, used 161957K [0x0000000601000000, 0x0000000800000000)
  region size 4096K, 5 young (20480K), 5 survivors (20480K)
 Metaspace       used 68661K, committed 69120K, reserved 1114112K
  class space    used 7429K, committed 7680K, reserved 1048576K
}
Event: 17.423 GC heap before
{Heap before GC invocations=21 (full 0):
 garbage-first heap   total 385024K, used 301221K [0x0000000601000000, 0x0000000800000000)
  region size 4096K, 39 young (159744K), 5 survivors (20480K)
 Metaspace       used 68857K, committed 69312K, reserved 1114112K
  class space    used 7435K, committed 7680K, reserved 1048576K
}
Event: 17.441 GC heap after
{Heap after GC invocations=22 (full 0):
 garbage-first heap   total 385024K, used 172195K [0x0000000601000000, 0x0000000800000000)
  region size 4096K, 5 young (20480K), 5 survivors (20480K)
 Metaspace       used 68857K, committed 69312K, reserved 1114112K
  class space    used 7435K, committed 7680K, reserved 1048576K
}
Event: 18.295 GC heap before
{Heap before GC invocations=22 (full 0):
 garbage-first heap   total 385024K, used 307363K [0x0000000601000000, 0x0000000800000000)
  region size 4096K, 38 young (155648K), 5 survivors (20480K)
 Metaspace       used 69708K, committed 70144K, reserved 1114112K
  class space    used 7494K, committed 7744K, reserved 1048576K
}
Event: 18.310 GC heap after
{Heap after GC invocations=23 (full 0):
 garbage-first heap   total 385024K, used 178689K [0x0000000601000000, 0x0000000800000000)
  region size 4096K, 2 young (8192K), 2 survivors (8192K)
 Metaspace       used 69708K, committed 70144K, reserved 1114112K
  class space    used 7494K, committed 7744K, reserved 1048576K
}
Event: 19.934 GC heap before
{Heap before GC invocations=23 (full 0):
 garbage-first heap   total 385024K, used 309761K [0x0000000601000000, 0x0000000800000000)
  region size 4096K, 34 young (139264K), 2 survivors (8192K)
 Metaspace       used 76984K, committed 77440K, reserved 1179648K
  class space    used 8131K, committed 8384K, reserved 1048576K
}
Event: 19.951 GC heap after
{Heap after GC invocations=24 (full 0):
 garbage-first heap   total 385024K, used 190570K [0x0000000601000000, 0x0000000800000000)
  region size 4096K, 5 young (20480K), 5 survivors (20480K)
 Metaspace       used 76984K, committed 77440K, reserved 1179648K
  class space    used 8131K, committed 8384K, reserved 1048576K
}
Event: 21.533 GC heap before
{Heap before GC invocations=25 (full 0):
 garbage-first heap   total 385024K, used 309354K [0x0000000601000000, 0x0000000800000000)
  region size 4096K, 34 young (139264K), 5 survivors (20480K)
 Metaspace       used 83204K, committed 83648K, reserved 1179648K
  class space    used 8640K, committed 8896K, reserved 1048576K
}
Event: 21.554 GC heap after
{Heap after GC invocations=26 (full 0):
 garbage-first heap   total 385024K, used 205850K [0x0000000601000000, 0x0000000800000000)
  region size 4096K, 4 young (16384K), 4 survivors (16384K)
 Metaspace       used 83204K, committed 83648K, reserved 1179648K
  class space    used 8640K, committed 8896K, reserved 1048576K
}

Dll operation events (2 events):
Event: 0.004 Loaded shared library A:\Android Studio\jbr\bin\java.dll
Event: 0.612 Loaded shared library A:\Android Studio\jbr\bin\verify.dll

Deoptimization events (20 events):
Event: 21.941 Thread 0x000001fe5a9cde30 Uncommon trap: trap_request=0xffffffde fr.pc=0x000001fe65d27c2c relative=0x000000000000008c
Event: 21.941 Thread 0x000001fe5a9cde30 Uncommon trap: reason=class_check action=maybe_recompile pc=0x000001fe65d27c2c method=org.jetbrains.kotlin.ir.declarations.IrValueParameter.acceptChildren(Lorg/jetbrains/kotlin/ir/visitors/IrElementVisitor;Ljava/lang/Object;)V @ 7 c2
Event: 21.941 Thread 0x000001fe5a9cde30 DEOPT PACKING pc=0x000001fe65d27c2c sp=0x00000069eb1fa360
Event: 21.941 Thread 0x000001fe5a9cde30 DEOPT UNPACKING pc=0x000001fe654369a3 sp=0x00000069eb1fa2f8 mode 2
Event: 21.963 Thread 0x000001fe5a9cde30 Uncommon trap: trap_request=0xffffffde fr.pc=0x000001fe65d27c2c relative=0x000000000000008c
Event: 21.963 Thread 0x000001fe5a9cde30 Uncommon trap: reason=class_check action=maybe_recompile pc=0x000001fe65d27c2c method=org.jetbrains.kotlin.ir.declarations.IrValueParameter.acceptChildren(Lorg/jetbrains/kotlin/ir/visitors/IrElementVisitor;Ljava/lang/Object;)V @ 7 c2
Event: 21.963 Thread 0x000001fe5a9cde30 DEOPT PACKING pc=0x000001fe65d27c2c sp=0x00000069eb1fa360
Event: 21.963 Thread 0x000001fe5a9cde30 DEOPT UNPACKING pc=0x000001fe654369a3 sp=0x00000069eb1fa2f8 mode 2
Event: 21.964 Thread 0x000001fe5a9cde30 Uncommon trap: trap_request=0xffffffde fr.pc=0x000001fe6678473c relative=0x00000000000025dc
Event: 21.964 Thread 0x000001fe5a9cde30 Uncommon trap: reason=class_check action=maybe_recompile pc=0x000001fe6678473c method=org.jetbrains.kotlin.ir.util.TypeTranslator.translateType(Lorg/jetbrains/kotlin/types/KotlinType;Lorg/jetbrains/kotlin/types/Variance;)Lorg/jetbrains/kotlin/ir/types/IrT
Event: 21.964 Thread 0x000001fe5a9cde30 DEOPT PACKING pc=0x000001fe6678473c sp=0x00000069eb1fa650
Event: 21.964 Thread 0x000001fe5a9cde30 DEOPT UNPACKING pc=0x000001fe654369a3 sp=0x00000069eb1fa610 mode 2
Event: 21.964 Thread 0x000001fe5a9cde30 Uncommon trap: trap_request=0xffffffde fr.pc=0x000001fe6678473c relative=0x00000000000025dc
Event: 21.964 Thread 0x000001fe5a9cde30 Uncommon trap: reason=class_check action=maybe_recompile pc=0x000001fe6678473c method=org.jetbrains.kotlin.ir.util.TypeTranslator.translateType(Lorg/jetbrains/kotlin/types/KotlinType;Lorg/jetbrains/kotlin/types/Variance;)Lorg/jetbrains/kotlin/ir/types/IrT
Event: 21.964 Thread 0x000001fe5a9cde30 DEOPT PACKING pc=0x000001fe6678473c sp=0x00000069eb1fa4c0
Event: 21.964 Thread 0x000001fe5a9cde30 DEOPT UNPACKING pc=0x000001fe654369a3 sp=0x00000069eb1fa480 mode 2
Event: 22.066 Thread 0x000001fe5a9cde30 Uncommon trap: trap_request=0xffffffde fr.pc=0x000001fe666fb0f4 relative=0x0000000000004554
Event: 22.066 Thread 0x000001fe5a9cde30 Uncommon trap: reason=class_check action=maybe_recompile pc=0x000001fe666fb0f4 method=org.jetbrains.kotlin.ir.util.TypeTranslator.isMutabilityFlexible(Lorg/jetbrains/kotlin/types/KotlinType;)Z @ 42 c2
Event: 22.066 Thread 0x000001fe5a9cde30 DEOPT PACKING pc=0x000001fe666fb0f4 sp=0x00000069eb1fa4c0
Event: 22.066 Thread 0x000001fe5a9cde30 DEOPT UNPACKING pc=0x000001fe654369a3 sp=0x00000069eb1fa408 mode 2

Classes unloaded (0 events):
No events

Classes redefined (0 events):
No events

Internal exceptions (20 events):
Event: 8.019 Thread 0x000001fe5a9cde30 Implicit null exception at 0x000001fe65e56ed1 to 0x000001fe65e5bbc0
Event: 10.610 Thread 0x000001fe5a9cde30 Implicit null exception at 0x000001fe65b0343a to 0x000001fe65b06750
Event: 10.730 Thread 0x000001fe5a9cde30 Implicit null exception at 0x000001fe659b80f7 to 0x000001fe659b869c
Event: 10.941 Thread 0x000001fe5a9cde30 Implicit null exception at 0x000001fe660af6e4 to 0x000001fe660b4f94
Event: 13.594 Thread 0x000001fe5a9cde30 Implicit null exception at 0x000001fe6623a4d7 to 0x000001fe6623af38
Event: 17.265 Thread 0x000001fe5a9cde30 Implicit null exception at 0x000001fe65e3d6b4 to 0x000001fe65e3d745
Event: 17.522 Thread 0x000001fe5a9cde30 Implicit null exception at 0x000001fe65eb9f17 to 0x000001fe65eba0b6
Event: 17.762 Thread 0x000001fe5a9cde30 Implicit null exception at 0x000001fe65b925b7 to 0x000001fe65b92f11
Event: 18.691 Thread 0x000001fe5a9cde30 Implicit null exception at 0x000001fe6607bc33 to 0x000001fe6607bd94
Event: 18.714 Thread 0x000001fe5a9cde30 Exception <a 'java/lang/NoSuchMethodError'{0x000000061699ac90}: 'java.lang.Object java.lang.invoke.DirectMethodHandle$Holder.invokeStaticInit(java.lang.Object, java.lang.Object, java.lang.Object, java.lang.Object)'> (0x000000061699ac90) 
thrown [s\src\hotspot\share\interpreter\linkResolver.cpp, line 771]
Event: 18.887 Thread 0x000001fe5a9cde30 Exception <a 'java/lang/NoSuchMethodError'{0x000000061580d580}: 'java.lang.Object java.lang.invoke.DirectMethodHandle$Holder.newInvokeSpecial(java.lang.Object, java.lang.Object, java.lang.Object, int, int)'> (0x000000061580d580) 
thrown [s\src\hotspot\share\interpreter\linkResolver.cpp, line 771]
Event: 18.887 Thread 0x000001fe5a9cde30 Exception <a 'java/lang/NoSuchMethodError'{0x00000006158113c0}: 'java.lang.Object java.lang.invoke.DirectMethodHandle$Holder.invokeSpecial(java.lang.Object, java.lang.Object, java.lang.Object, java.lang.Object, int, int)'> (0x00000006158113c0) 
thrown [s\src\hotspot\share\interpreter\linkResolver.cpp, line 771]
Event: 19.033 Thread 0x000001fe5a9cde30 Exception <a 'java/lang/NoSuchMethodError'{0x000000061506a018}: 'java.lang.Object java.lang.invoke.DirectMethodHandle$Holder.newInvokeSpecial(java.lang.Object, java.lang.Object, int, int, java.lang.Object, java.lang.Object, java.lang.Object)'> (0x000000061506a018) 
thrown [s\src\hotspot\share\interpreter\linkResolver.cpp, line 771]
Event: 19.033 Thread 0x000001fe5a9cde30 Exception <a 'java/lang/NoSuchMethodError'{0x000000061506e8c0}: 'java.lang.Object java.lang.invoke.DirectMethodHandle$Holder.invokeSpecial(java.lang.Object, java.lang.Object, java.lang.Object, int, int, java.lang.Object, java.lang.Object, java.lang.Object)'> (0x000000061506e8c0) 
thrown [s\src\hotspot\share\interpreter\linkResolver.cpp, line 771]
Event: 19.099 Thread 0x000001fe5a9cde30 Exception <a 'java/lang/NoSuchMethodError'{0x00000006153e7618}: 'java.lang.Object java.lang.invoke.DirectMethodHandle$Holder.invokeSpecial(java.lang.Object, java.lang.Object, int, int, java.lang.Object, java.lang.Object, java.lang.Object, java.lang.Object, java.lang.Object)'> (0x00000006153e7618) 
thrown [s\src\hotspot\share\interpreter\linkResolver.cpp, line 771]
Event: 19.152 Thread 0x000001fe5a9cde30 Exception <a 'java/lang/NoSuchMethodError'{0x0000000614ee6460}: 'java.lang.Object java.lang.invoke.DirectMethodHandle$Holder.invokeStatic(java.lang.Object, java.lang.Object, java.lang.Object, int, int, java.lang.Object, java.lang.Object, java.lang.Object, java.lang.Object)'> (0x0000000614ee6460) 
thrown [s\src\hotspot\share\interpreter\linkResolver.cpp, line 771]
Event: 19.152 Thread 0x000001fe5a9cde30 Exception <a 'java/lang/NoSuchMethodError'{0x0000000614ef0728}: 'java.lang.Object java.lang.invoke.DirectMethodHandle$Holder.newInvokeSpecial(java.lang.Object, java.lang.Object, java.lang.Object, int, int, java.lang.Object)'> (0x0000000614ef0728) 
thrown [s\src\hotspot\share\interpreter\linkResolver.cpp, line 771]
Event: 19.153 Thread 0x000001fe5a9cde30 Exception <a 'java/lang/NoSuchMethodError'{0x0000000614ef80c8}: 'java.lang.Object java.lang.invoke.Invokers$Holder.linkToTargetMethod(java.lang.Object, java.lang.Object, int, int, java.lang.Object, java.lang.Object)'> (0x0000000614ef80c8) 
thrown [s\src\hotspot\share\interpreter\linkResolver.cpp, line 771]
Event: 20.990 Thread 0x000001fe5a9cde30 Implicit null exception at 0x000001fe65e76301 to 0x000001fe65e76600
Event: 21.165 Thread 0x000001fe5a9cde30 Implicit null exception at 0x000001fe666bc367 to 0x000001fe666bde64

VM Operations (20 events):
Event: 21.847 Executing VM operation: HandshakeAllThreads
Event: 21.847 Executing VM operation: HandshakeAllThreads done
Event: 21.847 Executing VM operation: HandshakeAllThreads
Event: 21.847 Executing VM operation: HandshakeAllThreads done
Event: 21.848 Executing VM operation: HandshakeAllThreads
Event: 21.848 Executing VM operation: HandshakeAllThreads done
Event: 21.851 Executing VM operation: ICBufferFull
Event: 21.851 Executing VM operation: ICBufferFull done
Event: 21.881 Executing VM operation: HandshakeAllThreads
Event: 21.881 Executing VM operation: HandshakeAllThreads done
Event: 21.927 Executing VM operation: ICBufferFull
Event: 21.927 Executing VM operation: ICBufferFull done
Event: 21.987 Executing VM operation: ICBufferFull
Event: 21.987 Executing VM operation: ICBufferFull done
Event: 22.042 Executing VM operation: HandshakeAllThreads
Event: 22.042 Executing VM operation: HandshakeAllThreads done
Event: 22.067 Executing VM operation: ICBufferFull
Event: 22.067 Executing VM operation: ICBufferFull done
Event: 22.159 Executing VM operation: ICBufferFull
Event: 22.159 Executing VM operation: ICBufferFull done

Events (20 events):
Event: 21.897 loading class java/lang/constant/PrimitiveClassDescImpl
Event: 21.897 loading class java/lang/constant/DynamicConstantDesc
Event: 21.897 loading class java/lang/constant/DynamicConstantDesc done
Event: 21.897 loading class java/lang/constant/PrimitiveClassDescImpl done
Event: 21.897 loading class java/lang/constant/DynamicConstantDesc$AnonymousDynamicConstantDesc
Event: 21.897 loading class java/lang/constant/DynamicConstantDesc$AnonymousDynamicConstantDesc done
Event: 21.897 loading class java/util/Base64
Event: 21.897 loading class java/util/Base64 done
Event: 21.897 loading class java/util/Base64$Encoder
Event: 21.897 loading class java/util/Base64$Encoder done
Event: 21.899 Thread 0x000001fe7b1b9820 flushing nmethod 0x000001fe607bac10
Event: 21.899 Thread 0x000001fe7b1b9820 flushing nmethod 0x000001fe607ffa10
Event: 21.901 Thread 0x000001fe7b1b9820 flushing nmethod 0x000001fe60b80390
Event: 21.902 Thread 0x000001fe7b1b9820 flushing nmethod 0x000001fe60c1da90
Event: 21.902 Thread 0x000001fe7b1b9820 flushing nmethod 0x000001fe60c7d410
Event: 21.902 Thread 0x000001fe7b1b9820 flushing nmethod 0x000001fe60c90d10
Event: 21.902 Thread 0x000001fe7b1b9820 flushing nmethod 0x000001fe60c92c10
Event: 21.902 Thread 0x000001fe7b1b9820 flushing nmethod 0x000001fe60ce1590
Event: 21.902 Thread 0x000001fe7b1b9820 flushing nmethod 0x000001fe60d16c90
Event: 21.903 Thread 0x000001fe7b1b9820 flushing nmethod 0x000001fe60d26f90


Dynamic libraries:
0x00007ff671710000 - 0x00007ff67171a000 	A:\Android Studio\jbr\bin\java.exe
0x00007ffdbe930000 - 0x00007ffdbeb28000 	C:\WINDOWS\SYSTEM32\ntdll.dll
0x00007ffdbe5a0000 - 0x00007ffdbe65d000 	C:\WINDOWS\System32\KERNEL32.DLL
0x00007ffdbc150000 - 0x00007ffdbc446000 	C:\WINDOWS\System32\KERNELBASE.dll
0x00007ffdbc620000 - 0x00007ffdbc720000 	C:\WINDOWS\System32\ucrtbase.dll
0x00007ffd87a20000 - 0x00007ffd87a3b000 	A:\Android Studio\jbr\bin\VCRUNTIME140.dll
0x00007ffdaf4a0000 - 0x00007ffdaf4b7000 	A:\Android Studio\jbr\bin\jli.dll
0x00007ffdbcd60000 - 0x00007ffdbcefe000 	C:\WINDOWS\System32\USER32.dll
0x00007ffda7630000 - 0x00007ffda78ca000 	C:\WINDOWS\WinSxS\amd64_microsoft.windows.common-controls_6595b64144ccf1df_6.0.19041.3636_none_60b6a03d71f818d5\COMCTL32.dll
0x00007ffdbc940000 - 0x00007ffdbc962000 	C:\WINDOWS\System32\win32u.dll
0x00007ffdbc9f0000 - 0x00007ffdbca8e000 	C:\WINDOWS\System32\msvcrt.dll
0x00007ffdbe730000 - 0x00007ffdbe75b000 	C:\WINDOWS\System32\GDI32.dll
0x00007ffdbc790000 - 0x00007ffdbc8a7000 	C:\WINDOWS\System32\gdi32full.dll
0x00007ffdbc550000 - 0x00007ffdbc5ed000 	C:\WINDOWS\System32\msvcp_win.dll
0x00007ffdbe8a0000 - 0x00007ffdbe8d2000 	C:\WINDOWS\System32\IMM32.DLL
0x00007ffdae5c0000 - 0x00007ffdae5cc000 	A:\Android Studio\jbr\bin\vcruntime140_1.dll
0x00007ffd49690000 - 0x00007ffd4971d000 	A:\Android Studio\jbr\bin\msvcp140.dll
0x00007ffd46400000 - 0x00007ffd47083000 	A:\Android Studio\jbr\bin\server\jvm.dll
0x00007ffdbd000000 - 0x00007ffdbd0b3000 	C:\WINDOWS\System32\ADVAPI32.dll
0x00007ffdbe770000 - 0x00007ffdbe80f000 	C:\WINDOWS\System32\sechost.dll
0x00007ffdbd7f0000 - 0x00007ffdbd916000 	C:\WINDOWS\System32\RPCRT4.dll
0x00007ffdbc5f0000 - 0x00007ffdbc617000 	C:\WINDOWS\System32\bcrypt.dll
0x00007ffdbb9b0000 - 0x00007ffdbb9fb000 	C:\WINDOWS\SYSTEM32\POWRPROF.dll
0x00007ffdb9d30000 - 0x00007ffdb9d57000 	C:\WINDOWS\SYSTEM32\WINMM.dll
0x00007ffdb9fa0000 - 0x00007ffdb9faa000 	C:\WINDOWS\SYSTEM32\VERSION.dll
0x00007ffdb77a0000 - 0x00007ffdb77a9000 	C:\WINDOWS\SYSTEM32\WSOCK32.dll
0x00007ffdbd780000 - 0x00007ffdbd7eb000 	C:\WINDOWS\System32\WS2_32.dll
0x00007ffdbb960000 - 0x00007ffdbb972000 	C:\WINDOWS\SYSTEM32\UMPDC.dll
0x00007ffdba880000 - 0x00007ffdba892000 	C:\WINDOWS\SYSTEM32\kernel.appcore.dll
0x00007ffdb9410000 - 0x00007ffdb941a000 	A:\Android Studio\jbr\bin\jimage.dll
0x00007ffdae940000 - 0x00007ffdaeb24000 	C:\WINDOWS\SYSTEM32\DBGHELP.DLL
0x00007ffda2240000 - 0x00007ffda2274000 	C:\WINDOWS\SYSTEM32\dbgcore.DLL
0x00007ffdbc8b0000 - 0x00007ffdbc932000 	C:\WINDOWS\System32\bcryptPrimitives.dll
0x00007ffdb51e0000 - 0x00007ffdb5205000 	A:\Android Studio\jbr\bin\java.dll
0x00007ffdb51c0000 - 0x00007ffdb51d8000 	A:\Android Studio\jbr\bin\zip.dll
0x00007ffdbdd90000 - 0x00007ffdbe4d5000 	C:\WINDOWS\System32\SHELL32.dll
0x00007ffdba0a0000 - 0x00007ffdba83c000 	C:\WINDOWS\SYSTEM32\windows.storage.dll
0x00007ffdbd9d0000 - 0x00007ffdbdd24000 	C:\WINDOWS\System32\combase.dll
0x00007ffdbba20000 - 0x00007ffdbba4e000 	C:\WINDOWS\SYSTEM32\Wldp.dll
0x00007ffdbe660000 - 0x00007ffdbe72d000 	C:\WINDOWS\System32\OLEAUT32.dll
0x00007ffdbd920000 - 0x00007ffdbd9cd000 	C:\WINDOWS\System32\SHCORE.dll
0x00007ffdbdd30000 - 0x00007ffdbdd85000 	C:\WINDOWS\System32\shlwapi.dll
0x00007ffdbbf20000 - 0x00007ffdbbf45000 	C:\WINDOWS\SYSTEM32\profapi.dll
0x00007ffdb37b0000 - 0x00007ffdb37c9000 	A:\Android Studio\jbr\bin\net.dll
0x00007ffdb6cb0000 - 0x00007ffdb6dba000 	C:\WINDOWS\SYSTEM32\WINHTTP.dll
0x00007ffdbb6b0000 - 0x00007ffdbb71a000 	C:\WINDOWS\system32\mswsock.dll
0x00007ffdb0a60000 - 0x00007ffdb0a76000 	A:\Android Studio\jbr\bin\nio.dll
0x00007ffdb51b0000 - 0x00007ffdb51c0000 	A:\Android Studio\jbr\bin\verify.dll

dbghelp: loaded successfully - version: 4.0.5 - missing functions: none
symbol engine: initialized successfully - sym options: 0x614 - pdb path: .;A:\Android Studio\jbr\bin;C:\WINDOWS\SYSTEM32;C:\WINDOWS\WinSxS\amd64_microsoft.windows.common-controls_6595b64144ccf1df_6.0.19041.3636_none_60b6a03d71f818d5;A:\Android Studio\jbr\bin\server

VM Arguments:
java_command: org.jetbrains.kotlin.cli.jvm.K2JVMCompiler @A:\Android Project\CoLink\app\build\20240314_10983126969365157295.compiler.options
java_class_path (initial): C:\Users\zaq86\.gradle\caches\modules-2\files-2.1\org.jetbrains.kotlin\kotlin-compiler-embeddable\1.9.22\9cd4dc7773cf2a99ecd961a88fbbc9a2da3fb5e1\kotlin-compiler-embeddable-1.9.22.jar;C:\Users\zaq86\.gradle\caches\modules-2\files-2.1\org.jetbrains.kotlin\kotlin-stdlib\1.9.22\d6c44cd08d8f3f9bece8101216dbe6553365c6e3\kotlin-stdlib-1.9.22.jar;C:\Users\zaq86\.gradle\caches\modules-2\files-2.1\org.jetbrains.kotlin\kotlin-script-runtime\1.9.22\f8139a46fc677ec9badc49ae954392f4f5e7e7c7\kotlin-script-runtime-1.9.22.jar;C:\Users\zaq86\.gradle\caches\modules-2\files-2.1\org.jetbrains.kotlin\kotlin-reflect\1.6.10\1cbe9c92c12a94eea200d23c2bbaedaf3daf5132\kotlin-reflect-1.6.10.jar;C:\Users\zaq86\.gradle\caches\modules-2\files-2.1\org.jetbrains.kotlin\kotlin-daemon-embeddable\1.9.22\20e2c5df715f3240c765cfc222530e2796542021\kotlin-daemon-embeddable-1.9.22.jar;C:\Users\zaq86\.gradle\caches\modules-2\files-2.1\org.jetbrains.intellij.deps\trove4j\1.0.20200330\3afb14d5f9ceb459d724e907a21145e8ff394f02\trove4j-1.0.20200330.jar;C:\Users\zaq86\.gradle\caches\modules-2\files-2.1\org.jetbrains\annotations\13.0\919f0dfe192fb4e063e7dacadee7f8bb9a2672a9\annotations-13.0.jar
Launcher Type: SUN_STANDARD

[Global flags]
     intx CICompilerCount                          = 4                                         {product} {ergonomic}
     uint ConcGCThreads                            = 3                                         {product} {ergonomic}
     uint G1ConcRefinementThreads                  = 10                                        {product} {ergonomic}
   size_t G1HeapRegionSize                         = 4194304                                   {product} {ergonomic}
    uintx GCDrainStackTargetSize                   = 64                                        {product} {ergonomic}
   size_t InitialHeapSize                          = 536870912                                 {product} {ergonomic}
   size_t MarkStackSize                            = 4194304                                   {product} {ergonomic}
   size_t MaxHeapSize                              = 8573157376                                {product} {ergonomic}
   size_t MaxNewSize                               = 5142216704                                {product} {ergonomic}
   size_t MinHeapDeltaBytes                        = 4194304                                   {product} {ergonomic}
   size_t MinHeapSize                              = 8388608                                   {product} {ergonomic}
    uintx NonNMethodCodeHeapSize                   = 5839372                                {pd product} {ergonomic}
    uintx NonProfiledCodeHeapSize                  = 122909434                              {pd product} {ergonomic}
    uintx ProfiledCodeHeapSize                     = 122909434                              {pd product} {ergonomic}
    uintx ReservedCodeCacheSize                    = 251658240                              {pd product} {ergonomic}
     bool SegmentedCodeCache                       = true                                      {product} {ergonomic}
   size_t SoftMaxHeapSize                          = 8573157376                             {manageable} {ergonomic}
     bool UseCompressedClassPointers               = true                           {product lp64_product} {ergonomic}
     bool UseCompressedOops                        = true                           {product lp64_product} {ergonomic}
     bool UseG1GC                                  = true                                      {product} {ergonomic}
     bool UseLargePagesIndividualAllocation        = false                                  {pd product} {ergonomic}

Logging:
Log output configuration:
 #0: stdout all=warning uptime,level,tags
 #1: stderr all=off uptime,level,tags

Environment Variables:
JAVA_HOME=C:\Program Files\Java\jdk-19
PATH=C:\Program Files\Google\Chrome\Application;C:\Program Files\Common Files\Oracle\Java\javapath;C:\WINDOWS\system32;C:\WINDOWS;C:\WINDOWS\System32\Wbem;C:\WINDOWS\System32\WindowsPowerShell\v1.0\;C:\WINDOWS\System32\OpenSSH\;C:\Program Files\Bandizip\;C:\Program Files (x86)\NVIDIA Corporation\PhysX\Common;C:\Program Files\NVIDIA Corporation\NVIDIA NvDLISR;C:\Program Files (x86)\GtkSharp\2.12\bin;C:\Program Files\dotnet\;C:\Program Files\gs\gs10.01.2\bin;C:\Program Files\Git\cmd;%JAVA_HOME%\bin;D:\kotlinc\bin;A:\Program Files\Java\jdk-15\bin;C:\Program Files\nodejs\;C:\Users\zaq86\AppData\Local\Programs\Python\Launcher\;C:\Users\zaq86\AppData\Local\Microsoft\WindowsApps;C:\Users\zaq86\AppData\Local\Programs\Microsoft VS Code\bin;C:\Users\zaq86\.dotnet\tools;C:\Users\zaq86\AppData\Local\afreeca;C:\Users\zaq86\AppData\Local\GitHubDesktop\bin;C:\Users\zaq86\AppData\Roaming\npm
USERNAME=zaq86
OS=Windows_NT
PROCESSOR_IDENTIFIER=AMD64 Family 23 Model 113 Stepping 0, AuthenticAMD
TMP=C:\Users\zaq86\AppData\Local\Temp
TEMP=C:\Users\zaq86\AppData\Local\Temp



Periodic native trim disabled

JNI global refs:
JNI global refs: 14, weak refs: 37

JNI global refs memory usage: 843, weak refs: 841

OOME stack traces (most recent first):
Classloader memory used:
Loader jdk.internal.loader.ClassLoaders$AppClassLoader                                 : 9521K
Loader bootstrap                                                                       : 1476K
Loader jdk.internal.reflect.DelegatingClassLoader                                      : 105K
Loader java.net.URLClassLoader                                                         : 75757B


---------------  S Y S T E M  ---------------

OS:
 Windows 10 , 64 bit Build 19041 (10.0.19041.3636)
OS uptime: 7 days 23:08 hours

CPU: total 12 (initial active 12) (12 cores per cpu, 2 threads per core) family 23 model 113 stepping 0 microcode 0x0, cx8, cmov, fxsr, ht, mmx, 3dnowpref, sse, sse2, sse3, ssse3, sse4a, sse4.1, sse4.2, popcnt, lzcnt, tsc, tscinvbit, avx, avx2, aes, clmul, bmi1, bmi2, adx, sha, fma, vzeroupper, clflush, clflushopt
Processor Information for all 12 processors :
  Max Mhz: 3801, Current Mhz: 3801, Mhz Limit: 3801

Memory: 4k page, system-wide physical 32693M (7095M free)
TotalPageFile size 49077M (AvailPageFile size 5M)
current process WorkingSet (physical memory assigned to process): 699M, peak: 699M
current process commit charge ("private bytes"): 744M, peak: 745M

vm_info: OpenJDK 64-Bit Server VM (17.0.9+0--11185874) for windows-amd64 JRE (17.0.9+0--11185874), built on Dec  6 2023 18:57:44 by "androidbuild" with MS VC++ 16.10 / 16.11 (VS2019)

END.
