#
# There is insufficient memory for the Java Runtime Environment to continue.
# Native memory allocation (mmap) failed to map 209715200 bytes for G1 virtual space
# Possible reasons:
#   The system is out of physical RAM or swap space
#   The process is running with CompressedOops enabled, and the Java Heap may be blocking the growth of the native heap
# Possible solutions:
#   Reduce memory load on the system
#   Increase physical memory or swap space
#   Check if swap backing store is full
#   Decrease Java heap size (-Xmx/-Xms)
#   Decrease number of Java threads
#   Decrease Java thread stack sizes (-Xss)
#   Set larger code cache with -XX:ReservedCodeCacheSize=
#   JVM is running with Zero Based Compressed Oops mode in which the Java heap is
#     placed in the first 32GB address space. The Java Heap base address is the
#     maximum limit for the native heap growth. Please use -XX:HeapBaseMinAddress
#     to set the Java Heap base and to place the Java Heap above 32GB virtual address.
# This output file may be truncated or incomplete.
#
#  Out of Memory Error (os_windows.cpp:3825), pid=18084, tid=23452
#
# JRE version: OpenJDK Runtime Environment (17.0.9) (build 17.0.9+0--11185874)
# Java VM: OpenJDK 64-Bit Server VM (17.0.9+0--11185874, mixed mode, tiered, compressed oops, compressed class ptrs, g1 gc, windows-amd64)
# No core dump will be written. Minidumps are not enabled by default on client versions of Windows
#

---------------  S U M M A R Y ------------

Command Line: org.jetbrains.kotlin.cli.jvm.K2JVMCompiler @A:\Android Project\CoLink\app\build\20240314_8494152723984650706.compiler.options

Host: AMD Ryzen 5 3600X 6-Core Processor             , 12 cores, 31G,  Windows 10 , 64 bit Build 19041 (10.0.19041.3636)
Time: Thu Mar 14 23:21:37 2024  Windows 10 , 64 bit Build 19041 (10.0.19041.3636) elapsed time: 9.540751 seconds (0d 0h 0m 9s)

---------------  T H R E A D  ---------------

Current thread (0x0000015f41381590):  VMThread "VM Thread" [stack: 0x00000014c5100000,0x00000014c5200000] [id=23452]

Stack: [0x00000014c5100000,0x00000014c5200000]
Native frames: (J=compiled Java code, j=interpreted, Vv=VM code, C=native code)
V  [jvm.dll+0x6886e9]
V  [jvm.dll+0x841e4a]
V  [jvm.dll+0x843a8e]
V  [jvm.dll+0x8440f3]
V  [jvm.dll+0x24c14f]
V  [jvm.dll+0x685499]
V  [jvm.dll+0x679c2a]
V  [jvm.dll+0x30cf9b]
V  [jvm.dll+0x314446]
V  [jvm.dll+0x36425e]
V  [jvm.dll+0x36448f]
V  [jvm.dll+0x2e2d68]
V  [jvm.dll+0x2e0f44]
V  [jvm.dll+0x2e054c]
V  [jvm.dll+0x3253fb]
V  [jvm.dll+0x8487eb]
V  [jvm.dll+0x849531]
V  [jvm.dll+0x849a4d]
V  [jvm.dll+0x849e24]
V  [jvm.dll+0x849ef0]
V  [jvm.dll+0x7f06aa]
V  [jvm.dll+0x687565]
C  [ucrtbase.dll+0x21bb2]
C  [KERNEL32.DLL+0x17344]
C  [ntdll.dll+0x526b1]

VM_Operation (0x00000014c4bf9ab0): G1CollectForAllocation, mode: safepoint, requested by thread 0x0000015f16cbff10


---------------  P R O C E S S  ---------------

Threads class SMR info:
_java_thread_list=0x0000015f4698dfe0, length=14, elements={
0x0000015f16cbff10, 0x0000015f3e82b500, 0x0000015f3e82d040, 0x0000015f413c1e20,
0x0000015f413c26f0, 0x0000015f413de460, 0x0000015f413df0e0, 0x0000015f413e2120,
0x0000015f413e3280, 0x0000015f414127e0, 0x0000015f41580730, 0x0000015f4158adc0,
0x0000015f415a1890, 0x0000015f46ae2250
}

Java Threads: ( => current thread )
  0x0000015f16cbff10 JavaThread "main" [_thread_blocked, id=21280, stack(0x00000014c4b00000,0x00000014c4c00000)]
  0x0000015f3e82b500 JavaThread "Reference Handler" daemon [_thread_blocked, id=30948, stack(0x00000014c5200000,0x00000014c5300000)]
  0x0000015f3e82d040 JavaThread "Finalizer" daemon [_thread_blocked, id=26236, stack(0x00000014c5300000,0x00000014c5400000)]
  0x0000015f413c1e20 JavaThread "Signal Dispatcher" daemon [_thread_blocked, id=12252, stack(0x00000014c5400000,0x00000014c5500000)]
  0x0000015f413c26f0 JavaThread "Attach Listener" daemon [_thread_blocked, id=37564, stack(0x00000014c5500000,0x00000014c5600000)]
  0x0000015f413de460 JavaThread "Service Thread" daemon [_thread_blocked, id=33652, stack(0x00000014c5600000,0x00000014c5700000)]
  0x0000015f413df0e0 JavaThread "Monitor Deflation Thread" daemon [_thread_blocked, id=37576, stack(0x00000014c5700000,0x00000014c5800000)]
  0x0000015f413e2120 JavaThread "C2 CompilerThread0" daemon [_thread_blocked, id=19800, stack(0x00000014c5800000,0x00000014c5900000)]
  0x0000015f413e3280 JavaThread "C1 CompilerThread0" daemon [_thread_blocked, id=33880, stack(0x00000014c5900000,0x00000014c5a00000)]
  0x0000015f414127e0 JavaThread "Sweeper thread" daemon [_thread_blocked, id=33128, stack(0x00000014c5a00000,0x00000014c5b00000)]
  0x0000015f41580730 JavaThread "Notification Thread" daemon [_thread_blocked, id=27892, stack(0x00000014c5b00000,0x00000014c5c00000)]
  0x0000015f4158adc0 JavaThread "Common-Cleaner" daemon [_thread_blocked, id=15672, stack(0x00000014c5d00000,0x00000014c5e00000)]
  0x0000015f415a1890 JavaThread "C2 CompilerThread1" daemon [_thread_in_native, id=7508, stack(0x00000014c5e00000,0x00000014c5f00000)]
  0x0000015f46ae2250 JavaThread "C2 CompilerThread2" daemon [_thread_blocked, id=35336, stack(0x00000014c6a00000,0x00000014c6b00000)]

Other Threads:
=>0x0000015f41381590 VMThread "VM Thread" [stack: 0x00000014c5100000,0x00000014c5200000] [id=23452]
  0x0000015f41580c10 WatcherThread [stack: 0x00000014c5c00000,0x00000014c5d00000] [id=6624]
  0x0000015f16d6cdb0 GCTaskThread "GC Thread#0" [stack: 0x00000014c4c00000,0x00000014c4d00000] [id=31944]
  0x0000015f46533640 GCTaskThread "GC Thread#1" [stack: 0x00000014c5f00000,0x00000014c6000000] [id=25396]
  0x0000015f46533900 GCTaskThread "GC Thread#2" [stack: 0x00000014c6000000,0x00000014c6100000] [id=33388]
  0x0000015f46533bc0 GCTaskThread "GC Thread#3" [stack: 0x00000014c6100000,0x00000014c6200000] [id=30188]
  0x0000015f46533e80 GCTaskThread "GC Thread#4" [stack: 0x00000014c6200000,0x00000014c6300000] [id=35812]
  0x0000015f46534140 GCTaskThread "GC Thread#5" [stack: 0x00000014c6300000,0x00000014c6400000] [id=19732]
  0x0000015f4647d790 GCTaskThread "GC Thread#6" [stack: 0x00000014c6400000,0x00000014c6500000] [id=34876]
  0x0000015f4647da50 GCTaskThread "GC Thread#7" [stack: 0x00000014c6500000,0x00000014c6600000] [id=13380]
  0x0000015f4647e120 GCTaskThread "GC Thread#8" [stack: 0x00000014c6600000,0x00000014c6700000] [id=17472]
  0x0000015f4647e3e0 GCTaskThread "GC Thread#9" [stack: 0x00000014c6700000,0x00000014c6800000] [id=27500]
  0x0000015f16d7eba0 ConcurrentGCThread "G1 Main Marker" [stack: 0x00000014c4d00000,0x00000014c4e00000] [id=7212]
  0x0000015f3e6305d0 ConcurrentGCThread "G1 Conc#0" [stack: 0x00000014c4e00000,0x00000014c4f00000] [id=3000]
  0x0000015f469ab200 ConcurrentGCThread "G1 Conc#1" [stack: 0x00000014c6800000,0x00000014c6900000] [id=21372]
  0x0000015f466f4440 ConcurrentGCThread "G1 Conc#2" [stack: 0x00000014c6900000,0x00000014c6a00000] [id=37204]
  0x0000015f3e70d930 ConcurrentGCThread "G1 Refine#0" [stack: 0x00000014c4f00000,0x00000014c5000000] [id=15828]
  0x0000015f46e31ca0 ConcurrentGCThread "G1 Refine#1" [stack: 0x00000014c6b00000,0x00000014c6c00000] [id=19252]
  0x0000015f46e310e0 ConcurrentGCThread "G1 Refine#2" [stack: 0x00000014c6c00000,0x00000014c6d00000] [id=11232]
  0x0000015f46e31f90 ConcurrentGCThread "G1 Refine#3" [stack: 0x00000014c6d00000,0x00000014c6e00000] [id=25064]
  0x0000015f46e316c0 ConcurrentGCThread "G1 Refine#4" [stack: 0x00000014c6e00000,0x00000014c6f00000] [id=19048]
  0x0000015f46e33a00 ConcurrentGCThread "G1 Refine#5" [stack: 0x00000014c6f00000,0x00000014c7000000] [id=9048]
  0x0000015f46e33fe0 ConcurrentGCThread "G1 Refine#6" [stack: 0x00000014c7000000,0x00000014c7100000] [id=9320]
  0x0000015f47c39850 ConcurrentGCThread "G1 Refine#7" [stack: 0x00000014c7100000,0x00000014c7200000] [id=26192]
  0x0000015f48f86ad0 ConcurrentGCThread "G1 Refine#8" [stack: 0x00000014c7200000,0x00000014c7300000] [id=30192]
  0x0000015f48f893f0 ConcurrentGCThread "G1 Refine#9" [stack: 0x00000014c7300000,0x00000014c7400000] [id=27000]
  0x0000015f3e70e270 ConcurrentGCThread "G1 Service" [stack: 0x00000014c5000000,0x00000014c5100000] [id=37144]

Threads with active compile tasks:
C2 CompilerThread0     9549 14209       4       org.jetbrains.kotlin.types.checker.NewCapturedTypeKt::captureArguments (656 bytes)
C2 CompilerThread1     9549 14307       4       org.jetbrains.kotlin.resolve.calls.tower.NoExplicitReceiverScopeTowerProcessor::simpleProcess (947 bytes)
C2 CompilerThread2     9549 14208       4       org.jetbrains.kotlin.load.java.lazy.descriptors.LazyJavaScope::definitelyDoesNotContainName (52 bytes)

VM state: at safepoint (normal execution)

VM Mutex/Monitor currently owned by a thread:  ([mutex/lock_event])
[0x0000015f16cba9a0] Threads_lock - owner thread: 0x0000015f41381590
[0x0000015f16cba6d0] Heap_lock - owner thread: 0x0000015f16cbff10

Heap address: 0x0000000601000000, size: 8176 MB, Compressed Oops mode: Zero based, Oop shift amount: 3

CDS archive(s) not mapped
Compressed class space mapped at: 0x0000000800000000-0x0000000840000000, reserved size: 1073741824
Narrow klass base: 0x0000000800000000, Narrow klass shift: 0, Narrow klass range: 0x40000000

GC Precious Log:
 CPUs: 12 total, 12 available
 Memory: 32693M
 Large Page Support: Disabled
 NUMA Support: Disabled
 Compressed Oops: Enabled (Zero based)
 Heap Region Size: 4M
 Heap Min Capacity: 8M
 Heap Initial Capacity: 512M
 Heap Max Capacity: 8176M
 Pre-touch: Disabled
 Parallel Workers: 10
 Concurrent Workers: 3
 Concurrent Refinement Workers: 10
 Periodic GC: Disabled

Heap:
 garbage-first heap   total 319488K, used 106783K [0x0000000601000000, 0x0000000800000000)
  region size 4096K, 3 young (12288K), 3 survivors (12288K)
 Metaspace       used 66282K, committed 66688K, reserved 1114112K
  class space    used 7314K, committed 7552K, reserved 1048576K

Heap Regions: E=young(eden), S=young(survivor), O=old, HS=humongous(starts), HC=humongous(continues), CS=collection set, F=free, OA=open archive, CA=closed archive, TAMS=top-at-mark-start (previous, next)
|   0|0x0000000601000000, 0x0000000601400000, 0x0000000601400000|100%|HS|  |TAMS 0x0000000601400000, 0x0000000601000000| Complete 
|   1|0x0000000601400000, 0x0000000601800000, 0x0000000601800000|100%| O|  |TAMS 0x0000000601800000, 0x0000000601400000| Untracked 
|   2|0x0000000601800000, 0x0000000601800000, 0x0000000601c00000|  0%| F|  |TAMS 0x0000000601800000, 0x0000000601800000| Untracked 
|   3|0x0000000601c00000, 0x0000000602000000, 0x0000000602000000|100%| O|  |TAMS 0x0000000602000000, 0x0000000601c00000| Untracked 
|   4|0x0000000602000000, 0x0000000602400000, 0x0000000602400000|100%| O|  |TAMS 0x0000000602400000, 0x0000000602000000| Untracked 
|   5|0x0000000602400000, 0x0000000602800000, 0x0000000602800000|100%| O|  |TAMS 0x0000000602800000, 0x0000000602400000| Untracked 
|   6|0x0000000602800000, 0x0000000602c00000, 0x0000000602c00000|100%| O|  |TAMS 0x0000000602c00000, 0x0000000602800000| Untracked 
|   7|0x0000000602c00000, 0x0000000603000000, 0x0000000603000000|100%| O|  |TAMS 0x0000000603000000, 0x0000000602c00000| Untracked 
|   8|0x0000000603000000, 0x0000000603400000, 0x0000000603400000|100%| O|  |TAMS 0x0000000603400000, 0x0000000603000000| Untracked 
|   9|0x0000000603400000, 0x0000000603800000, 0x0000000603800000|100%| O|  |TAMS 0x0000000603800000, 0x0000000603400000| Untracked 
|  10|0x0000000603800000, 0x0000000603c00000, 0x0000000603c00000|100%| O|  |TAMS 0x0000000603bdfc00, 0x0000000603800000| Untracked 
|  11|0x0000000603c00000, 0x0000000604000000, 0x0000000604000000|100%| O|  |TAMS 0x0000000604000000, 0x0000000603c00000| Untracked 
|  12|0x0000000604000000, 0x0000000604400000, 0x0000000604400000|100%| O|  |TAMS 0x0000000604000000, 0x0000000604000000| Untracked 
|  13|0x0000000604400000, 0x0000000604800000, 0x0000000604800000|100%| O|  |TAMS 0x0000000604400000, 0x0000000604400000| Untracked 
|  14|0x0000000604800000, 0x0000000604c00000, 0x0000000604c00000|100%| O|  |TAMS 0x0000000604800000, 0x0000000604800000| Untracked 
|  15|0x0000000604c00000, 0x0000000605000000, 0x0000000605000000|100%| O|  |TAMS 0x0000000604c00000, 0x0000000604c00000| Untracked 
|  16|0x0000000605000000, 0x0000000605400000, 0x0000000605400000|100%| O|  |TAMS 0x0000000605000000, 0x0000000605000000| Untracked 
|  17|0x0000000605400000, 0x0000000605800000, 0x0000000605800000|100%| O|  |TAMS 0x0000000605400000, 0x0000000605400000| Untracked 
|  18|0x0000000605800000, 0x0000000605c00000, 0x0000000605c00000|100%| O|  |TAMS 0x0000000605800000, 0x0000000605800000| Untracked 
|  19|0x0000000605c00000, 0x0000000606000000, 0x0000000606000000|100%| O|  |TAMS 0x0000000605c00000, 0x0000000605c00000| Untracked 
|  20|0x0000000606000000, 0x0000000606400000, 0x0000000606400000|100%| O|  |TAMS 0x0000000606000000, 0x0000000606000000| Untracked 
|  21|0x0000000606400000, 0x0000000606800000, 0x0000000606800000|100%| O|  |TAMS 0x0000000606400000, 0x0000000606400000| Untracked 
|  22|0x0000000606800000, 0x0000000606c00000, 0x0000000606c00000|100%| O|  |TAMS 0x0000000606800000, 0x0000000606800000| Untracked 
|  23|0x0000000606c00000, 0x0000000607000000, 0x0000000607000000|100%| O|  |TAMS 0x0000000606c00000, 0x0000000606c00000| Untracked 
|  24|0x0000000607000000, 0x00000006071e1400, 0x0000000607400000| 46%| O|  |TAMS 0x0000000607000000, 0x0000000607000000| Untracked 
|  25|0x0000000607400000, 0x0000000607400000, 0x0000000607800000|  0%| F|  |TAMS 0x0000000607400000, 0x0000000607400000| Untracked 
|  26|0x0000000607800000, 0x0000000607800000, 0x0000000607c00000|  0%| F|  |TAMS 0x0000000607800000, 0x0000000607800000| Untracked 
|  27|0x0000000607c00000, 0x0000000607c00000, 0x0000000608000000|  0%| F|  |TAMS 0x0000000607c00000, 0x0000000607c00000| Untracked 
|  28|0x0000000608000000, 0x0000000608000000, 0x0000000608400000|  0%| F|  |TAMS 0x0000000608000000, 0x0000000608000000| Untracked 
|  29|0x0000000608400000, 0x0000000608400000, 0x0000000608800000|  0%| F|  |TAMS 0x0000000608400000, 0x0000000608400000| Untracked 
|  30|0x0000000608800000, 0x0000000608800000, 0x0000000608c00000|  0%| F|  |TAMS 0x0000000608800000, 0x0000000608800000| Untracked 
|  31|0x0000000608c00000, 0x0000000608c00000, 0x0000000609000000|  0%| F|  |TAMS 0x0000000608c00000, 0x0000000608c00000| Untracked 
|  32|0x0000000609000000, 0x0000000609000000, 0x0000000609400000|  0%| F|  |TAMS 0x0000000609000000, 0x0000000609000000| Untracked 
|  33|0x0000000609400000, 0x0000000609400000, 0x0000000609800000|  0%| F|  |TAMS 0x0000000609400000, 0x0000000609400000| Untracked 
|  34|0x0000000609800000, 0x0000000609800000, 0x0000000609c00000|  0%| F|  |TAMS 0x0000000609800000, 0x0000000609800000| Untracked 
|  35|0x0000000609c00000, 0x0000000609c00000, 0x000000060a000000|  0%| F|  |TAMS 0x0000000609c00000, 0x0000000609c00000| Untracked 
|  36|0x000000060a000000, 0x000000060a000000, 0x000000060a400000|  0%| F|  |TAMS 0x000000060a000000, 0x000000060a000000| Untracked 
|  37|0x000000060a400000, 0x000000060a400000, 0x000000060a800000|  0%| F|  |TAMS 0x000000060a400000, 0x000000060a400000| Untracked 
|  38|0x000000060a800000, 0x000000060a800000, 0x000000060ac00000|  0%| F|  |TAMS 0x000000060a800000, 0x000000060a800000| Untracked 
|  39|0x000000060ac00000, 0x000000060ac00000, 0x000000060b000000|  0%| F|  |TAMS 0x000000060ac00000, 0x000000060ac00000| Untracked 
|  40|0x000000060b000000, 0x000000060b000000, 0x000000060b400000|  0%| F|  |TAMS 0x000000060b000000, 0x000000060b000000| Untracked 
|  41|0x000000060b400000, 0x000000060b400000, 0x000000060b800000|  0%| F|  |TAMS 0x000000060b400000, 0x000000060b400000| Untracked 
|  42|0x000000060b800000, 0x000000060b800000, 0x000000060bc00000|  0%| F|  |TAMS 0x000000060b800000, 0x000000060b800000| Untracked 
|  43|0x000000060bc00000, 0x000000060bc00000, 0x000000060c000000|  0%| F|  |TAMS 0x000000060bc00000, 0x000000060bc00000| Untracked 
|  44|0x000000060c000000, 0x000000060c266910, 0x000000060c400000| 60%| S|CS|TAMS 0x000000060c000000, 0x000000060c000000| Complete 
|  45|0x000000060c400000, 0x000000060c800000, 0x000000060c800000|100%| S|CS|TAMS 0x000000060c400000, 0x000000060c400000| Complete 
|  46|0x000000060c800000, 0x000000060cc00000, 0x000000060cc00000|100%| S|CS|TAMS 0x000000060c800000, 0x000000060c800000| Complete 
|  47|0x000000060cc00000, 0x000000060cc00000, 0x000000060d000000|  0%| F|  |TAMS 0x000000060cc00000, 0x000000060cc00000| Untracked 
|  48|0x000000060d000000, 0x000000060d000000, 0x000000060d400000|  0%| F|  |TAMS 0x000000060d000000, 0x000000060d000000| Untracked 
|  49|0x000000060d400000, 0x000000060d400000, 0x000000060d800000|  0%| F|  |TAMS 0x000000060d400000, 0x000000060d400000| Untracked 
|  50|0x000000060d800000, 0x000000060d800000, 0x000000060dc00000|  0%| F|  |TAMS 0x000000060d800000, 0x000000060d800000| Untracked 
|  51|0x000000060dc00000, 0x000000060dc00000, 0x000000060e000000|  0%| F|  |TAMS 0x000000060dc00000, 0x000000060dc00000| Untracked 
|  52|0x000000060e000000, 0x000000060e000000, 0x000000060e400000|  0%| F|  |TAMS 0x000000060e000000, 0x000000060e000000| Untracked 
|  53|0x000000060e400000, 0x000000060e400000, 0x000000060e800000|  0%| F|  |TAMS 0x000000060e400000, 0x000000060e400000| Untracked 
|  54|0x000000060e800000, 0x000000060e800000, 0x000000060ec00000|  0%| F|  |TAMS 0x000000060e800000, 0x000000060e800000| Untracked 
|  55|0x000000060ec00000, 0x000000060ec00000, 0x000000060f000000|  0%| F|  |TAMS 0x000000060ec00000, 0x000000060ec00000| Untracked 
|  56|0x000000060f000000, 0x000000060f000000, 0x000000060f400000|  0%| F|  |TAMS 0x000000060f000000, 0x000000060f000000| Untracked 
|  57|0x000000060f400000, 0x000000060f400000, 0x000000060f800000|  0%| F|  |TAMS 0x000000060f400000, 0x000000060f400000| Untracked 
|  58|0x000000060f800000, 0x000000060f800000, 0x000000060fc00000|  0%| F|  |TAMS 0x000000060f800000, 0x000000060f800000| Untracked 
|  59|0x000000060fc00000, 0x000000060fc00000, 0x0000000610000000|  0%| F|  |TAMS 0x000000060fc00000, 0x000000060fc00000| Untracked 
|  60|0x0000000610000000, 0x0000000610000000, 0x0000000610400000|  0%| F|  |TAMS 0x0000000610000000, 0x0000000610000000| Untracked 
|  61|0x0000000610400000, 0x0000000610400000, 0x0000000610800000|  0%| F|  |TAMS 0x0000000610400000, 0x0000000610400000| Untracked 
|  62|0x0000000610800000, 0x0000000610800000, 0x0000000610c00000|  0%| F|  |TAMS 0x0000000610800000, 0x0000000610800000| Untracked 
|  63|0x0000000610c00000, 0x0000000610c00000, 0x0000000611000000|  0%| F|  |TAMS 0x0000000610c00000, 0x0000000610c00000| Untracked 
|  64|0x0000000611000000, 0x0000000611000000, 0x0000000611400000|  0%| F|  |TAMS 0x0000000611000000, 0x0000000611000000| Untracked 
|  65|0x0000000611400000, 0x0000000611400000, 0x0000000611800000|  0%| F|  |TAMS 0x0000000611400000, 0x0000000611400000| Untracked 
|  66|0x0000000611800000, 0x0000000611800000, 0x0000000611c00000|  0%| F|  |TAMS 0x0000000611800000, 0x0000000611800000| Untracked 
|  67|0x0000000611c00000, 0x0000000611c00000, 0x0000000612000000|  0%| F|  |TAMS 0x0000000611c00000, 0x0000000611c00000| Untracked 
|  68|0x0000000612000000, 0x0000000612000000, 0x0000000612400000|  0%| F|  |TAMS 0x0000000612000000, 0x0000000612000000| Untracked 
|  69|0x0000000612400000, 0x0000000612400000, 0x0000000612800000|  0%| F|  |TAMS 0x0000000612400000, 0x0000000612400000| Untracked 
|  70|0x0000000612800000, 0x0000000612800000, 0x0000000612c00000|  0%| F|  |TAMS 0x0000000612800000, 0x0000000612800000| Untracked 
|  71|0x0000000612c00000, 0x0000000612c00000, 0x0000000613000000|  0%| F|  |TAMS 0x0000000612c00000, 0x0000000612c00000| Untracked 
|  72|0x0000000613000000, 0x0000000613000000, 0x0000000613400000|  0%| F|  |TAMS 0x0000000613000000, 0x0000000613000000| Untracked 
|  73|0x0000000613400000, 0x0000000613400000, 0x0000000613800000|  0%| F|  |TAMS 0x0000000613400000, 0x0000000613400000| Untracked 
|  74|0x0000000613800000, 0x0000000613800000, 0x0000000613c00000|  0%| F|  |TAMS 0x0000000613800000, 0x0000000613800000| Untracked 
|  75|0x0000000613c00000, 0x0000000613c00000, 0x0000000614000000|  0%| F|  |TAMS 0x0000000613c00000, 0x0000000613c00000| Untracked 
|  76|0x0000000614000000, 0x0000000614000000, 0x0000000614400000|  0%| F|  |TAMS 0x0000000614000000, 0x0000000614000000| Untracked 
| 127|0x0000000620c00000, 0x0000000620c00000, 0x0000000621000000|  0%| F|  |TAMS 0x0000000620c00000, 0x0000000620c00000| Untracked 

Card table byte_map: [0x0000015f2c620000,0x0000015f2d620000] _byte_map_base: 0x0000015f29618000

Marking Bits (Prev, Next): (CMBitMap*) 0x0000015f16d6e330, (CMBitMap*) 0x0000015f16d6e2f0
 Prev Bits: [0x0000015f365e0000, 0x0000015f3e5a0000)
 Next Bits: [0x0000015f2e620000, 0x0000015f365e0000)

Polling page: 0x0000015f16d80000

Metaspace:

Usage:
  Non-class:     57.59 MB used.
      Class:      7.14 MB used.
       Both:     64.73 MB used.

Virtual space:
  Non-class space:       64.00 MB reserved,      57.75 MB ( 90%) committed,  1 nodes.
      Class space:        1.00 GB reserved,       7.38 MB ( <1%) committed,  1 nodes.
             Both:        1.06 GB reserved,      65.12 MB (  6%) committed. 

Chunk freelists:
   Non-Class:  5.47 MB
       Class:  8.66 MB
        Both:  14.12 MB

MaxMetaspaceSize: unlimited
CompressedClassSpaceSize: 1.00 GB
Initial GC threshold: 21.00 MB
Current GC threshold: 98.38 MB
CDS: off
MetaspaceReclaimPolicy: balanced
 - commit_granule_bytes: 65536.
 - commit_granule_words: 8192.
 - virtual_space_node_default_size: 8388608.
 - enlarge_chunks_in_place: 1.
 - new_chunks_are_fully_committed: 0.
 - uncommit_free_chunks: 1.
 - use_allocation_guard: 0.
 - handle_deallocations: 1.


Internal statistics:

num_allocs_failed_limit: 9.
num_arena_births: 676.
num_arena_deaths: 0.
num_vsnodes_births: 2.
num_vsnodes_deaths: 0.
num_space_committed: 1040.
num_space_uncommitted: 0.
num_chunks_returned_to_freelist: 9.
num_chunks_taken_from_freelist: 3079.
num_chunk_merges: 9.
num_chunk_splits: 2221.
num_chunks_enlarged: 1682.
num_inconsistent_stats: 0.

CodeHeap 'non-profiled nmethods': size=120000Kb used=7135Kb max_used=7135Kb free=112865Kb
 bounds [0x0000015f23450000, 0x0000015f23b50000, 0x0000015f2a980000]
CodeHeap 'profiled nmethods': size=120000Kb used=34363Kb max_used=34363Kb free=85636Kb
 bounds [0x0000015f1b980000, 0x0000015f1db20000, 0x0000015f22eb0000]
CodeHeap 'non-nmethods': size=5760Kb used=1307Kb max_used=1377Kb free=4452Kb
 bounds [0x0000015f22eb0000, 0x0000015f23120000, 0x0000015f23450000]
 total_blobs=12350 nmethods=11739 adapters=520
 compilation: enabled
              stopped_count=0, restarted_count=0
 full_count=0

Compilation events (20 events):
Event: 9.518 Thread 0x0000015f413e3280 14366       3       org.jetbrains.kotlin.builtins.KotlinBuiltIns::getNullableNothingType (18 bytes)
Event: 9.518 Thread 0x0000015f413e3280 nmethod 14366 0x0000015f1db0be90 code [0x0000015f1db0c080, 0x0000015f1db0c608]
Event: 9.520 Thread 0x0000015f413e3280 14367       3       org.jetbrains.kotlin.resolve.calls.inference.components.ConstraintInjector$TypeCheckerStateForConstraintInjector::addNewIncorporatedConstraint$runIsSubtypeOf (10 bytes)
Event: 9.520 Thread 0x0000015f413e3280 nmethod 14367 0x0000015f1db0c790 code [0x0000015f1db0c920, 0x0000015f1db0ca48]
Event: 9.520 Thread 0x0000015f46ae2250 nmethod 14223 0x0000015f23b45110 code [0x0000015f23b453a0, 0x0000015f23b46970]
Event: 9.520 Thread 0x0000015f46ae2250 14208       4       org.jetbrains.kotlin.load.java.lazy.descriptors.LazyJavaScope::definitelyDoesNotContainName (52 bytes)
Event: 9.520 Thread 0x0000015f413e3280 14368       3       org.jetbrains.kotlin.resolve.calls.components.SimpleArgumentsChecksKt::checkExpressionArgument$unstableSmartCastOrSubtypeError (123 bytes)
Event: 9.521 Thread 0x0000015f413e3280 nmethod 14368 0x0000015f1db0cb10 code [0x0000015f1db0ce40, 0x0000015f1db0de58]
Event: 9.523 Thread 0x0000015f413e3280 14370       3       org.jetbrains.kotlin.descriptors.impl.AbstractReceiverParameterDescriptor::getValueParameters (13 bytes)
Event: 9.523 Thread 0x0000015f413e3280 nmethod 14370 0x0000015f1db0e410 code [0x0000015f1db0e5a0, 0x0000015f1db0e718]
Event: 9.525 Thread 0x0000015f413e3280 14371       1       org.jetbrains.kotlin.descriptors.impl.AbstractReceiverParameterDescriptor::getDispatchReceiverParameter (2 bytes)
Event: 9.525 Thread 0x0000015f413e3280 nmethod 14371 0x0000015f23b47910 code [0x0000015f23b47aa0, 0x0000015f23b47b78]
Event: 9.525 Thread 0x0000015f413e3280 14372       3       org.jetbrains.kotlin.descriptors.impl.AbstractReceiverParameterDescriptor::getOriginal (11 bytes)
Event: 9.525 Thread 0x0000015f413e3280 nmethod 14372 0x0000015f1db0e810 code [0x0000015f1db0e9a0, 0x0000015f1db0eab8]
Event: 9.525 Thread 0x0000015f413e3280 14373   !   3       jdk.internal.reflect.GeneratedConstructorAccessor20::newInstance (53 bytes)
Event: 9.525 Thread 0x0000015f413e3280 nmethod 14373 0x0000015f1db0eb90 code [0x0000015f1db0edc0, 0x0000015f1db0f568]
Event: 9.527 Thread 0x0000015f413e3280 14374       3       org.jetbrains.kotlin.BlockExpressionElementType::createCompositeNode (8 bytes)
Event: 9.527 Thread 0x0000015f413e3280 nmethod 14374 0x0000015f1db0f910 code [0x0000015f1db0fae0, 0x0000015f1db0fe98]
Event: 9.527 Thread 0x0000015f413e3280 14375       3       org.jetbrains.kotlin.BlockExpressionElementType::createCompositeNode (9 bytes)
Event: 9.528 Thread 0x0000015f413e3280 nmethod 14375 0x0000015f1db10010 code [0x0000015f1db101e0, 0x0000015f1db10538]

GC Heap History (20 events):
Event: 1.197 GC heap after
{Heap after GC invocations=6 (full 0):
 garbage-first heap   total 57344K, used 18530K [0x0000000601000000, 0x0000000800000000)
  region size 4096K, 1 young (4096K), 1 survivors (4096K)
 Metaspace       used 28191K, committed 28352K, reserved 1114112K
  class space    used 3542K, committed 3584K, reserved 1048576K
}
Event: 1.319 GC heap before
{Heap before GC invocations=6 (full 0):
 garbage-first heap   total 57344K, used 30818K [0x0000000601000000, 0x0000000800000000)
  region size 4096K, 4 young (16384K), 1 survivors (4096K)
 Metaspace       used 30407K, committed 30656K, reserved 1114112K
  class space    used 3804K, committed 3904K, reserved 1048576K
}
Event: 1.324 GC heap after
{Heap after GC invocations=7 (full 0):
 garbage-first heap   total 290816K, used 19807K [0x0000000601000000, 0x0000000800000000)
  region size 4096K, 1 young (4096K), 1 survivors (4096K)
 Metaspace       used 30407K, committed 30656K, reserved 1114112K
  class space    used 3804K, committed 3904K, reserved 1048576K
}
Event: 1.570 GC heap before
{Heap before GC invocations=7 (full 0):
 garbage-first heap   total 290816K, used 44383K [0x0000000601000000, 0x0000000800000000)
  region size 4096K, 8 young (32768K), 1 survivors (4096K)
 Metaspace       used 35740K, committed 35968K, reserved 1114112K
  class space    used 4291K, committed 4416K, reserved 1048576K
}
Event: 1.573 GC heap after
{Heap after GC invocations=8 (full 0):
 garbage-first heap   total 290816K, used 22388K [0x0000000601000000, 0x0000000800000000)
  region size 4096K, 2 young (8192K), 2 survivors (8192K)
 Metaspace       used 35740K, committed 35968K, reserved 1114112K
  class space    used 4291K, committed 4416K, reserved 1048576K
}
Event: 2.383 GC heap before
{Heap before GC invocations=9 (full 0):
 garbage-first heap   total 110592K, used 79732K [0x0000000601000000, 0x0000000800000000)
  region size 4096K, 16 young (65536K), 2 survivors (8192K)
 Metaspace       used 43330K, committed 43584K, reserved 1114112K
  class space    used 5151K, committed 5248K, reserved 1048576K
}
Event: 2.397 GC heap after
{Heap after GC invocations=10 (full 0):
 garbage-first heap   total 110592K, used 33669K [0x0000000601000000, 0x0000000800000000)
  region size 4096K, 2 young (8192K), 2 survivors (8192K)
 Metaspace       used 43330K, committed 43584K, reserved 1114112K
  class space    used 5151K, committed 5248K, reserved 1048576K
}
Event: 2.416 GC heap before
{Heap before GC invocations=10 (full 0):
 garbage-first heap   total 110592K, used 37765K [0x0000000601000000, 0x0000000800000000)
  region size 4096K, 3 young (12288K), 2 survivors (8192K)
 Metaspace       used 43345K, committed 43584K, reserved 1114112K
  class space    used 5151K, committed 5248K, reserved 1048576K
}
Event: 2.422 GC heap after
{Heap after GC invocations=11 (full 0):
 garbage-first heap   total 110592K, used 35643K [0x0000000601000000, 0x0000000800000000)
  region size 4096K, 1 young (4096K), 1 survivors (4096K)
 Metaspace       used 43345K, committed 43584K, reserved 1114112K
  class space    used 5151K, committed 5248K, reserved 1048576K
}
Event: 2.698 GC heap before
{Heap before GC invocations=11 (full 0):
 garbage-first heap   total 110592K, used 68411K [0x0000000601000000, 0x0000000800000000)
  region size 4096K, 9 young (36864K), 1 survivors (4096K)
 Metaspace       used 46024K, committed 46272K, reserved 1114112K
  class space    used 5445K, committed 5568K, reserved 1048576K
}
Event: 2.704 GC heap after
{Heap after GC invocations=12 (full 0):
 garbage-first heap   total 319488K, used 37822K [0x0000000601000000, 0x0000000800000000)
  region size 4096K, 1 young (4096K), 1 survivors (4096K)
 Metaspace       used 46024K, committed 46272K, reserved 1114112K
  class space    used 5445K, committed 5568K, reserved 1048576K
}
Event: 4.886 GC heap before
{Heap before GC invocations=12 (full 0):
 garbage-first heap   total 319488K, used 222142K [0x0000000601000000, 0x0000000800000000)
  region size 4096K, 46 young (188416K), 1 survivors (4096K)
 Metaspace       used 54952K, committed 55232K, reserved 1114112K
  class space    used 6276K, committed 6400K, reserved 1048576K
}
Event: 4.914 GC heap after
{Heap after GC invocations=13 (full 0):
 garbage-first heap   total 319488K, used 73599K [0x0000000601000000, 0x0000000800000000)
  region size 4096K, 6 young (24576K), 6 survivors (24576K)
 Metaspace       used 54952K, committed 55232K, reserved 1114112K
  class space    used 6276K, committed 6400K, reserved 1048576K
}
Event: 6.301 GC heap before
{Heap before GC invocations=13 (full 0):
 garbage-first heap   total 319488K, used 155519K [0x0000000601000000, 0x0000000800000000)
  region size 4096K, 27 young (110592K), 6 survivors (24576K)
 Metaspace       used 60072K, committed 60288K, reserved 1114112K
  class space    used 6767K, committed 6848K, reserved 1048576K
}
Event: 6.328 GC heap after
{Heap after GC invocations=14 (full 0):
 garbage-first heap   total 319488K, used 87375K [0x0000000601000000, 0x0000000800000000)
  region size 4096K, 4 young (16384K), 4 survivors (16384K)
 Metaspace       used 60072K, committed 60288K, reserved 1114112K
  class space    used 6767K, committed 6848K, reserved 1048576K
}
Event: 7.728 GC heap before
{Heap before GC invocations=15 (full 0):
 garbage-first heap   total 319488K, used 206159K [0x0000000601000000, 0x0000000800000000)
  region size 4096K, 33 young (135168K), 4 survivors (16384K)
 Metaspace       used 63853K, committed 64128K, reserved 1114112K
  class space    used 7149K, committed 7296K, reserved 1048576K
}
Event: 7.742 GC heap after
{Heap after GC invocations=16 (full 0):
 garbage-first heap   total 319488K, used 99112K [0x0000000601000000, 0x0000000800000000)
  region size 4096K, 3 young (12288K), 3 survivors (12288K)
 Metaspace       used 63853K, committed 64128K, reserved 1114112K
  class space    used 7149K, committed 7296K, reserved 1048576K
}
Event: 7.792 GC heap before
{Heap before GC invocations=16 (full 0):
 garbage-first heap   total 319488K, used 103208K [0x0000000601000000, 0x0000000800000000)
  region size 4096K, 4 young (16384K), 3 survivors (12288K)
 Metaspace       used 63939K, committed 64192K, reserved 1114112K
  class space    used 7157K, committed 7296K, reserved 1048576K
}
Event: 7.827 GC heap after
{Heap after GC invocations=17 (full 0):
 garbage-first heap   total 319488K, used 98548K [0x0000000601000000, 0x0000000800000000)
  region size 4096K, 1 young (4096K), 1 survivors (4096K)
 Metaspace       used 63939K, committed 64192K, reserved 1114112K
  class space    used 7157K, committed 7296K, reserved 1048576K
}
Event: 9.528 GC heap before
{Heap before GC invocations=17 (full 0):
 garbage-first heap   total 319488K, used 221428K [0x0000000601000000, 0x0000000800000000)
  region size 4096K, 31 young (126976K), 1 survivors (4096K)
 Metaspace       used 66282K, committed 66688K, reserved 1114112K
  class space    used 7314K, committed 7552K, reserved 1048576K
}

Dll operation events (2 events):
Event: 0.005 Loaded shared library A:\Android Studio\jbr\bin\java.dll
Event: 0.628 Loaded shared library A:\Android Studio\jbr\bin\verify.dll

Deoptimization events (20 events):
Event: 9.330 Thread 0x0000015f16cbff10 DEOPT PACKING pc=0x0000015f238c60cc sp=0x00000014c4bee630
Event: 9.330 Thread 0x0000015f16cbff10 DEOPT UNPACKING pc=0x0000015f22f069a3 sp=0x00000014c4bee620 mode 2
Event: 9.333 Thread 0x0000015f16cbff10 Uncommon trap: trap_request=0xffffffde fr.pc=0x0000015f238c60cc relative=0x0000000000002e4c
Event: 9.333 Thread 0x0000015f16cbff10 Uncommon trap: reason=class_check action=maybe_recompile pc=0x0000015f238c60cc method=org.jetbrains.kotlin.types.ClassifierBasedTypeConstructor.equals(Ljava/lang/Object;)Z @ 30 c2
Event: 9.333 Thread 0x0000015f16cbff10 DEOPT PACKING pc=0x0000015f238c60cc sp=0x00000014c4bed640
Event: 9.333 Thread 0x0000015f16cbff10 DEOPT UNPACKING pc=0x0000015f22f069a3 sp=0x00000014c4bed630 mode 2
Event: 9.334 Thread 0x0000015f16cbff10 Uncommon trap: trap_request=0xffffffde fr.pc=0x0000015f238c60cc relative=0x0000000000002e4c
Event: 9.334 Thread 0x0000015f16cbff10 Uncommon trap: reason=class_check action=maybe_recompile pc=0x0000015f238c60cc method=org.jetbrains.kotlin.types.ClassifierBasedTypeConstructor.equals(Ljava/lang/Object;)Z @ 30 c2
Event: 9.334 Thread 0x0000015f16cbff10 DEOPT PACKING pc=0x0000015f238c60cc sp=0x00000014c4bee560
Event: 9.334 Thread 0x0000015f16cbff10 DEOPT UNPACKING pc=0x0000015f22f069a3 sp=0x00000014c4bee550 mode 2
Event: 9.365 Thread 0x0000015f16cbff10 Uncommon trap: trap_request=0xffffffde fr.pc=0x0000015f239c545c relative=0x00000000000013dc
Event: 9.365 Thread 0x0000015f16cbff10 Uncommon trap: reason=class_check action=maybe_recompile pc=0x0000015f239c545c method=org.jetbrains.kotlin.resolve.LazyExplicitImportScope.getContributedClassifier(Lorg/jetbrains/kotlin/name/Name;Lorg/jetbrains/kotlin/incremental/components/LookupLocation
Event: 9.365 Thread 0x0000015f16cbff10 DEOPT PACKING pc=0x0000015f239c545c sp=0x00000014c4bf9e20
Event: 9.365 Thread 0x0000015f16cbff10 DEOPT UNPACKING pc=0x0000015f22f069a3 sp=0x00000014c4bf9d68 mode 2
Event: 9.365 Thread 0x0000015f16cbff10 Uncommon trap: trap_request=0xffffffde fr.pc=0x0000015f239c545c relative=0x00000000000013dc
Event: 9.365 Thread 0x0000015f16cbff10 Uncommon trap: reason=class_check action=maybe_recompile pc=0x0000015f239c545c method=org.jetbrains.kotlin.resolve.LazyExplicitImportScope.getContributedClassifier(Lorg/jetbrains/kotlin/name/Name;Lorg/jetbrains/kotlin/incremental/components/LookupLocation
Event: 9.365 Thread 0x0000015f16cbff10 DEOPT PACKING pc=0x0000015f239c545c sp=0x00000014c4bf9fd0
Event: 9.365 Thread 0x0000015f16cbff10 DEOPT UNPACKING pc=0x0000015f22f069a3 sp=0x00000014c4bf9f18 mode 2
Event: 9.449 Thread 0x0000015f16cbff10 DEOPT PACKING pc=0x0000015f1bf62e09 sp=0x00000014c4bfd6d0
Event: 9.449 Thread 0x0000015f16cbff10 DEOPT UNPACKING pc=0x0000015f22f07143 sp=0x00000014c4bfcb90 mode 0

Classes unloaded (0 events):
No events

Classes redefined (0 events):
No events

Internal exceptions (20 events):
Event: 4.259 Thread 0x0000015f16cbff10 Implicit null exception at 0x0000015f23767ada to 0x0000015f23768454
Event: 4.260 Thread 0x0000015f16cbff10 Implicit null exception at 0x0000015f237b9460 to 0x0000015f237c04b0
Event: 4.304 Thread 0x0000015f16cbff10 Implicit null exception at 0x0000015f237e527c to 0x0000015f237e616c
Event: 4.309 Thread 0x0000015f16cbff10 Implicit null exception at 0x0000015f236b07d5 to 0x0000015f236b09d0
Event: 4.310 Thread 0x0000015f16cbff10 Implicit null exception at 0x0000015f2378fdae to 0x0000015f237901f0
Event: 4.346 Thread 0x0000015f16cbff10 Implicit null exception at 0x0000015f2378068e to 0x0000015f23780778
Event: 5.090 Thread 0x0000015f16cbff10 Implicit null exception at 0x0000015f237cdb17 to 0x0000015f237ce05f
Event: 5.194 Thread 0x0000015f16cbff10 Exception <a 'java/lang/NoSuchMethodError'{0x0000000612645528}: 'java.lang.Object java.lang.invoke.DirectMethodHandle$Holder.invokeInterface(java.lang.Object, java.lang.Object, java.lang.Object)'> (0x0000000612645528) 
thrown [s\src\hotspot\share\interpreter\linkResolver.cpp, line 771]
Event: 5.194 Thread 0x0000015f16cbff10 Exception <a 'java/lang/IncompatibleClassChangeError'{0x0000000612649690}: Found class java.lang.Object, but interface was expected> (0x0000000612649690) 
thrown [s\src\hotspot\share\interpreter\linkResolver.cpp, line 838]
Event: 5.206 Thread 0x0000015f16cbff10 Exception <a 'java/lang/NoSuchMethodError'{0x00000006126d7b40}: 'java.lang.Object java.lang.invoke.DirectMethodHandle$Holder.newInvokeSpecial(java.lang.Object, java.lang.Object, java.lang.Object, java.lang.Object, java.lang.Object, java.lang.Object, java.lang.Object)'> (0x00000006126d7b40) 
thrown [s\src\hotspot\share\interpreter\linkResolver.cpp, line 771]
Event: 5.206 Thread 0x0000015f16cbff10 Exception <a 'java/lang/NoSuchMethodError'{0x00000006126dcef0}: 'java.lang.Object java.lang.invoke.Invokers$Holder.linkToTargetMethod(java.lang.Object, java.lang.Object, java.lang.Object, java.lang.Object, java.lang.Object, java.lang.Object, java.lang.Object)'> (0x00000006126dcef0) 
thrown [s\src\hotspot\share\interpreter\linkResolver.cpp, line 771]
Event: 5.291 Thread 0x0000015f16cbff10 Implicit null exception at 0x0000015f234a62a0 to 0x0000015f234a641c
Event: 5.291 Thread 0x0000015f16cbff10 Implicit null exception at 0x0000015f23652e58 to 0x0000015f23652eee
Event: 5.293 Thread 0x0000015f16cbff10 Implicit null exception at 0x0000015f2348568f to 0x0000015f23485709
Event: 7.118 Thread 0x0000015f16cbff10 Exception <a 'java/lang/NoSuchMethodError'{0x00000006114c5078}: 'void java.lang.invoke.DirectMethodHandle$Holder.invokeInterface(java.lang.Object, java.lang.Object)'> (0x00000006114c5078) 
thrown [s\src\hotspot\share\interpreter\linkResolver.cpp, line 771]
Event: 7.145 Thread 0x0000015f16cbff10 Exception <a 'java/lang/IncompatibleClassChangeError'{0x00000006115bd2b0}: Found class java.lang.Object, but interface was expected> (0x00000006115bd2b0) 
thrown [s\src\hotspot\share\interpreter\linkResolver.cpp, line 838]
Event: 7.160 Thread 0x0000015f16cbff10 Implicit null exception at 0x0000015f236b3cf0 to 0x0000015f236b40e4
Event: 7.235 Thread 0x0000015f16cbff10 Exception <a 'java/lang/NoSuchMethodError'{0x000000061139ad30}: 'int java.lang.invoke.DirectMethodHandle$Holder.invokeStaticInit(java.lang.Object, int)'> (0x000000061139ad30) 
thrown [s\src\hotspot\share\interpreter\linkResolver.cpp, line 771]
Event: 7.692 Thread 0x0000015f16cbff10 Exception <a 'java/lang/NoSuchMethodError'{0x000000060c4136a0}: 'java.lang.Object java.lang.invoke.DirectMethodHandle$Holder.newInvokeSpecial(java.lang.Object, int, java.lang.Object, java.lang.Object)'> (0x000000060c4136a0) 
thrown [s\src\hotspot\share\interpreter\linkResolver.cpp, line 771]
Event: 9.285 Thread 0x0000015f16cbff10 Implicit null exception at 0x0000015f239be838 to 0x0000015f239c1074

VM Operations (20 events):
Event: 9.167 Executing VM operation: HandshakeAllThreads done
Event: 9.170 Executing VM operation: HandshakeAllThreads
Event: 9.170 Executing VM operation: HandshakeAllThreads done
Event: 9.190 Executing VM operation: ICBufferFull
Event: 9.190 Executing VM operation: ICBufferFull done
Event: 9.203 Executing VM operation: HandshakeAllThreads
Event: 9.203 Executing VM operation: HandshakeAllThreads done
Event: 9.203 Executing VM operation: HandshakeAllThreads
Event: 9.204 Executing VM operation: HandshakeAllThreads done
Event: 9.204 Executing VM operation: HandshakeAllThreads
Event: 9.204 Executing VM operation: HandshakeAllThreads done
Event: 9.219 Executing VM operation: HandshakeAllThreads
Event: 9.219 Executing VM operation: HandshakeAllThreads done
Event: 9.277 Executing VM operation: ICBufferFull
Event: 9.278 Executing VM operation: ICBufferFull done
Event: 9.335 Executing VM operation: ICBufferFull
Event: 9.335 Executing VM operation: ICBufferFull done
Event: 9.512 Executing VM operation: ICBufferFull
Event: 9.512 Executing VM operation: ICBufferFull done
Event: 9.528 Executing VM operation: G1CollectForAllocation

Events (20 events):
Event: 8.529 Thread 0x0000015f414127e0 flushing nmethod 0x0000015f1d37b890
Event: 8.529 Thread 0x0000015f414127e0 flushing nmethod 0x0000015f1d381210
Event: 8.529 Thread 0x0000015f414127e0 flushing nmethod 0x0000015f1d3c9b90
Event: 8.529 Thread 0x0000015f414127e0 flushing nmethod 0x0000015f1d3cc490
Event: 8.529 Thread 0x0000015f414127e0 flushing nmethod 0x0000015f1d3cca10
Event: 8.529 Thread 0x0000015f414127e0 flushing nmethod 0x0000015f1d3cd010
Event: 8.529 Thread 0x0000015f414127e0 flushing nmethod 0x0000015f1d3d8290
Event: 8.529 Thread 0x0000015f414127e0 flushing nmethod 0x0000015f1d409a10
Event: 8.529 Thread 0x0000015f414127e0 flushing nmethod 0x0000015f1d435d90
Event: 8.529 Thread 0x0000015f414127e0 flushing nmethod 0x0000015f1d437810
Event: 8.529 Thread 0x0000015f414127e0 flushing nmethod 0x0000015f1d440390
Event: 8.529 Thread 0x0000015f414127e0 flushing nmethod 0x0000015f1d4bfc10
Event: 8.529 Thread 0x0000015f414127e0 flushing nmethod 0x0000015f1d4c5810
Event: 8.530 Thread 0x0000015f414127e0 flushing nmethod 0x0000015f1d5bd790
Event: 8.530 Thread 0x0000015f414127e0 flushing nmethod 0x0000015f1d5c8210
Event: 9.210 Thread 0x0000015f414127e0 flushing nmethod 0x0000015f1bb2e090
Event: 9.215 Thread 0x0000015f414127e0 flushing nmethod 0x0000015f1c042090
Event: 9.226 Thread 0x0000015f414127e0 flushing nmethod 0x0000015f1c881410
Event: 9.231 Thread 0x0000015f414127e0 flushing nmethod 0x0000015f1d0bab90
Event: 9.233 Thread 0x0000015f414127e0 flushing nmethod 0x0000015f1d328f90


Dynamic libraries:
0x00007ff671710000 - 0x00007ff67171a000 	A:\Android Studio\jbr\bin\java.exe
0x00007ffdbe930000 - 0x00007ffdbeb28000 	C:\WINDOWS\SYSTEM32\ntdll.dll
0x00007ffdbe5a0000 - 0x00007ffdbe65d000 	C:\WINDOWS\System32\KERNEL32.DLL
0x00007ffdbc150000 - 0x00007ffdbc446000 	C:\WINDOWS\System32\KERNELBASE.dll
0x00007ffdbc620000 - 0x00007ffdbc720000 	C:\WINDOWS\System32\ucrtbase.dll
0x00007ffdaf4a0000 - 0x00007ffdaf4b7000 	A:\Android Studio\jbr\bin\jli.dll
0x00007ffd87a20000 - 0x00007ffd87a3b000 	A:\Android Studio\jbr\bin\VCRUNTIME140.dll
0x00007ffdbcd60000 - 0x00007ffdbcefe000 	C:\WINDOWS\System32\USER32.dll
0x00007ffdbc940000 - 0x00007ffdbc962000 	C:\WINDOWS\System32\win32u.dll
0x00007ffda7630000 - 0x00007ffda78ca000 	C:\WINDOWS\WinSxS\amd64_microsoft.windows.common-controls_6595b64144ccf1df_6.0.19041.3636_none_60b6a03d71f818d5\COMCTL32.dll
0x00007ffdbe730000 - 0x00007ffdbe75b000 	C:\WINDOWS\System32\GDI32.dll
0x00007ffdbc9f0000 - 0x00007ffdbca8e000 	C:\WINDOWS\System32\msvcrt.dll
0x00007ffdbc790000 - 0x00007ffdbc8a7000 	C:\WINDOWS\System32\gdi32full.dll
0x00007ffdbc550000 - 0x00007ffdbc5ed000 	C:\WINDOWS\System32\msvcp_win.dll
0x00007ffdbe8a0000 - 0x00007ffdbe8d2000 	C:\WINDOWS\System32\IMM32.DLL
0x00007ffdae5c0000 - 0x00007ffdae5cc000 	A:\Android Studio\jbr\bin\vcruntime140_1.dll
0x00007ffd49690000 - 0x00007ffd4971d000 	A:\Android Studio\jbr\bin\msvcp140.dll
0x00007ffd46400000 - 0x00007ffd47083000 	A:\Android Studio\jbr\bin\server\jvm.dll
0x00007ffdbd000000 - 0x00007ffdbd0b3000 	C:\WINDOWS\System32\ADVAPI32.dll
0x00007ffdbe770000 - 0x00007ffdbe80f000 	C:\WINDOWS\System32\sechost.dll
0x00007ffdbd7f0000 - 0x00007ffdbd916000 	C:\WINDOWS\System32\RPCRT4.dll
0x00007ffdbc5f0000 - 0x00007ffdbc617000 	C:\WINDOWS\System32\bcrypt.dll
0x00007ffdbb9b0000 - 0x00007ffdbb9fb000 	C:\WINDOWS\SYSTEM32\POWRPROF.dll
0x00007ffdb77a0000 - 0x00007ffdb77a9000 	C:\WINDOWS\SYSTEM32\WSOCK32.dll
0x00007ffdb9d30000 - 0x00007ffdb9d57000 	C:\WINDOWS\SYSTEM32\WINMM.dll
0x00007ffdbd780000 - 0x00007ffdbd7eb000 	C:\WINDOWS\System32\WS2_32.dll
0x00007ffdb9fa0000 - 0x00007ffdb9faa000 	C:\WINDOWS\SYSTEM32\VERSION.dll
0x00007ffdbb960000 - 0x00007ffdbb972000 	C:\WINDOWS\SYSTEM32\UMPDC.dll
0x00007ffdba880000 - 0x00007ffdba892000 	C:\WINDOWS\SYSTEM32\kernel.appcore.dll
0x00007ffdb9410000 - 0x00007ffdb941a000 	A:\Android Studio\jbr\bin\jimage.dll
0x00007ffdae940000 - 0x00007ffdaeb24000 	C:\WINDOWS\SYSTEM32\DBGHELP.DLL
0x00007ffda2240000 - 0x00007ffda2274000 	C:\WINDOWS\SYSTEM32\dbgcore.DLL
0x00007ffdbc8b0000 - 0x00007ffdbc932000 	C:\WINDOWS\System32\bcryptPrimitives.dll
0x00007ffdb51e0000 - 0x00007ffdb5205000 	A:\Android Studio\jbr\bin\java.dll
0x00007ffdb51c0000 - 0x00007ffdb51d8000 	A:\Android Studio\jbr\bin\zip.dll
0x00007ffdbdd90000 - 0x00007ffdbe4d5000 	C:\WINDOWS\System32\SHELL32.dll
0x00007ffdba0a0000 - 0x00007ffdba83c000 	C:\WINDOWS\SYSTEM32\windows.storage.dll
0x00007ffdbd9d0000 - 0x00007ffdbdd24000 	C:\WINDOWS\System32\combase.dll
0x00007ffdbba20000 - 0x00007ffdbba4e000 	C:\WINDOWS\SYSTEM32\Wldp.dll
0x00007ffdbe660000 - 0x00007ffdbe72d000 	C:\WINDOWS\System32\OLEAUT32.dll
0x00007ffdbd920000 - 0x00007ffdbd9cd000 	C:\WINDOWS\System32\SHCORE.dll
0x00007ffdbdd30000 - 0x00007ffdbdd85000 	C:\WINDOWS\System32\shlwapi.dll
0x00007ffdbbf20000 - 0x00007ffdbbf45000 	C:\WINDOWS\SYSTEM32\profapi.dll
0x00007ffdb37b0000 - 0x00007ffdb37c9000 	A:\Android Studio\jbr\bin\net.dll
0x00007ffdb6cb0000 - 0x00007ffdb6dba000 	C:\WINDOWS\SYSTEM32\WINHTTP.dll
0x00007ffdbb6b0000 - 0x00007ffdbb71a000 	C:\WINDOWS\system32\mswsock.dll
0x00007ffdb0a60000 - 0x00007ffdb0a76000 	A:\Android Studio\jbr\bin\nio.dll
0x00007ffdb51b0000 - 0x00007ffdb51c0000 	A:\Android Studio\jbr\bin\verify.dll

dbghelp: loaded successfully - version: 4.0.5 - missing functions: none
symbol engine: initialized successfully - sym options: 0x614 - pdb path: .;A:\Android Studio\jbr\bin;C:\WINDOWS\SYSTEM32;C:\WINDOWS\WinSxS\amd64_microsoft.windows.common-controls_6595b64144ccf1df_6.0.19041.3636_none_60b6a03d71f818d5;A:\Android Studio\jbr\bin\server

VM Arguments:
java_command: org.jetbrains.kotlin.cli.jvm.K2JVMCompiler @A:\Android Project\CoLink\app\build\20240314_8494152723984650706.compiler.options
java_class_path (initial): C:\Users\zaq86\.gradle\caches\modules-2\files-2.1\org.jetbrains.kotlin\kotlin-compiler-embeddable\1.9.22\9cd4dc7773cf2a99ecd961a88fbbc9a2da3fb5e1\kotlin-compiler-embeddable-1.9.22.jar;C:\Users\zaq86\.gradle\caches\modules-2\files-2.1\org.jetbrains.kotlin\kotlin-stdlib\1.9.22\d6c44cd08d8f3f9bece8101216dbe6553365c6e3\kotlin-stdlib-1.9.22.jar;C:\Users\zaq86\.gradle\caches\modules-2\files-2.1\org.jetbrains.kotlin\kotlin-script-runtime\1.9.22\f8139a46fc677ec9badc49ae954392f4f5e7e7c7\kotlin-script-runtime-1.9.22.jar;C:\Users\zaq86\.gradle\caches\modules-2\files-2.1\org.jetbrains.kotlin\kotlin-reflect\1.6.10\1cbe9c92c12a94eea200d23c2bbaedaf3daf5132\kotlin-reflect-1.6.10.jar;C:\Users\zaq86\.gradle\caches\modules-2\files-2.1\org.jetbrains.kotlin\kotlin-daemon-embeddable\1.9.22\20e2c5df715f3240c765cfc222530e2796542021\kotlin-daemon-embeddable-1.9.22.jar;C:\Users\zaq86\.gradle\caches\modules-2\files-2.1\org.jetbrains.intellij.deps\trove4j\1.0.20200330\3afb14d5f9ceb459d724e907a21145e8ff394f02\trove4j-1.0.20200330.jar;C:\Users\zaq86\.gradle\caches\modules-2\files-2.1\org.jetbrains\annotations\13.0\919f0dfe192fb4e063e7dacadee7f8bb9a2672a9\annotations-13.0.jar
Launcher Type: SUN_STANDARD

[Global flags]
     intx CICompilerCount                          = 4                                         {product} {ergonomic}
     uint ConcGCThreads                            = 3                                         {product} {ergonomic}
     uint G1ConcRefinementThreads                  = 10                                        {product} {ergonomic}
   size_t G1HeapRegionSize                         = 4194304                                   {product} {ergonomic}
    uintx GCDrainStackTargetSize                   = 64                                        {product} {ergonomic}
   size_t InitialHeapSize                          = 536870912                                 {product} {ergonomic}
   size_t MarkStackSize                            = 4194304                                   {product} {ergonomic}
   size_t MaxHeapSize                              = 8573157376                                {product} {ergonomic}
   size_t MaxNewSize                               = 5142216704                                {product} {ergonomic}
   size_t MinHeapDeltaBytes                        = 4194304                                   {product} {ergonomic}
   size_t MinHeapSize                              = 8388608                                   {product} {ergonomic}
    uintx NonNMethodCodeHeapSize                   = 5839372                                {pd product} {ergonomic}
    uintx NonProfiledCodeHeapSize                  = 122909434                              {pd product} {ergonomic}
    uintx ProfiledCodeHeapSize                     = 122909434                              {pd product} {ergonomic}
    uintx ReservedCodeCacheSize                    = 251658240                              {pd product} {ergonomic}
     bool SegmentedCodeCache                       = true                                      {product} {ergonomic}
   size_t SoftMaxHeapSize                          = 8573157376                             {manageable} {ergonomic}
     bool UseCompressedClassPointers               = true                           {product lp64_product} {ergonomic}
     bool UseCompressedOops                        = true                           {product lp64_product} {ergonomic}
     bool UseG1GC                                  = true                                      {product} {ergonomic}
     bool UseLargePagesIndividualAllocation        = false                                  {pd product} {ergonomic}

Logging:
Log output configuration:
 #0: stdout all=warning uptime,level,tags
 #1: stderr all=off uptime,level,tags

Environment Variables:
JAVA_HOME=C:\Program Files\Java\jdk-19
PATH=C:\Program Files\Google\Chrome\Application;C:\Program Files\Common Files\Oracle\Java\javapath;C:\WINDOWS\system32;C:\WINDOWS;C:\WINDOWS\System32\Wbem;C:\WINDOWS\System32\WindowsPowerShell\v1.0\;C:\WINDOWS\System32\OpenSSH\;C:\Program Files\Bandizip\;C:\Program Files (x86)\NVIDIA Corporation\PhysX\Common;C:\Program Files\NVIDIA Corporation\NVIDIA NvDLISR;C:\Program Files (x86)\GtkSharp\2.12\bin;C:\Program Files\dotnet\;C:\Program Files\gs\gs10.01.2\bin;C:\Program Files\Git\cmd;%JAVA_HOME%\bin;D:\kotlinc\bin;A:\Program Files\Java\jdk-15\bin;C:\Program Files\nodejs\;C:\Users\zaq86\AppData\Local\Programs\Python\Launcher\;C:\Users\zaq86\AppData\Local\Microsoft\WindowsApps;C:\Users\zaq86\AppData\Local\Programs\Microsoft VS Code\bin;C:\Users\zaq86\.dotnet\tools;C:\Users\zaq86\AppData\Local\afreeca;C:\Users\zaq86\AppData\Local\GitHubDesktop\bin;C:\Users\zaq86\AppData\Roaming\npm
USERNAME=zaq86
OS=Windows_NT
PROCESSOR_IDENTIFIER=AMD64 Family 23 Model 113 Stepping 0, AuthenticAMD
TMP=C:\Users\zaq86\AppData\Local\Temp
TEMP=C:\Users\zaq86\AppData\Local\Temp



Periodic native trim disabled

JNI global refs:
JNI global refs: 13, weak refs: 6

JNI global refs memory usage: 843, weak refs: 841

OOME stack traces (most recent first):
Classloader memory used:
Loader jdk.internal.loader.ClassLoaders$AppClassLoader                                 : 6774K
Loader bootstrap                                                                       : 1391K
Loader jdk.internal.reflect.DelegatingClassLoader                                      : 101451B
Loader java.net.URLClassLoader                                                         : 20796B


---------------  S Y S T E M  ---------------

OS:
 Windows 10 , 64 bit Build 19041 (10.0.19041.3636)
OS uptime: 7 days 23:10 hours

CPU: total 12 (initial active 12) (12 cores per cpu, 2 threads per core) family 23 model 113 stepping 0 microcode 0x0, cx8, cmov, fxsr, ht, mmx, 3dnowpref, sse, sse2, sse3, ssse3, sse4a, sse4.1, sse4.2, popcnt, lzcnt, tsc, tscinvbit, avx, avx2, aes, clmul, bmi1, bmi2, adx, sha, fma, vzeroupper, clflush, clflushopt
Processor Information for all 12 processors :
  Max Mhz: 3801, Current Mhz: 3801, Mhz Limit: 3801

Memory: 4k page, system-wide physical 32693M (7301M free)
TotalPageFile size 49077M (AvailPageFile size 149M)
current process WorkingSet (physical memory assigned to process): 530M, peak: 538M
current process commit charge ("private bytes"): 584M, peak: 787M

vm_info: OpenJDK 64-Bit Server VM (17.0.9+0--11185874) for windows-amd64 JRE (17.0.9+0--11185874), built on Dec  6 2023 18:57:44 by "androidbuild" with MS VC++ 16.10 / 16.11 (VS2019)

END.
